[14:54:45.593] Starting plan irradiation...
	Plan name: FLASH Cubeta
	Plan type: FLASH
	Expected slit time: 4.500000e-01
	Air depth at stage position Z=0: 4.60 cm
	Absolut shift from X to (0,0) well: [0.000 0.000 0.000]
	Current intensity: 0.000 nA (planned for 6.100 nA)

[14:54:49.443] Moving to: [0.000 -1.120 -5.400]
[14:54:51.258] Moving to: [0.000 -1.120 -5.400]
[14:54:54.263] Arrived at: [0.000 -1.120 -5.400]
[14:54:54.263] Deliver: 4 FLASH shots
[14:54:55.580] Finished.

[14:54:55.580] Moving to: [0.000 -2.250 -5.400]
[14:54:56.898] Arrived at: [0.000 -2.250 -5.400]
[14:54:56.899] Deliver: 12 FLASH shots
[14:55:00.847] Finished.

[14:55:00.847] Moving to: [0.000 -3.380 -5.400]
[14:55:02.172] Arrived at: [0.000 -3.380 -5.400]
[14:55:02.172] Deliver: 19 FLASH shots
[14:55:08.338] Finished.

[14:55:08.338] Moving to: [-1.120 0.000 -5.400]
[14:55:12.221] Arrived at: [-1.120 0.000 -5.400]
[14:55:12.221] Deliver: 2 FLASH shots
[14:55:12.884] Finished.

[14:55:12.885] Moving to: [-1.120 -1.120 -5.400]
[14:55:14.182] Arrived at: [-1.120 -1.120 -5.400]
[14:55:14.183] Deliver: 8 FLASH shots
[14:55:16.811] Finished.

[14:55:16.811] Moving to: [-1.120 -2.250 -5.400]
[14:55:18.126] Arrived at: [-1.120 -2.250 -5.400]
[14:55:18.126] Deliver: 15 FLASH shots
[14:55:23.012] Finished.

[14:55:23.012] Moving to: [-1.120 -3.380 -5.400]
[14:55:24.341] Arrived at: [-1.120 -3.380 -5.400]
[14:55:24.342] Deliver: 23 FLASH shots
[14:55:31.887] Finished.

[14:55:31.888] Plan irradiation finished.
