[19:17:13.842] Starting plan irradiation...
	Plan name: CONV Placa
	Plan type: CONV
	PepperPot code: PP2capas
	Air depth at stage position Z=0: 4.60 cm
	Absolut shift from X to (0,0) well: [0.000 0.000 0.000]
	Current intensity: 0.069 nA (planned for 0.076 nA)

[19:17:19.364] Moving to: [-1.200 -2.400 -5.400]
[19:17:21.923] Moving to: [-1.200 -2.400 -5.400]
[19:17:22.160] Arrived at: [-1.200 -2.400 -5.400]
[19:17:22.819] Open shutter for 0.875s
[19:17:23.725] Shutter closed.

[19:17:23.725] Moving to: [-1.200 -3.000 -5.400]
[19:17:24.698] Arrived at: [-1.200 -3.000 -5.400]
[19:17:25.353] Open shutter for 0.875s
[19:17:26.266] Shutter closed.

[19:17:26.267] Moving to: [-0.600 -3.000 -5.400]
[19:17:27.206] Arrived at: [-0.600 -3.000 -5.400]
[19:17:27.260] Open shutter for 0.875s
[19:17:28.189] Shutter closed.

[19:17:28.190] Moving to: [-0.600 -2.400 -5.400]
[19:17:29.155] Arrived at: [-0.600 -2.400 -5.400]
[19:17:29.815] Open shutter for 0.875s
[19:17:30.711] Shutter closed.

[19:17:30.711] Moving to: [-3.000 -0.600 -5.400]
[19:17:34.383] Arrived at: [-3.000 -0.600 -5.400]
[19:17:35.043] Open shutter for 1.751s
[19:17:36.820] Shutter closed.

[19:17:36.821] Moving to: [-3.000 -1.200 -5.400]
[19:17:37.776] Arrived at: [-3.000 -1.200 -5.400]
[19:17:38.442] Open shutter for 1.751s
[19:17:40.235] Shutter closed.

[19:17:40.235] Moving to: [-2.400 -1.200 -5.400]
[19:17:41.209] Arrived at: [-2.400 -1.200 -5.400]
[19:17:41.873] Open shutter for 1.751s
[19:17:43.670] Shutter closed.

[19:17:43.670] Moving to: [-2.400 -0.600 -5.400]
[19:17:44.632] Arrived at: [-2.400 -0.600 -5.400]
[19:17:45.301] Open shutter for 1.751s
[19:17:47.084] Shutter closed.

[19:17:47.084] Moving to: [-3.000 -2.400 -5.400]
[19:17:49.564] Arrived at: [-3.000 -2.400 -5.400]
[19:17:50.230] Open shutter for 3.502s
[19:17:53.764] Shutter closed.

[19:17:53.764] Moving to: [-3.000 -3.000 -5.400]
[19:17:54.717] Arrived at: [-3.000 -3.000 -5.400]
[19:17:55.376] Open shutter for 3.502s
[19:17:58.916] Shutter closed.

[19:17:58.917] Moving to: [-2.400 -3.000 -5.400]
[19:17:59.881] Arrived at: [-2.400 -3.000 -5.400]
[19:18:00.530] Open shutter for 3.502s
[19:18:04.071] Shutter closed.

[19:18:04.071] Moving to: [-2.400 -2.400 -5.400]
[19:18:05.033] Arrived at: [-2.400 -2.400 -5.400]
[19:18:05.694] Open shutter for 3.502s
[19:18:09.236] Shutter closed.

[19:18:09.236] Moving to: [-4.800 -0.600 -5.400]
[19:18:12.909] Arrived at: [-4.800 -0.600 -5.400]
[19:18:13.582] Open shutter for 7.003s
[19:18:20.620] Shutter closed.

[19:18:20.621] Moving to: [-4.800 -1.200 -5.400]
[19:18:21.585] Arrived at: [-4.800 -1.200 -5.400]
[19:18:22.256] Open shutter for 7.003s
[19:18:29.295] Shutter closed.

[19:18:29.295] Moving to: [-4.190 -1.200 -5.400]
[19:18:30.256] Arrived at: [-4.190 -1.200 -5.400]
[19:18:30.907] Open shutter for 7.003s
[19:18:37.958] Shutter closed.

[19:18:37.958] Moving to: [-4.190 -0.600 -5.400]
[19:18:38.907] Arrived at: [-4.190 -0.600 -5.400]
[19:18:39.564] Open shutter for 7.003s
[19:18:46.608] Shutter closed.

[19:18:46.609] Moving to: [-4.800 -2.400 -5.400]
[19:18:49.067] Arrived at: [-4.800 -2.400 -5.400]
[19:18:49.830] Open shutter for 10.505s
[19:19:00.371] Shutter closed.

[19:19:00.371] Moving to: [-4.800 -3.000 -5.400]
[19:19:01.335] Arrived at: [-4.800 -3.000 -5.400]
[19:19:02.101] Open shutter for 10.505s
[19:19:12.634] Shutter closed.

[19:19:12.635] Moving to: [-4.190 -3.000 -5.400]
[19:19:13.605] Arrived at: [-4.190 -3.000 -5.400]
[19:19:14.365] Open shutter for 10.505s
[19:19:24.900] Shutter closed.

[19:19:24.900] Moving to: [-4.190 -2.400 -5.400]
[19:19:25.861] Arrived at: [-4.190 -2.400 -5.400]
[19:19:26.614] Open shutter for 10.505s
[19:19:37.166] Shutter closed.

[19:19:37.167] Plan irradiation finished.
