[13:37:29.772] Starting plan irradiation...
	Plan name: Gelatina
	Plan comment: W18 para activar
	Plan type: CONV
	PepperPot code: 1
	Air depth at stage position Z=0: 0.00 cm
	Absolut shift from X to (0,0) well: [0.000 0.000 0.000]
	Current intensity: 0.080 nA (planned for 0.080 nA)

[13:37:45.712] Moving to: [-0.240 0.240 -3.000]
[13:37:48.861] Moving to: [-0.240 0.240 -3.000]
[13:37:49.099] Arrived at: [-0.240 0.240 -3.000]
[13:37:49.881] Open shutter for 14.334s
[13:38:04.283] Shutter closed.

[13:38:04.289] Moving to: [-0.240 -0.240 -3.000]
[13:38:05.138] Arrived at: [-0.240 -0.240 -3.000]
[13:38:05.920] Open shutter for 14.334s
[13:38:20.336] Shutter closed.

[13:38:20.336] Moving to: [0.240 -0.240 -3.000]
[13:38:21.180] Arrived at: [0.240 -0.240 -3.000]
[13:38:21.978] Open shutter for 14.334s
[13:38:36.377] Shutter closed.

[13:38:36.378] Moving to: [0.240 0.240 -3.000]
[13:38:37.193] Arrived at: [0.240 0.240 -3.000]
[13:38:37.976] Open shutter for 14.334s
[13:38:52.383] Shutter closed.

[13:38:52.383] Plan irradiation finished.
