[19:46:26.012] Starting plan irradiation...
	Plan name: CONV Placa
	Plan type: CONV
	PepperPot code: PP2capas
	Air depth at stage position Z=0: 4.60 cm
	Absolut shift from X to (0,0) well: [0.000 0.000 0.300]
	Current intensity: 0.072 nA (planned for 0.076 nA)

[19:46:30.650] Moving to: [-1.200 -2.400 -5.100]
[19:46:32.313] Moving to: [-1.200 -2.400 -5.100]
[19:46:32.560] Arrived at: [-1.200 -2.400 -5.100]
[19:46:33.218] Open shutter for 0.875s
[19:46:34.125] Shutter closed.

[19:46:34.125] Moving to: [-1.200 -3.000 -5.100]
[19:46:35.083] Arrived at: [-1.200 -3.000 -5.100]
[19:46:35.750] Open shutter for 0.875s
[19:46:36.649] Shutter closed.

[19:46:36.649] Moving to: [-0.600 -3.000 -5.100]
[19:46:37.639] Arrived at: [-0.600 -3.000 -5.100]
[19:46:38.295] Open shutter for 0.875s
[19:46:39.197] Shutter closed.

[19:46:39.197] Moving to: [-0.600 -2.400 -5.100]
[19:46:40.148] Arrived at: [-0.600 -2.400 -5.100]
[19:46:40.817] Open shutter for 0.875s
[19:46:41.714] Shutter closed.

[19:46:41.715] Moving to: [-3.000 -0.600 -5.100]
[19:46:45.367] Arrived at: [-3.000 -0.600 -5.100]
[19:46:46.019] Open shutter for 1.751s
[19:46:47.813] Shutter closed.

[19:46:47.813] Moving to: [-3.000 -1.200 -5.100]
[19:46:48.775] Arrived at: [-3.000 -1.200 -5.100]
[19:46:49.424] Open shutter for 1.751s
[19:46:51.217] Shutter closed.

[19:46:51.217] Moving to: [-2.400 -1.200 -5.100]
[19:46:52.178] Arrived at: [-2.400 -1.200 -5.100]
[19:46:52.833] Open shutter for 1.751s
[19:46:54.615] Shutter closed.

[19:46:54.615] Moving to: [-2.400 -0.600 -5.100]
[19:46:55.573] Arrived at: [-2.400 -0.600 -5.100]
[19:46:56.225] Open shutter for 1.751s
[19:46:58.004] Shutter closed.

[19:46:58.004] Moving to: [-3.000 -2.400 -5.100]
[19:47:00.465] Arrived at: [-3.000 -2.400 -5.100]
[19:47:01.114] Open shutter for 3.502s
[19:47:04.657] Shutter closed.

[19:47:04.657] Moving to: [-3.000 -3.000 -5.100]
[19:47:05.633] Arrived at: [-3.000 -3.000 -5.100]
[19:47:06.291] Open shutter for 3.502s
[19:47:09.841] Shutter closed.

[19:47:09.841] Moving to: [-2.400 -3.000 -5.100]
[19:47:10.796] Arrived at: [-2.400 -3.000 -5.100]
[19:47:11.471] Open shutter for 3.502s
[19:47:15.008] Shutter closed.

[19:47:15.008] Moving to: [-2.400 -2.400 -5.100]
[19:47:15.964] Arrived at: [-2.400 -2.400 -5.100]
[19:47:16.612] Open shutter for 3.502s
[19:47:20.159] Shutter closed.

[19:47:20.159] Moving to: [-4.800 -0.600 -5.100]
[19:47:23.823] Arrived at: [-4.800 -0.600 -5.100]
[19:47:24.473] Open shutter for 7.003s
[19:47:31.522] Shutter closed.

[19:47:31.522] Moving to: [-4.800 -1.200 -5.100]
[19:47:32.471] Arrived at: [-4.800 -1.200 -5.100]
[19:47:32.528] Open shutter for 7.003s
[19:47:39.584] Shutter closed.

[19:47:39.584] Moving to: [-4.190 -1.200 -5.100]
[19:47:40.550] Arrived at: [-4.190 -1.200 -5.100]
[19:47:41.199] Open shutter for 7.003s
[19:47:48.246] Shutter closed.

[19:47:48.246] Moving to: [-4.190 -0.600 -5.100]
[19:47:49.196] Arrived at: [-4.190 -0.600 -5.100]
[19:47:49.247] Open shutter for 7.003s
[19:47:56.308] Shutter closed.

[19:47:56.308] Moving to: [-4.800 -2.400 -5.100]
[19:47:58.762] Arrived at: [-4.800 -2.400 -5.100]
[19:47:58.827] Open shutter for 10.505s
[19:48:05.881] Shutter closed.

[19:48:05.881] Moving to: [-4.800 -3.000 -5.100]
[19:48:06.855] Arrived at: [-4.800 -3.000 -5.100]
[19:48:07.601] Open shutter for 10.505s
[19:48:18.141] Shutter closed.

[19:48:18.141] Moving to: [-4.190 -3.000 -5.100]
[19:48:19.108] Arrived at: [-4.190 -3.000 -5.100]
[19:48:19.866] Open shutter for 10.505s
[19:48:30.405] Shutter closed.

[19:48:30.405] Moving to: [-4.190 -2.400 -5.100]
[19:48:31.367] Arrived at: [-4.190 -2.400 -5.100]
[19:48:32.121] Open shutter for 10.505s
[19:48:42.652] Shutter closed.

[19:48:42.652] Plan irradiation finished.
