[13:35:50.138] Starting plan irradiation...
	Plan name: FLASH Placa 3 duplicados
	Plan type: FLASH
	Expected slit time: 4.500000e-01
	Air depth at stage position Z=0: 4.60 cm
	Absolut shift from X to (0,0) well: [0.000 0.000 0.000]
	Current intensity: 6.000 nA (planned for 6.100 nA)

[13:35:53.073] Moving to: [-1.200 -2.400 -5.400]
[13:35:59.229] Moving to: [-1.200 -2.400 -5.400]
[13:35:59.486] Arrived at: [-1.200 -2.400 -5.400]
[13:35:59.486] Deliver: 1 FLASH shots
[13:35:59.812] Finished.

[13:35:59.812] Moving to: [-1.200 -3.000 -5.400]
[13:36:00.770] Arrived at: [-1.200 -3.000 -5.400]
[13:36:00.771] Deliver: 1 FLASH shots
[13:36:01.095] Finished.

[13:36:01.095] Moving to: [-0.600 -3.000 -5.400]
[13:36:02.082] Arrived at: [-0.600 -3.000 -5.400]
[13:36:02.082] Deliver: 1 FLASH shots
[13:36:02.418] Finished.

[13:36:02.418] Moving to: [-0.600 -2.400 -5.400]
[13:36:03.389] Arrived at: [-0.600 -2.400 -5.400]
[13:36:03.389] Deliver: 1 FLASH shots
[13:36:03.714] Finished.

[13:36:03.715] Moving to: [-3.000 -0.600 -5.400]
[13:36:07.402] Arrived at: [-3.000 -0.600 -5.400]
[13:36:07.403] Deliver: 2 FLASH shots
[13:36:08.070] Finished.

[13:36:08.071] Moving to: [-3.000 -1.200 -5.400]
[13:36:09.019] Arrived at: [-3.000 -1.200 -5.400]
[13:36:09.019] Deliver: 2 FLASH shots
[13:36:09.668] Finished.

[13:36:09.668] Moving to: [-2.400 -1.200 -5.400]
[13:36:10.639] Arrived at: [-2.400 -1.200 -5.400]
[13:36:10.640] Deliver: 2 FLASH shots
[13:36:11.299] Finished.

[13:36:11.299] Moving to: [-2.400 -0.600 -5.400]
[13:36:12.276] Arrived at: [-2.400 -0.600 -5.400]
[13:36:12.276] Deliver: 2 FLASH shots
[13:36:12.934] Finished.

[13:36:12.935] Moving to: [-3.000 -2.400 -5.400]
[13:36:15.432] Arrived at: [-3.000 -2.400 -5.400]
[13:36:15.432] Deliver: 4 FLASH shots
[13:36:16.736] Finished.

[13:36:16.736] Moving to: [-3.000 -3.000 -5.400]
[13:36:17.707] Arrived at: [-3.000 -3.000 -5.400]
[13:36:17.708] Deliver: 4 FLASH shots
[13:36:19.004] Finished.

[13:36:19.005] Moving to: [-2.400 -3.000 -5.400]
[13:36:19.969] Arrived at: [-2.400 -3.000 -5.400]
[13:36:19.969] Deliver: 4 FLASH shots
[13:36:21.275] Finished.

[13:36:21.275] Moving to: [-2.400 -2.400 -5.400]
[13:36:22.243] Arrived at: [-2.400 -2.400 -5.400]
[13:36:22.243] Deliver: 4 FLASH shots
[13:36:23.568] Finished.

[13:36:23.569] Moving to: [-4.800 -0.600 -5.400]
[13:36:27.262] Arrived at: [-4.800 -0.600 -5.400]
[13:36:27.263] Deliver: 8 FLASH shots
[13:36:29.851] Finished.

[13:36:29.851] Moving to: [-4.800 -1.200 -5.400]
[13:36:30.810] Arrived at: [-4.800 -1.200 -5.400]
[13:36:30.810] Deliver: 8 FLASH shots
[13:36:33.438] Finished.

[13:36:33.438] Moving to: [-4.190 -1.200 -5.400]
[13:36:34.401] Arrived at: [-4.190 -1.200 -5.400]
[13:36:34.402] Deliver: 8 FLASH shots
[13:36:37.038] Finished.

[13:36:37.038] Moving to: [-4.190 -0.600 -5.400]
[13:36:38.019] Arrived at: [-4.190 -0.600 -5.400]
[13:36:38.020] Deliver: 8 FLASH shots
[13:36:40.638] Finished.

[13:36:40.638] Moving to: [-4.800 -2.400 -5.400]
[13:36:43.107] Arrived at: [-4.800 -2.400 -5.400]
[13:36:43.107] Deliver: 12 FLASH shots
[13:36:47.048] Finished.

[13:36:47.048] Moving to: [-4.800 -3.000 -5.400]
[13:36:48.026] Arrived at: [-4.800 -3.000 -5.400]
[13:36:48.026] Deliver: 12 FLASH shots
[13:36:51.949] Finished.

[13:36:51.949] Moving to: [-4.190 -3.000 -5.400]
[13:36:52.914] Arrived at: [-4.190 -3.000 -5.400]
[13:36:52.914] Deliver: 12 FLASH shots
[13:36:56.876] Finished.

[13:36:56.876] Moving to: [-4.190 -2.400 -5.400]
[13:36:57.819] Arrived at: [-4.190 -2.400 -5.400]
[13:36:57.819] Deliver: 12 FLASH shots
[13:37:01.707] Finished.

[13:37:01.707] Moving to: [-6.590 -2.400 -5.400]
[13:37:03.876] Arrived at: [-6.590 -2.400 -5.400]
[13:37:03.876] Deliver: 1 FLASH shots
[13:37:04.218] Finished.

[13:37:04.218] Moving to: [-6.590 -3.000 -5.400]
[13:37:05.178] Arrived at: [-6.590 -3.000 -5.400]
[13:37:05.178] Deliver: 1 FLASH shots
[13:37:05.502] Finished.

[13:37:05.503] Moving to: [-5.990 -3.000 -5.400]
[13:37:06.472] Arrived at: [-5.990 -3.000 -5.400]
[13:37:06.473] Deliver: 1 FLASH shots
[13:37:06.809] Finished.

[13:37:06.809] Moving to: [-5.990 -2.400 -5.400]
[13:37:07.771] Arrived at: [-5.990 -2.400 -5.400]
[13:37:07.771] Deliver: 1 FLASH shots
[13:37:08.086] Finished.

[13:37:08.087] Moving to: [-8.390 -0.600 -5.400]
[13:37:11.750] Arrived at: [-8.390 -0.600 -5.400]
[13:37:11.750] Deliver: 2 FLASH shots
[13:37:12.398] Finished.

[13:37:12.399] Moving to: [-8.390 -1.200 -5.400]
[13:37:13.380] Arrived at: [-8.390 -1.200 -5.400]
[13:37:13.381] Deliver: 2 FLASH shots
[13:37:14.031] Finished.

[13:37:14.032] Moving to: [-7.790 -1.200 -5.400]
[13:37:15.014] Arrived at: [-7.790 -1.200 -5.400]
[13:37:15.015] Deliver: 2 FLASH shots
[13:37:15.656] Finished.

[13:37:15.657] Moving to: [-7.790 -0.600 -5.400]
[13:37:16.623] Arrived at: [-7.790 -0.600 -5.400]
[13:37:16.624] Deliver: 2 FLASH shots
[13:37:17.281] Finished.

[13:37:17.282] Moving to: [-8.390 -2.400 -5.400]
[13:37:19.753] Arrived at: [-8.390 -2.400 -5.400]
[13:37:19.754] Deliver: 4 FLASH shots
[13:37:21.067] Finished.

[13:37:21.067] Moving to: [-8.390 -3.000 -5.400]
[13:37:22.037] Arrived at: [-8.390 -3.000 -5.400]
[13:37:22.038] Deliver: 4 FLASH shots
[13:37:23.364] Finished.

[13:37:23.365] Moving to: [-7.790 -3.000 -5.400]
[13:37:24.300] Arrived at: [-7.790 -3.000 -5.400]
[13:37:24.301] Deliver: 4 FLASH shots
[13:37:25.620] Finished.

[13:37:25.620] Moving to: [-7.790 -2.400 -5.400]
[13:37:26.608] Arrived at: [-7.790 -2.400 -5.400]
[13:37:26.608] Deliver: 4 FLASH shots
[13:37:27.922] Finished.

[13:37:27.922] Moving to: [-10.190 -0.600 -5.400]
[13:37:31.597] Arrived at: [-10.190 -0.600 -5.400]
[13:37:31.598] Deliver: 8 FLASH shots
[13:37:34.218] Finished.

[13:37:34.218] Moving to: [-10.190 -1.200 -5.400]
[13:37:35.193] Arrived at: [-10.190 -1.200 -5.400]
[13:37:35.194] Deliver: 8 FLASH shots
[13:37:37.814] Finished.

[13:37:37.814] Moving to: [-9.590 -1.200 -5.400]
[13:37:38.786] Arrived at: [-9.590 -1.200 -5.400]
[13:37:38.786] Deliver: 8 FLASH shots
[13:37:41.402] Finished.

[13:37:41.402] Moving to: [-9.590 -0.600 -5.400]
[13:37:42.362] Arrived at: [-9.590 -0.600 -5.400]
[13:37:42.363] Deliver: 8 FLASH shots
[13:37:44.974] Finished.

[13:37:44.974] Moving to: [-10.190 -2.400 -5.400]
[13:37:47.458] Arrived at: [-10.190 -2.400 -5.400]
[13:37:47.458] Deliver: 12 FLASH shots
[13:37:51.367] Finished.

[13:37:51.368] Moving to: [-10.190 -3.000 -5.400]
[13:37:52.350] Arrived at: [-10.190 -3.000 -5.400]
[13:37:52.350] Deliver: 12 FLASH shots
[13:37:56.264] Finished.

[13:37:56.264] Moving to: [-9.590 -3.000 -5.400]
[13:37:57.236] Arrived at: [-9.590 -3.000 -5.400]
[13:37:57.237] Deliver: 12 FLASH shots
[13:38:01.158] Finished.

[13:38:01.158] Moving to: [-9.590 -2.400 -5.400]
[13:38:02.128] Arrived at: [-9.590 -2.400 -5.400]
[13:38:02.128] Deliver: 12 FLASH shots
[13:38:06.063] Finished.

[13:38:06.063] Plan irradiation finished.
