[13:24:21.022] Starting plan irradiation...
	Plan name: Prueba para RC
	Plan comment: H10 con PBS
	Plan type: CONV
	PepperPot code: 1
	Air depth at stage position Z=0: 0.00 cm
	Absolut shift from X to (0,0) well: [0.000 0.000 0.000]
	Current intensity: 6.800 nA (planned for 10.000 nA)

[13:24:28.841] Moving to: [-0.120 0.120 0.000]
[13:24:29.809] Moving to: [-0.120 0.120 0.000]
[13:24:30.027] Arrived at: [-0.120 0.120 0.000]
[13:24:30.897] Open shutter for 10.000s
[13:24:40.976] Shutter closed.

[13:24:40.981] Moving to: [-0.120 0.000 0.000]
[13:24:41.538] Arrived at: [-0.120 0.000 0.000]
[13:24:42.093] Open shutter for 10.000s
[13:24:52.160] Shutter closed.

[13:24:52.160] Moving to: [-0.120 -0.120 0.000]
[13:24:52.733] Arrived at: [-0.120 -0.120 0.000]
[13:24:53.624] Open shutter for 10.000s
[13:25:03.692] Shutter closed.

[13:25:03.693] Moving to: [0.000 0.120 0.000]
[13:25:04.706] Arrived at: [0.000 0.120 0.000]
[13:25:05.597] Open shutter for 10.000s
[13:25:15.656] Shutter closed.

[13:25:15.656] Moving to: [0.000 0.000 0.000]
[13:25:16.231] Arrived at: [0.000 0.000 0.000]
[13:25:17.125] Open shutter for 10.000s
[13:25:27.206] Shutter closed.

[13:25:27.206] Moving to: [0.000 -0.120 0.000]
[13:25:27.786] Arrived at: [0.000 -0.120 0.000]
[13:25:28.659] Open shutter for 10.000s
[13:25:38.723] Shutter closed.

[13:25:38.723] Moving to: [0.120 0.120 0.000]
[13:25:39.750] Arrived at: [0.120 0.120 0.000]
[13:25:40.627] Open shutter for 10.000s
[13:25:50.701] Shutter closed.

[13:25:50.701] Moving to: [0.120 0.000 0.000]
[13:25:51.288] Arrived at: [0.120 0.000 0.000]
[13:25:52.172] Open shutter for 10.000s
[13:26:02.253] Shutter closed.

[13:26:02.254] Moving to: [0.120 -0.120 0.000]
[13:26:02.839] Arrived at: [0.120 -0.120 0.000]
[13:26:03.714] Open shutter for 10.000s
[13:26:13.773] Shutter closed.

[13:26:13.773] Plan irradiation finished.
