[10:59:02.305] Starting plan irradiation...
	Plan name: Plan de commissioning para CONV
	Plan comment: Prueba sin haz
	Plan type: CONV
	PepperPot code: 1
	Air depth at stage position Z=0: 0.00 cm
	Absolut shift from X to (0,0) well: [0.000 0.000 0.000]
	Current intensity: 0.000 nA (planned for 0.050 nA)

[10:59:08.801] Moving to: [0.600 1.900 0.000]
[10:59:14.022] Moving to: [0.600 1.900 0.000]
[10:59:14.539] Arrived at: [0.600 1.900 0.000]
[10:59:15.042] Open shutter for 0.200s
[10:59:15.305] Shutter closed.

[10:59:15.305] Moving to: [0.600 -0.100 -1.000]
[10:59:18.167] Arrived at: [0.600 -0.100 -1.000]
[10:59:18.646] Open shutter for 0.200s
[10:59:18.904] Shutter closed.

[10:59:18.905] Moving to: [0.600 -2.200 -2.000]
[10:59:21.851] Arrived at: [0.600 -2.200 -2.000]
[10:59:22.352] Open shutter for 0.200s
[10:59:22.626] Shutter closed.

[10:59:22.626] Moving to: [3.000 1.900 -3.000]
[10:59:28.862] Arrived at: [3.000 1.900 -3.000]
[10:59:29.353] Open shutter for 0.200s
[10:59:29.615] Shutter closed.

[10:59:29.615] Moving to: [3.000 -0.100 -4.000]
[10:59:32.522] Arrived at: [3.000 -0.100 -4.000]
[10:59:33.019] Open shutter for 0.200s
[10:59:33.287] Shutter closed.

[10:59:33.289] Moving to: [3.000 -2.200 -5.000]
[10:59:36.235] Arrived at: [3.000 -2.200 -5.000]
[10:59:36.752] Open shutter for 0.200s
[10:59:37.001] Shutter closed.

[10:59:37.001] Plan irradiation finished.
