[22:05:12.472] Starting plan irradiation...
	Plan name: Plan de commissioning para CONV
	Plan type: CONV
	PepperPot code: PP100
	Air depth at stage position Z=0: 4.40 cm
	Absolut shift from X to (0,0) well: [-4.944 -3.147 0.000]
	Current intensity: 0.000 nA (planned for 1.000 nA)

[22:05:15.649] Moving to: [-1.944 -1.147 0.000]
[22:05:28.493] Arrived at: [-1.944 -1.147 0.000]
[22:05:28.757] Open shutter for 1.000s
[22:05:29.791] Shutter closed.

[22:05:29.791] Moving to: [-1.944 -3.147 -1.500]
[22:05:33.210] Arrived at: [-1.944 -3.147 -1.500]
[22:05:33.269] Open shutter for 1.000s
[22:05:34.311] Shutter closed.

[22:05:34.311] Moving to: [-1.944 -5.146 -3.000]
[22:05:37.757] Arrived at: [-1.944 -5.146 -3.000]
[22:05:38.021] Open shutter for 1.000s
[22:05:39.055] Shutter closed.

[22:05:39.055] Moving to: [-3.944 -1.147 -4.500]
[22:05:45.226] Arrived at: [-3.944 -1.147 -4.500]
[22:05:45.490] Open shutter for 1.000s
[22:05:46.524] Shutter closed.

[22:05:46.524] Moving to: [-3.944 -3.147 -6.000]
[22:05:49.964] Arrived at: [-3.944 -3.147 -6.000]
[22:05:50.225] Open shutter for 1.000s
[22:05:51.262] Shutter closed.

[22:05:51.262] Moving to: [-3.944 -5.146 -7.500]
[22:05:54.683] Arrived at: [-3.944 -5.146 -7.500]
[22:05:54.950] Open shutter for 1.000s
[22:05:55.985] Shutter closed.

[22:05:55.985] Moving to: [-5.944 -1.147 0.000]
[22:06:06.152] Arrived at: [-5.944 -1.147 0.000]
[22:06:06.407] Open shutter for 3.000s
[22:06:09.437] Shutter closed.

[22:06:09.438] Moving to: [-5.944 -3.147 -1.500]
[22:06:12.895] Arrived at: [-5.944 -3.147 -1.500]
[22:06:13.153] Open shutter for 3.000s
[22:06:16.170] Shutter closed.

[22:06:16.170] Moving to: [-5.944 -5.146 -3.000]
[22:06:19.690] Arrived at: [-5.944 -5.146 -3.000]
[22:06:19.744] Open shutter for 3.000s
[22:06:22.770] Shutter closed.

[22:06:22.771] Moving to: [-7.944 -1.147 -4.500]
[22:06:29.002] Arrived at: [-7.944 -1.147 -4.500]
[22:06:29.259] Open shutter for 3.000s
[22:06:32.282] Shutter closed.

[22:06:32.282] Moving to: [-7.944 -3.147 -6.000]
[22:06:35.762] Arrived at: [-7.944 -3.147 -6.000]
[22:06:36.026] Open shutter for 3.000s
[22:06:39.055] Shutter closed.

[22:06:39.055] Moving to: [-7.944 -5.146 -7.500]
[22:06:42.546] Arrived at: [-7.944 -5.146 -7.500]
[22:06:42.807] Open shutter for 3.000s
[22:06:45.839] Shutter closed.

[22:06:45.839] Plan irradiation finished.
