[13:18:59.759] Starting plan irradiation...
	Plan name: FLASH Placa 3 duplicados
	Plan type: FLASH
	Expected slit time: 4.500000e-01
	Air depth at stage position Z=0: 4.60 cm
	Absolut shift from X to (0,0) well: [0.000 0.000 0.000]
	Current intensity: 6.100 nA (planned for 6.400 nA)

[13:19:03.047] Moving to: [-1.200 -2.400 -5.400]
[13:19:09.330] Moving to: [-1.200 -2.400 -5.400]
[13:19:09.579] Arrived at: [-1.200 -2.400 -5.400]
[13:19:09.580] Deliver: 1 FLASH shots
[13:19:09.920] Finished.

[13:19:09.921] Moving to: [-1.200 -3.000 -5.400]
[13:19:10.915] Arrived at: [-1.200 -3.000 -5.400]
[13:19:10.916] Deliver: 1 FLASH shots
[13:19:11.257] Finished.

[13:19:11.257] Moving to: [-0.600 -3.000 -5.400]
[13:19:12.254] Arrived at: [-0.600 -3.000 -5.400]
[13:19:12.255] Deliver: 1 FLASH shots
[13:19:12.576] Finished.

[13:19:12.576] Moving to: [-0.600 -2.400 -5.400]
[13:19:13.567] Arrived at: [-0.600 -2.400 -5.400]
[13:19:13.568] Deliver: 1 FLASH shots
[13:19:13.899] Finished.

[13:19:13.899] Moving to: [-3.000 -0.600 -5.400]
[13:19:17.584] Arrived at: [-3.000 -0.600 -5.400]
[13:19:17.585] Deliver: 2 FLASH shots
[13:19:18.246] Finished.

[13:19:18.246] Moving to: [-3.000 -1.200 -5.400]
[13:19:19.222] Arrived at: [-3.000 -1.200 -5.400]
[13:19:19.223] Deliver: 2 FLASH shots
[13:19:19.867] Finished.

[13:19:19.867] Moving to: [-2.400 -1.200 -5.400]
[13:19:20.866] Arrived at: [-2.400 -1.200 -5.400]
[13:19:20.867] Deliver: 2 FLASH shots
[13:19:21.510] Finished.

[13:19:21.511] Moving to: [-2.400 -0.600 -5.400]
[13:19:22.487] Arrived at: [-2.400 -0.600 -5.400]
[13:19:22.487] Deliver: 2 FLASH shots
[13:19:23.134] Finished.

[13:19:23.135] Moving to: [-3.000 -2.400 -5.400]
[13:19:25.625] Arrived at: [-3.000 -2.400 -5.400]
[13:19:25.625] Deliver: 4 FLASH shots
[13:19:26.930] Finished.

[13:19:26.930] Moving to: [-3.000 -3.000 -5.400]
[13:19:27.914] Arrived at: [-3.000 -3.000 -5.400]
[13:19:27.914] Deliver: 4 FLASH shots
[13:19:29.216] Finished.

[13:19:29.217] Moving to: [-2.400 -3.000 -5.400]
[13:19:30.192] Arrived at: [-2.400 -3.000 -5.400]
[13:19:30.192] Deliver: 4 FLASH shots
[13:19:31.485] Finished.

[13:19:31.485] Moving to: [-2.400 -2.400 -5.400]
[13:19:32.455] Arrived at: [-2.400 -2.400 -5.400]
[13:19:32.456] Deliver: 4 FLASH shots
[13:19:33.762] Finished.

[13:19:33.762] Moving to: [-4.800 -0.600 -5.400]
[13:19:37.456] Arrived at: [-4.800 -0.600 -5.400]
[13:19:37.456] Deliver: 7 FLASH shots
[13:19:39.735] Finished.

[13:19:39.736] Moving to: [-4.800 -1.200 -5.400]
[13:19:40.695] Arrived at: [-4.800 -1.200 -5.400]
[13:19:40.696] Deliver: 7 FLASH shots
[13:19:42.996] Finished.

[13:19:42.996] Moving to: [-4.190 -1.200 -5.400]
[13:19:43.982] Arrived at: [-4.190 -1.200 -5.400]
[13:19:43.982] Deliver: 7 FLASH shots
[13:19:46.271] Finished.

[13:19:46.272] Moving to: [-4.190 -0.600 -5.400]
[13:19:47.261] Arrived at: [-4.190 -0.600 -5.400]
[13:19:47.261] Deliver: 7 FLASH shots
[13:19:49.565] Finished.

[13:19:49.565] Moving to: [-4.800 -2.400 -5.400]
[13:19:52.047] Arrived at: [-4.800 -2.400 -5.400]
[13:19:52.047] Deliver: 11 FLASH shots
[13:19:55.609] Finished.

[13:19:55.609] Moving to: [-4.800 -3.000 -5.400]
[13:19:56.586] Arrived at: [-4.800 -3.000 -5.400]
[13:19:56.586] Deliver: 11 FLASH shots
[13:20:00.229] Finished.

[13:20:00.229] Moving to: [-4.190 -3.000 -5.400]
[13:20:01.224] Arrived at: [-4.190 -3.000 -5.400]
[13:20:01.225] Deliver: 11 FLASH shots
[13:20:04.782] Finished.

[13:20:04.782] Moving to: [-4.190 -2.400 -5.400]
[13:20:05.749] Arrived at: [-4.190 -2.400 -5.400]
[13:20:05.750] Deliver: 11 FLASH shots
[13:20:09.353] Finished.

[13:20:09.353] Moving to: [-6.590 -2.400 -5.400]
[13:20:11.539] Arrived at: [-6.590 -2.400 -5.400]
[13:20:11.539] Deliver: 1 FLASH shots
[13:20:11.872] Finished.

[13:20:11.872] Moving to: [-6.590 -3.000 -5.400]
[13:20:12.859] Arrived at: [-6.590 -3.000 -5.400]
[13:20:12.859] Deliver: 1 FLASH shots
[13:20:13.195] Finished.

[13:20:13.195] Moving to: [-5.990 -3.000 -5.400]
[13:20:14.191] Arrived at: [-5.990 -3.000 -5.400]
[13:20:14.191] Deliver: 1 FLASH shots
[13:20:14.522] Finished.

[13:20:14.523] Moving to: [-5.990 -2.400 -5.400]
[13:20:15.492] Arrived at: [-5.990 -2.400 -5.400]
[13:20:15.493] Deliver: 1 FLASH shots
[13:20:15.815] Finished.

[13:20:15.815] Moving to: [-8.390 -0.600 -5.400]
[13:20:19.534] Arrived at: [-8.390 -0.600 -5.400]
[13:20:19.535] Deliver: 2 FLASH shots
[13:20:20.203] Finished.

[13:20:20.203] Moving to: [-8.390 -1.200 -5.400]
[13:20:21.187] Arrived at: [-8.390 -1.200 -5.400]
[13:20:21.188] Deliver: 2 FLASH shots
[13:20:21.854] Finished.

[13:20:21.854] Moving to: [-7.790 -1.200 -5.400]
[13:20:22.815] Arrived at: [-7.790 -1.200 -5.400]
[13:20:22.815] Deliver: 2 FLASH shots
[13:20:23.470] Finished.

[13:20:23.470] Moving to: [-7.790 -0.600 -5.400]
[13:20:24.464] Arrived at: [-7.790 -0.600 -5.400]
[13:20:24.465] Deliver: 2 FLASH shots
[13:20:25.115] Finished.

[13:20:25.115] Moving to: [-8.390 -2.400 -5.400]
[13:20:27.621] Arrived at: [-8.390 -2.400 -5.400]
[13:20:27.622] Deliver: 4 FLASH shots
[13:20:28.926] Finished.

[13:20:28.927] Moving to: [-8.390 -3.000 -5.400]
[13:20:29.914] Arrived at: [-8.390 -3.000 -5.400]
[13:20:29.915] Deliver: 4 FLASH shots
[13:20:31.225] Finished.

[13:20:31.225] Moving to: [-7.790 -3.000 -5.400]
[13:20:32.203] Arrived at: [-7.790 -3.000 -5.400]
[13:20:32.203] Deliver: 4 FLASH shots
[13:20:33.515] Finished.

[13:20:33.515] Moving to: [-7.790 -2.400 -5.400]
[13:20:34.464] Arrived at: [-7.790 -2.400 -5.400]
[13:20:34.464] Deliver: 4 FLASH shots
[13:20:35.781] Finished.

[13:20:35.781] Moving to: [-10.190 -0.600 -5.400]
[13:20:39.479] Arrived at: [-10.190 -0.600 -5.400]
[13:20:39.480] Deliver: 7 FLASH shots
[13:20:41.773] Finished.

[13:20:41.773] Moving to: [-10.190 -1.200 -5.400]
[13:20:42.746] Arrived at: [-10.190 -1.200 -5.400]
[13:20:42.746] Deliver: 7 FLASH shots
[13:20:45.002] Finished.

[13:20:45.002] Moving to: [-9.590 -1.200 -5.400]
[13:20:45.983] Arrived at: [-9.590 -1.200 -5.400]
[13:20:45.984] Deliver: 7 FLASH shots
[13:20:48.261] Finished.

[13:20:48.262] Moving to: [-9.590 -0.600 -5.400]
[13:20:49.242] Arrived at: [-9.590 -0.600 -5.400]
[13:20:49.243] Deliver: 7 FLASH shots
[13:20:51.543] Finished.

[13:20:51.543] Moving to: [-10.190 -2.400 -5.400]
[13:20:54.029] Arrived at: [-10.190 -2.400 -5.400]
[13:20:54.029] Deliver: 11 FLASH shots
[13:20:57.620] Finished.

[13:20:57.621] Moving to: [-10.190 -3.000 -5.400]
[13:20:58.595] Arrived at: [-10.190 -3.000 -5.400]
[13:20:58.595] Deliver: 11 FLASH shots
[13:21:02.187] Finished.

[13:21:02.187] Moving to: [-9.590 -3.000 -5.400]
[13:21:03.158] Arrived at: [-9.590 -3.000 -5.400]
[13:21:03.159] Deliver: 11 FLASH shots
[13:21:06.749] Finished.

[13:21:06.749] Moving to: [-9.590 -2.400 -5.400]
[13:21:07.724] Arrived at: [-9.590 -2.400 -5.400]
[13:21:07.725] Deliver: 11 FLASH shots
[13:21:11.300] Finished.

[13:21:11.301] Plan irradiation finished.
