[11:20:31.250] Starting plan irradiation...
	Plan name: Prueba para RC
	Plan comment: Huevo H7 con PBS, shots de 5s
	Plan type: CONV
	PepperPot code: 1
	Air depth at stage position Z=0: 0.00 cm
	Absolut shift from X to (0,0) well: [0.000 0.000 0.000]
	Current intensity: 6.600 nA (planned for 10.000 nA)

[11:20:52.715] Moving to: [-0.120 0.120 0.000]
[11:20:53.643] Moving to: [-0.120 0.120 0.000]
[11:20:53.864] Arrived at: [-0.120 0.120 0.000]
[11:20:54.423] Open shutter for 5.000s
[11:20:54.517] Shutter closed.

[11:20:54.519] Moving to: [-0.120 0.000 0.000]
[11:20:55.105] Arrived at: [-0.120 0.000 0.000]
[11:20:55.889] Open shutter for 5.000s
[11:21:00.951] Shutter closed.

[11:21:00.951] Moving to: [-0.120 -0.120 0.000]
[11:21:01.513] Arrived at: [-0.120 -0.120 0.000]
[11:21:02.299] Open shutter for 5.000s
[11:21:07.362] Shutter closed.

[11:21:07.362] Moving to: [0.000 0.120 0.000]
[11:21:08.380] Arrived at: [0.000 0.120 0.000]
[11:21:09.173] Open shutter for 5.000s
[11:21:14.230] Shutter closed.

[11:21:14.230] Moving to: [0.000 0.000 0.000]
[11:21:14.803] Arrived at: [0.000 0.000 0.000]
[11:21:15.586] Open shutter for 5.000s
[11:21:20.643] Shutter closed.

[11:21:20.644] Moving to: [0.000 -0.120 0.000]
[11:21:21.218] Arrived at: [0.000 -0.120 0.000]
[11:21:22.008] Open shutter for 5.000s
[11:21:27.085] Shutter closed.

[11:21:27.086] Moving to: [0.120 0.120 0.000]
[11:21:28.096] Arrived at: [0.120 0.120 0.000]
[11:21:28.869] Open shutter for 5.000s
[11:21:33.929] Shutter closed.

[11:21:33.931] Moving to: [0.120 0.000 0.000]
[11:21:34.505] Arrived at: [0.120 0.000 0.000]
[11:21:35.287] Open shutter for 5.000s
[11:21:40.345] Shutter closed.

[11:21:40.346] Moving to: [0.120 -0.120 0.000]
[11:21:40.909] Arrived at: [0.120 -0.120 0.000]
[11:21:41.699] Open shutter for 5.000s
[11:21:47.294] Shutter closed.

[11:21:47.294] Plan irradiation finished.
