[19:36:02.198] Starting plan irradiation...
	Plan name: CONV Placa
	Plan type: CONV
	PepperPot code: PP2capas
	Air depth at stage position Z=0: 4.60 cm
	Absolut shift from X to (0,0) well: [0.000 0.000 0.000]
	Current intensity: 0.069 nA (planned for 0.076 nA)

[19:36:07.719] Moving to: [-1.200 -2.400 -5.400]
[19:36:09.155] Moving to: [-1.200 -2.400 -5.400]
[19:36:12.506] Arrived at: [-1.200 -2.400 -5.400]
[19:36:12.573] Open shutter for 0.875s
[19:36:23.123] Shutter closed.

[19:36:23.123] Moving to: [-1.200 -3.000 -5.400]
[19:36:24.086] Arrived at: [-1.200 -3.000 -5.400]
[19:36:24.742] Open shutter for 0.875s
[19:36:25.645] Shutter closed.

[19:36:25.645] Moving to: [-0.600 -3.000 -5.400]
[19:36:26.650] Arrived at: [-0.600 -3.000 -5.400]
[19:36:27.310] Open shutter for 0.875s
[19:36:28.223] Shutter closed.

[19:36:28.224] Moving to: [-0.600 -2.400 -5.400]
[19:36:29.216] Arrived at: [-0.600 -2.400 -5.400]
[19:36:29.866] Open shutter for 0.875s
[19:36:30.776] Shutter closed.

[19:36:30.777] Moving to: [-3.000 -0.600 -5.400]
[19:36:34.488] Arrived at: [-3.000 -0.600 -5.400]
[19:36:35.147] Open shutter for 1.751s
[19:36:36.942] Shutter closed.

[19:36:36.942] Moving to: [-3.000 -1.200 -5.400]
[19:36:37.936] Arrived at: [-3.000 -1.200 -5.400]
[19:36:38.604] Open shutter for 1.751s
[19:36:40.391] Shutter closed.

[19:36:40.391] Moving to: [-2.400 -1.200 -5.400]
[19:36:41.396] Arrived at: [-2.400 -1.200 -5.400]
[19:36:42.053] Open shutter for 1.751s
[19:36:43.838] Shutter closed.

[19:36:43.838] Moving to: [-2.400 -0.600 -5.400]
[19:36:44.839] Arrived at: [-2.400 -0.600 -5.400]
[19:36:45.489] Open shutter for 1.751s
[19:36:47.268] Shutter closed.

[19:36:47.269] Moving to: [-3.000 -2.400 -5.400]
[19:36:49.766] Arrived at: [-3.000 -2.400 -5.400]
[19:36:50.419] Open shutter for 3.502s
[19:36:53.953] Shutter closed.

[19:36:53.953] Moving to: [-3.000 -3.000 -5.400]
[19:36:54.935] Arrived at: [-3.000 -3.000 -5.400]
[19:36:55.590] Open shutter for 3.502s
[19:36:59.131] Shutter closed.

[19:36:59.132] Moving to: [-2.400 -3.000 -5.400]
[19:37:00.119] Arrived at: [-2.400 -3.000 -5.400]
[19:37:00.775] Open shutter for 3.502s
[19:37:04.317] Shutter closed.

[19:37:04.317] Moving to: [-2.400 -2.400 -5.400]
[19:37:05.688] Arrived at: [-2.400 -2.400 -5.400]
[19:37:06.356] Open shutter for 3.502s
[19:37:09.886] Shutter closed.

[19:37:09.887] Moving to: [-4.800 -0.600 -5.400]
[19:37:13.572] Arrived at: [-4.800 -0.600 -5.400]
[19:37:14.223] Open shutter for 7.003s
[19:37:21.261] Shutter closed.

[19:37:21.261] Moving to: [-4.800 -1.200 -5.400]
[19:37:22.244] Arrived at: [-4.800 -1.200 -5.400]
[19:37:22.899] Open shutter for 7.003s
[19:37:29.936] Shutter closed.

[19:37:29.936] Moving to: [-4.190 -1.200 -5.400]
[19:37:30.918] Arrived at: [-4.190 -1.200 -5.400]
[19:37:31.586] Open shutter for 7.003s
[19:37:38.625] Shutter closed.

[19:37:38.625] Moving to: [-4.190 -0.600 -5.400]
[19:37:39.610] Arrived at: [-4.190 -0.600 -5.400]
[19:37:40.275] Open shutter for 7.003s
[19:37:47.319] Shutter closed.

[19:37:47.319] Moving to: [-4.800 -2.400 -5.400]
[19:37:49.837] Arrived at: [-4.800 -2.400 -5.400]
[19:37:50.593] Open shutter for 10.505s
[19:38:01.147] Shutter closed.

[19:38:01.148] Moving to: [-4.800 -3.000 -5.400]
[19:38:02.135] Arrived at: [-4.800 -3.000 -5.400]
[19:38:02.897] Open shutter for 10.505s
[19:38:13.437] Shutter closed.

[19:38:13.437] Moving to: [-4.190 -3.000 -5.400]
[19:38:14.431] Arrived at: [-4.190 -3.000 -5.400]
[19:38:15.190] Open shutter for 10.505s
[19:38:25.730] Shutter closed.

[19:38:25.730] Moving to: [-4.190 -2.400 -5.400]
[19:38:26.717] Arrived at: [-4.190 -2.400 -5.400]
[19:38:27.487] Open shutter for 10.505s
[19:38:38.036] Shutter closed.

[19:38:38.036] Plan irradiation finished.
