[10:27:39.488] Starting plan irradiation...
	Plan name: Plan de commissioning para FLASH
	Plan type: FLASH
	Expected slit time: 4.500000e-01
	Air depth at stage position Z=0: 4.40 cm
	Absolut shift from X to (0,0) well: [-4.944 -3.147 0.000]
	Current intensity: 0.000 nA (planned for 8.000 nA)

[10:27:41.822] Moving to: [-1.944 -1.147 0.000]
[10:27:48.403] Moving to: [-1.944 -1.147 0.000]
[10:27:48.897] Arrived at: [-1.944 -1.147 0.000]
[10:27:48.898] Deliver: 1 FLASH shots
[10:27:49.245] Finished.

[10:27:49.246] Moving to: [-1.944 -3.147 -1.500]
[10:27:52.686] Arrived at: [-1.944 -3.147 -1.500]
[10:27:52.686] Deliver: 1 FLASH shots
[10:27:53.007] Finished.

[10:27:53.008] Moving to: [-1.944 -5.146 -3.000]
[10:27:56.439] Arrived at: [-1.944 -5.146 -3.000]
[10:27:56.439] Deliver: 1 FLASH shots
[10:27:56.766] Finished.

[10:27:56.767] Moving to: [-3.944 -1.147 -4.500]
[10:28:02.940] Arrived at: [-3.944 -1.147 -4.500]
[10:28:02.940] Deliver: 1 FLASH shots
[10:28:03.267] Finished.

[10:28:03.271] Moving to: [-3.944 -3.147 -6.000]
[10:28:06.724] Arrived at: [-3.944 -3.147 -6.000]
[10:28:06.725] Deliver: 1 FLASH shots
[10:28:07.062] Finished.

[10:28:07.065] Moving to: [-3.944 -5.146 -7.500]
[10:28:10.521] Arrived at: [-3.944 -5.146 -7.500]
[10:28:10.522] Deliver: 1 FLASH shots
[10:28:10.849] Finished.

[10:28:10.850] Moving to: [-5.944 -1.147 0.000]
[10:28:21.048] Arrived at: [-5.944 -1.147 0.000]
[10:28:21.049] Deliver: 4 FLASH shots
[10:28:22.367] Finished.

[10:28:22.368] Moving to: [-5.944 -3.147 -1.500]
[10:28:25.805] Arrived at: [-5.944 -3.147 -1.500]
[10:28:25.805] Deliver: 4 FLASH shots
[10:28:27.103] Finished.

[10:28:27.103] Moving to: [-5.944 -5.146 -3.000]
[10:28:30.565] Arrived at: [-5.944 -5.146 -3.000]
[10:28:30.566] Deliver: 4 FLASH shots
[10:28:31.877] Finished.

[10:28:31.877] Moving to: [-7.944 -1.147 -4.500]
