[18:21:58.012] Starting plan irradiation...
	Plan name: Prueba para RC
	Plan comment: Prueba movimiento
	Plan type: CONV
	PepperPot code: 1
	Air depth at stage position Z=0: 0.00 cm
	Absolut shift from X to (0,0) well: [0.000 0.000 0.000]
	Current intensity: 0.000 nA (planned for 7.000 nA)

[18:22:04.677] Moving to: [-0.060 0.060 0.000]
[18:22:05.242] Moving to: [-0.060 0.060 0.000]
[18:22:05.459] Arrived at: [-0.060 0.060 0.000]
[18:22:06.455] Open shutter for 0.500s
[18:22:07.021] Shutter closed.

[18:22:07.022] Moving to: [-0.060 -0.060 0.000]
[18:22:07.618] Arrived at: [-0.060 -0.060 0.000]
[18:22:08.596] Open shutter for 0.500s
[18:22:09.158] Shutter closed.

[18:22:09.159] Moving to: [0.060 -0.060 0.000]
[18:22:09.741] Arrived at: [0.060 -0.060 0.000]
[18:22:10.721] Open shutter for 0.500s
[18:22:11.283] Shutter closed.

[18:22:11.284] Moving to: [0.060 0.060 0.000]
[18:22:11.874] Arrived at: [0.060 0.060 0.000]
[18:22:12.858] Open shutter for 0.500s
[18:22:13.431] Shutter closed.

[18:22:13.432] Moving to: [-3.660 0.060 0.000]
[18:22:16.426] Arrived at: [-3.660 0.060 0.000]
[18:22:17.407] Open shutter for 0.500s
[18:22:17.968] Shutter closed.

[18:22:17.969] Moving to: [-3.660 -0.060 0.000]
[18:22:18.546] Arrived at: [-3.660 -0.060 0.000]
[18:22:19.515] Open shutter for 0.500s
[18:22:20.076] Shutter closed.

[18:22:20.077] Moving to: [-3.540 -0.060 0.000]
[18:22:20.665] Arrived at: [-3.540 -0.060 0.000]
[18:22:21.650] Open shutter for 0.500s
[18:22:22.213] Shutter closed.

[18:22:22.214] Moving to: [-3.540 0.060 0.000]
[18:22:22.793] Arrived at: [-3.540 0.060 0.000]
[18:22:23.771] Open shutter for 0.500s
[18:22:24.331] Shutter closed.

[18:22:24.332] Plan irradiation finished.
