[13:47:21.289] Starting plan irradiation...
	Plan name: FLASH Placa 3 duplicados
	Plan type: FLASH
	Expected slit time: 4.500000e-01
	Air depth at stage position Z=0: 4.60 cm
	Absolut shift from X to (0,0) well: [0.000 0.000 0.000]
	Current intensity: 6.100 nA (planned for 6.100 nA)

[13:47:29.245] Moving to: [-1.200 -2.400 -5.400]
[13:47:35.421] Moving to: [-1.200 -2.400 -5.400]
[13:47:35.666] Arrived at: [-1.200 -2.400 -5.400]
[13:47:35.667] Deliver: 1 FLASH shots
[13:47:35.993] Finished.

[13:47:35.993] Moving to: [-1.200 -3.000 -5.400]
[13:47:36.970] Arrived at: [-1.200 -3.000 -5.400]
[13:47:36.971] Deliver: 1 FLASH shots
[13:47:37.309] Finished.

[13:47:37.309] Moving to: [-0.600 -3.000 -5.400]
[13:47:38.257] Arrived at: [-0.600 -3.000 -5.400]
[13:47:38.257] Deliver: 1 FLASH shots
[13:47:38.595] Finished.

[13:47:38.596] Moving to: [-0.600 -2.400 -5.400]
[13:47:39.553] Arrived at: [-0.600 -2.400 -5.400]
[13:47:39.553] Deliver: 1 FLASH shots
[13:47:39.881] Finished.

[13:47:39.882] Moving to: [-3.000 -0.600 -5.400]
[13:47:43.559] Arrived at: [-3.000 -0.600 -5.400]
[13:47:43.560] Deliver: 2 FLASH shots
[13:47:44.207] Finished.

[13:47:44.207] Moving to: [-3.000 -1.200 -5.400]
[13:47:45.173] Arrived at: [-3.000 -1.200 -5.400]
[13:47:45.174] Deliver: 2 FLASH shots
[13:47:45.834] Finished.

[13:47:45.834] Moving to: [-2.400 -1.200 -5.400]
[13:47:46.810] Arrived at: [-2.400 -1.200 -5.400]
[13:47:46.810] Deliver: 2 FLASH shots
[13:47:47.454] Finished.

[13:47:47.454] Moving to: [-2.400 -0.600 -5.400]
[13:47:48.417] Arrived at: [-2.400 -0.600 -5.400]
[13:47:48.418] Deliver: 2 FLASH shots
[13:47:49.078] Finished.

[13:47:49.078] Moving to: [-3.000 -2.400 -5.400]
[13:47:51.569] Arrived at: [-3.000 -2.400 -5.400]
[13:47:51.569] Deliver: 4 FLASH shots
[13:47:52.870] Finished.

[13:47:52.870] Moving to: [-3.000 -3.000 -5.400]
[13:47:53.839] Arrived at: [-3.000 -3.000 -5.400]
[13:47:53.839] Deliver: 4 FLASH shots
[13:47:55.161] Finished.

[13:47:55.162] Moving to: [-2.400 -3.000 -5.400]
[13:47:56.132] Arrived at: [-2.400 -3.000 -5.400]
[13:47:56.133] Deliver: 4 FLASH shots
[13:47:57.427] Finished.

[13:47:57.427] Moving to: [-2.400 -2.400 -5.400]
[13:47:58.390] Arrived at: [-2.400 -2.400 -5.400]
[13:47:58.390] Deliver: 4 FLASH shots
[13:47:59.689] Finished.

[13:47:59.689] Moving to: [-4.800 -0.600 -5.400]
[13:48:03.360] Arrived at: [-4.800 -0.600 -5.400]
[13:48:03.361] Deliver: 8 FLASH shots
[13:48:05.974] Finished.

[13:48:05.974] Moving to: [-4.800 -1.200 -5.400]
[13:48:06.932] Arrived at: [-4.800 -1.200 -5.400]
[13:48:06.933] Deliver: 8 FLASH shots
[13:48:09.548] Finished.

[13:48:09.548] Moving to: [-4.190 -1.200 -5.400]
[13:48:10.515] Arrived at: [-4.190 -1.200 -5.400]
[13:48:10.515] Deliver: 8 FLASH shots
[13:48:13.122] Finished.

[13:48:13.123] Moving to: [-4.190 -0.600 -5.400]
[13:48:14.104] Arrived at: [-4.190 -0.600 -5.400]
[13:48:14.105] Deliver: 8 FLASH shots
[13:48:16.757] Finished.

[13:48:16.757] Moving to: [-4.800 -2.400 -5.400]
[13:48:19.246] Arrived at: [-4.800 -2.400 -5.400]
[13:48:19.247] Deliver: 12 FLASH shots
[13:48:23.207] Finished.

[13:48:23.207] Moving to: [-4.800 -3.000 -5.400]
[13:48:24.175] Arrived at: [-4.800 -3.000 -5.400]
[13:48:24.175] Deliver: 12 FLASH shots
[13:48:28.084] Finished.

[13:48:28.084] Moving to: [-4.190 -3.000 -5.400]
[13:48:29.070] Arrived at: [-4.190 -3.000 -5.400]
[13:48:29.071] Deliver: 12 FLASH shots
[13:48:32.988] Finished.

[13:48:32.989] Moving to: [-4.190 -2.400 -5.400]
[13:48:33.937] Arrived at: [-4.190 -2.400 -5.400]
[13:48:33.937] Deliver: 12 FLASH shots
[13:48:37.895] Finished.

[13:48:37.895] Moving to: [-6.590 -2.400 -5.400]
[13:48:40.061] Arrived at: [-6.590 -2.400 -5.400]
[13:48:40.061] Deliver: 1 FLASH shots
[13:48:40.392] Finished.

[13:48:40.392] Moving to: [-6.590 -3.000 -5.400]
[13:48:41.356] Arrived at: [-6.590 -3.000 -5.400]
[13:48:41.357] Deliver: 1 FLASH shots
[13:48:41.679] Finished.

[13:48:41.680] Moving to: [-5.990 -3.000 -5.400]
[13:48:42.623] Arrived at: [-5.990 -3.000 -5.400]
[13:48:42.624] Deliver: 1 FLASH shots
[13:48:42.965] Finished.

[13:48:42.966] Moving to: [-5.990 -2.400 -5.400]
[13:48:43.937] Arrived at: [-5.990 -2.400 -5.400]
[13:48:43.938] Deliver: 1 FLASH shots
[13:48:44.265] Finished.

[13:48:44.266] Moving to: [-8.390 -0.600 -5.400]
[13:48:47.952] Arrived at: [-8.390 -0.600 -5.400]
[13:48:47.952] Deliver: 2 FLASH shots
[13:48:48.589] Finished.

[13:48:48.589] Moving to: [-8.390 -1.200 -5.400]
[13:48:49.550] Arrived at: [-8.390 -1.200 -5.400]
[13:48:49.551] Deliver: 2 FLASH shots
[13:48:50.207] Finished.

[13:48:50.208] Moving to: [-7.790 -1.200 -5.400]
[13:48:51.183] Arrived at: [-7.790 -1.200 -5.400]
[13:48:51.184] Deliver: 2 FLASH shots
[13:48:51.832] Finished.

[13:48:51.832] Moving to: [-7.790 -0.600 -5.400]
[13:48:52.796] Arrived at: [-7.790 -0.600 -5.400]
[13:48:52.796] Deliver: 2 FLASH shots
[13:48:53.451] Finished.

[13:48:53.451] Moving to: [-8.390 -2.400 -5.400]
[13:48:55.939] Arrived at: [-8.390 -2.400 -5.400]
[13:48:55.939] Deliver: 4 FLASH shots
[13:48:57.265] Finished.

[13:48:57.265] Moving to: [-8.390 -3.000 -5.400]
[13:48:58.232] Arrived at: [-8.390 -3.000 -5.400]
[13:48:58.233] Deliver: 4 FLASH shots
[13:48:59.555] Finished.

[13:48:59.555] Moving to: [-7.790 -3.000 -5.400]
[13:49:00.509] Arrived at: [-7.790 -3.000 -5.400]
[13:49:00.509] Deliver: 4 FLASH shots
[13:49:01.817] Finished.

[13:49:01.818] Moving to: [-7.790 -2.400 -5.400]
[13:49:02.784] Arrived at: [-7.790 -2.400 -5.400]
[13:49:02.784] Deliver: 4 FLASH shots
[13:49:04.098] Finished.

[13:49:04.098] Moving to: [-10.190 -0.600 -5.400]
[13:49:07.785] Arrived at: [-10.190 -0.600 -5.400]
[13:49:07.786] Deliver: 8 FLASH shots
[13:49:10.398] Finished.

[13:49:10.399] Moving to: [-10.190 -1.200 -5.400]
[13:49:11.367] Arrived at: [-10.190 -1.200 -5.400]
[13:49:11.367] Deliver: 8 FLASH shots
[13:49:13.991] Finished.

[13:49:13.991] Moving to: [-9.590 -1.200 -5.400]
[13:49:14.942] Arrived at: [-9.590 -1.200 -5.400]
[13:49:14.943] Deliver: 8 FLASH shots
[13:49:17.594] Finished.

[13:49:17.595] Moving to: [-9.590 -0.600 -5.400]
[13:49:18.551] Arrived at: [-9.590 -0.600 -5.400]
[13:49:18.551] Deliver: 8 FLASH shots
[13:49:21.175] Finished.

[13:49:21.175] Moving to: [-10.190 -2.400 -5.400]
[13:49:23.640] Arrived at: [-10.190 -2.400 -5.400]
[13:49:23.641] Deliver: 12 FLASH shots
[13:49:27.581] Finished.

[13:49:27.582] Moving to: [-10.190 -3.000 -5.400]
[13:49:28.552] Arrived at: [-10.190 -3.000 -5.400]
[13:49:28.552] Deliver: 12 FLASH shots
[13:49:32.459] Finished.

[13:49:32.459] Moving to: [-9.590 -3.000 -5.400]
[13:49:33.428] Arrived at: [-9.590 -3.000 -5.400]
[13:49:33.429] Deliver: 12 FLASH shots
[13:49:37.352] Finished.

[13:49:37.352] Moving to: [-9.590 -2.400 -5.400]
[13:49:38.313] Arrived at: [-9.590 -2.400 -5.400]
[13:49:38.313] Deliver: 12 FLASH shots
[13:49:42.239] Finished.

[13:49:42.239] Plan irradiation finished.
