[11:01:42.841] Starting plan irradiation...
	Plan name: Plan de commissioning para CONV
	Plan comment: Hola
	Plan type: CONV
	PepperPot code: 1
	Air depth at stage position Z=0: 0.00 cm
	Absolut shift from X to (0,0) well: [0.000 0.000 0.000]
	Current intensity: 0.000 nA (planned for 0.050 nA)

[11:01:54.706] Moving to: [0.600 1.900 0.000]
[11:02:03.626] Moving to: [0.600 1.900 0.000]
[11:02:04.513] Arrived at: [0.600 1.900 0.000]
[11:02:04.997] Open shutter for 0.200s
[11:02:05.255] Shutter closed.

[11:02:05.255] Moving to: [0.600 -0.100 -1.000]
[11:02:08.059] Arrived at: [0.600 -0.100 -1.000]
[11:02:08.556] Open shutter for 0.200s
[11:02:08.821] Shutter closed.

[11:02:08.822] Moving to: [0.600 -2.200 -2.000]
[11:02:11.701] Arrived at: [0.600 -2.200 -2.000]
[11:02:12.192] Open shutter for 0.200s
[11:02:12.450] Shutter closed.

[11:02:12.450] Moving to: [3.000 1.900 -3.000]
[11:02:18.532] Arrived at: [3.000 1.900 -3.000]
[11:02:19.016] Open shutter for 0.200s
[11:02:19.282] Shutter closed.

[11:02:19.283] Moving to: [3.000 -0.100 -4.000]
[11:02:22.102] Arrived at: [3.000 -0.100 -4.000]
[11:02:22.574] Open shutter for 0.200s
[11:02:22.844] Shutter closed.

[11:02:22.844] Moving to: [3.000 -2.200 -5.000]
[11:02:25.727] Arrived at: [3.000 -2.200 -5.000]
[11:02:26.212] Open shutter for 0.200s
[11:02:26.470] Shutter closed.

[11:02:26.470] Plan irradiation finished.
