[13:03:12.885] Starting plan irradiation...
	Plan name: Plan de commissioning para CONV
	Plan type: CONV
	PepperPot code: PP2capas
	Air depth at stage position Z=0: 5.50 cm
	Absolut shift from X to (0,0) well: [-4.944 -3.147 0.000]
	Current intensity: 0.000 nA (planned for 0.050 nA)

[13:03:15.117] Moving to: [-1.944 -1.147 0.000]
[13:03:27.589] Arrived at: [-1.944 -1.147 0.000]
[13:03:27.836] Open shutter for 5.000s
[13:03:32.864] Shutter closed.

[13:03:32.864] Moving to: [-1.944 -3.147 -1.500]
[13:03:36.331] Arrived at: [-1.944 -3.147 -1.500]
[13:03:36.588] Open shutter for 5.000s
[13:03:41.631] Shutter closed.

[13:03:41.632] Moving to: [-1.944 -5.146 -3.000]
[13:03:45.100] Arrived at: [-1.944 -5.146 -3.000]
[13:03:45.368] Open shutter for 5.000s
[13:03:50.399] Shutter closed.

[13:03:50.399] Moving to: [-3.944 -1.147 -4.500]
[13:03:56.590] Arrived at: [-3.944 -1.147 -4.500]
[13:03:56.837] Open shutter for 5.000s
[13:04:01.881] Shutter closed.

[13:04:01.882] Moving to: [-3.944 -3.147 -6.000]
[13:04:05.340] Arrived at: [-3.944 -3.147 -6.000]
[13:04:05.600] Open shutter for 5.000s
[13:04:10.628] Shutter closed.

[13:04:10.628] Moving to: [-3.944 -5.146 -7.500]
[13:04:14.097] Arrived at: [-3.944 -5.146 -7.500]
[13:04:14.353] Open shutter for 5.000s
[13:04:19.392] Shutter closed.

[13:04:19.392] Moving to: [-5.944 -1.147 0.000]
[13:04:29.593] Arrived at: [-5.944 -1.147 0.000]
[13:04:29.959] Open shutter for 20.000s
[13:04:50.015] Shutter closed.

[13:04:50.015] Moving to: [-5.944 -3.147 -1.500]
[13:04:53.457] Arrived at: [-5.944 -3.147 -1.500]
[13:04:53.823] Open shutter for 20.000s
[13:05:13.867] Shutter closed.

[13:05:13.867] Moving to: [-5.944 -5.146 -3.000]
[13:05:17.332] Arrived at: [-5.944 -5.146 -3.000]
[13:05:17.685] Open shutter for 20.000s
[13:05:37.732] Shutter closed.

[13:05:37.732] Moving to: [-7.944 -1.147 -4.500]
[13:05:43.899] Arrived at: [-7.944 -1.147 -4.500]
[13:05:44.260] Open shutter for 20.000s
[13:06:04.309] Shutter closed.

[13:06:04.309] Moving to: [-7.944 -3.147 -6.000]
[13:06:07.776] Arrived at: [-7.944 -3.147 -6.000]
[13:06:08.129] Open shutter for 20.000s
[13:06:28.175] Shutter closed.

[13:06:28.175] Moving to: [-7.944 -5.146 -7.500]
[13:06:33.834] Arrived at: [-7.944 -5.146 -7.500]
[13:06:34.206] Open shutter for 20.000s
[13:06:54.245] Shutter closed.

[13:06:54.245] Plan irradiation finished.
