[12:12:32.376] Starting plan irradiation...
	Plan name: Plan de calibración
	Plan type: CONV
	PepperPot code: 1
	Air depth at stage position Z=0: 4.40 cm
	Absolut shift from X to (0,0) well: [0.000 0.000 0.000]
	Current intensity: 0.000 nA (planned for 0.050 nA)

[12:12:34.588] Moving to: [-1.360 -1.360 -5.600]
[12:12:37.553] Arrived at: [-1.360 -1.360 -5.600]
[12:12:38.110] Open shutter for 0.030s
[12:12:38.175] Shutter closed.

[12:12:38.176] Moving to: [-1.360 -0.900 -5.600]
[12:12:39.271] Arrived at: [-1.360 -0.900 -5.600]
[12:12:39.823] Open shutter for 0.030s
[12:12:39.886] Shutter closed.

[12:12:39.887] Moving to: [-1.360 -0.430 -5.600]
[12:12:41.005] Arrived at: [-1.360 -0.430 -5.600]
[12:12:41.556] Open shutter for 0.030s
[12:12:41.604] Shutter closed.

[12:12:41.605] Moving to: [-0.900 -0.430 -5.600]
[12:12:42.720] Arrived at: [-0.900 -0.430 -5.600]
[12:12:43.277] Open shutter for 0.030s
[12:12:43.339] Shutter closed.

[12:12:43.340] Moving to: [-0.900 -0.900 -5.600]
[12:12:44.461] Arrived at: [-0.900 -0.900 -5.600]
[12:12:45.108] Open shutter for 0.027s
[12:12:45.149] Shutter closed.

[12:12:45.150] Moving to: [-0.900 -1.360 -5.600]
[12:12:46.248] Arrived at: [-0.900 -1.360 -5.600]
[12:12:46.811] Open shutter for 0.030s
[12:12:46.862] Shutter closed.

[12:12:46.862] Moving to: [-0.430 -1.360 -5.600]
[12:12:47.988] Arrived at: [-0.430 -1.360 -5.600]
[12:12:48.553] Open shutter for 0.030s
[12:12:48.618] Shutter closed.

[12:12:48.619] Moving to: [-0.430 -0.900 -5.600]
[12:12:49.697] Arrived at: [-0.430 -0.900 -5.600]
[12:12:50.257] Open shutter for 0.030s
[12:12:50.323] Shutter closed.

[12:12:50.324] Moving to: [-0.430 -0.430 -5.600]
[12:12:51.453] Arrived at: [-0.430 -0.430 -5.600]
[12:12:52.011] Open shutter for 0.030s
[12:12:52.076] Shutter closed.

[12:12:52.076] Moving to: [-1.360 -4.060 -5.600]
[12:12:56.211] Arrived at: [-1.360 -4.060 -5.600]
[12:12:56.872] Open shutter for 0.152s
[12:12:57.052] Shutter closed.

[12:12:57.052] Moving to: [-1.360 -3.600 -5.600]
[12:12:58.156] Arrived at: [-1.360 -3.600 -5.600]
[12:12:58.827] Open shutter for 0.152s
[12:12:59.007] Shutter closed.

[12:12:59.007] Moving to: [-1.360 -3.130 -5.600]
[12:13:00.121] Arrived at: [-1.360 -3.130 -5.600]
[12:13:00.777] Open shutter for 0.152s
[12:13:00.964] Shutter closed.

[12:13:00.965] Moving to: [-0.900 -3.130 -5.600]
[12:13:02.075] Arrived at: [-0.900 -3.130 -5.600]
[12:13:02.740] Open shutter for 0.152s
[12:13:02.919] Shutter closed.

[12:13:02.919] Moving to: [-0.900 -3.600 -5.600]
[12:13:04.032] Arrived at: [-0.900 -3.600 -5.600]
[12:13:04.696] Open shutter for 0.136s
[12:13:04.859] Shutter closed.

[12:13:04.860] Moving to: [-0.900 -4.060 -5.600]
[12:13:05.966] Arrived at: [-0.900 -4.060 -5.600]
[12:13:06.619] Open shutter for 0.152s
[12:13:06.810] Shutter closed.

[12:13:06.811] Moving to: [-0.430 -4.060 -5.600]
[12:13:08.189] Arrived at: [-0.430 -4.060 -5.600]
[12:13:08.843] Open shutter for 0.152s
[12:13:09.023] Shutter closed.

[12:13:09.024] Moving to: [-0.430 -3.600 -5.600]
[12:13:10.131] Arrived at: [-0.430 -3.600 -5.600]
[12:13:10.797] Open shutter for 0.152s
[12:13:10.976] Shutter closed.

[12:13:10.976] Moving to: [-0.430 -3.130 -5.600]
[12:13:12.074] Arrived at: [-0.430 -3.130 -5.600]
[12:13:12.742] Open shutter for 0.152s
[12:13:12.926] Shutter closed.

[12:13:12.926] Moving to: [-1.360 -6.760 -5.600]
[12:13:17.083] Arrived at: [-1.360 -6.760 -5.600]
[12:13:17.743] Open shutter for 0.273s
[12:13:18.055] Shutter closed.

[12:13:18.056] Moving to: [-1.360 -6.290 -5.600]
[12:13:19.181] Arrived at: [-1.360 -6.290 -5.600]
[12:13:19.840] Open shutter for 0.273s
[12:13:20.154] Shutter closed.

[12:13:20.154] Moving to: [-1.360 -5.830 -5.600]
[12:13:21.253] Arrived at: [-1.360 -5.830 -5.600]
[12:13:21.920] Open shutter for 0.273s
[12:13:22.232] Shutter closed.

[12:13:22.232] Moving to: [-0.900 -5.830 -5.600]
[12:13:23.352] Arrived at: [-0.900 -5.830 -5.600]
[12:13:24.006] Open shutter for 0.273s
[12:13:24.303] Shutter closed.

[12:13:24.304] Moving to: [-0.900 -6.290 -5.600]
[12:13:25.439] Arrived at: [-0.900 -6.290 -5.600]
[12:13:26.090] Open shutter for 0.246s
[12:13:26.364] Shutter closed.

[12:13:26.365] Moving to: [-0.900 -6.760 -5.600]
[12:13:27.490] Arrived at: [-0.900 -6.760 -5.600]
[12:13:28.147] Open shutter for 0.273s
[12:13:28.437] Shutter closed.

[12:13:28.437] Moving to: [-0.430 -6.760 -5.600]
[12:13:29.560] Arrived at: [-0.430 -6.760 -5.600]
[12:13:30.210] Open shutter for 0.273s
[12:13:30.515] Shutter closed.

[12:13:30.515] Moving to: [-0.430 -6.290 -5.600]
[12:13:31.606] Arrived at: [-0.430 -6.290 -5.600]
[12:13:32.261] Open shutter for 0.273s
[12:13:32.555] Shutter closed.

[12:13:32.556] Moving to: [-0.430 -5.830 -5.600]
[12:13:33.667] Arrived at: [-0.430 -5.830 -5.600]
[12:13:34.321] Open shutter for 0.273s
[12:13:34.620] Shutter closed.

[12:13:34.621] Moving to: [-4.060 -1.360 -5.600]
[12:13:41.116] Arrived at: [-4.060 -1.360 -5.600]
[12:13:41.784] Open shutter for 0.061s
[12:13:41.864] Shutter closed.

[12:13:41.864] Moving to: [-4.060 -0.900 -5.600]
[12:13:43.233] Arrived at: [-4.060 -0.900 -5.600]
[12:13:43.900] Open shutter for 0.061s
[12:13:43.989] Shutter closed.

[12:13:43.990] Moving to: [-4.060 -0.430 -5.600]
[12:13:45.355] Arrived at: [-4.060 -0.430 -5.600]
[12:13:46.025] Open shutter for 0.061s
[12:13:46.114] Shutter closed.

[12:13:46.115] Moving to: [-3.600 -0.430 -5.600]
[12:13:47.215] Arrived at: [-3.600 -0.430 -5.600]
[12:13:47.866] Open shutter for 0.061s
[12:13:47.954] Shutter closed.

[12:13:47.955] Moving to: [-3.600 -0.900 -5.600]
[12:13:49.061] Arrived at: [-3.600 -0.900 -5.600]
[12:13:49.726] Open shutter for 0.055s
[12:13:49.811] Shutter closed.

[12:13:49.812] Moving to: [-3.600 -1.360 -5.600]
[12:13:50.923] Arrived at: [-3.600 -1.360 -5.600]
[12:13:51.569] Open shutter for 0.061s
[12:13:51.658] Shutter closed.

[12:13:51.658] Moving to: [-3.130 -1.360 -5.600]
[12:13:52.774] Arrived at: [-3.130 -1.360 -5.600]
[12:13:53.436] Open shutter for 0.061s
[12:13:53.524] Shutter closed.

[12:13:53.524] Moving to: [-3.130 -0.900 -5.600]
[12:13:54.609] Arrived at: [-3.130 -0.900 -5.600]
[12:13:55.258] Open shutter for 0.061s
[12:13:55.361] Shutter closed.

[12:13:55.362] Moving to: [-3.130 -0.430 -5.600]
[12:13:56.444] Arrived at: [-3.130 -0.430 -5.600]
[12:13:57.098] Open shutter for 0.061s
[12:13:57.185] Shutter closed.

[12:13:57.185] Moving to: [-4.060 -4.060 -5.600]
[12:14:01.326] Arrived at: [-4.060 -4.060 -5.600]
[12:14:01.981] Open shutter for 0.182s
[12:14:02.191] Shutter closed.

[12:14:02.191] Moving to: [-4.060 -3.600 -5.600]
[12:14:03.535] Arrived at: [-4.060 -3.600 -5.600]
[12:14:04.201] Open shutter for 0.182s
[12:14:04.409] Shutter closed.

[12:14:04.409] Moving to: [-4.060 -3.130 -5.600]
[12:14:05.767] Arrived at: [-4.060 -3.130 -5.600]
[12:14:06.434] Open shutter for 0.182s
[12:14:06.633] Shutter closed.

[12:14:06.634] Moving to: [-3.600 -3.130 -5.600]
[12:14:07.748] Arrived at: [-3.600 -3.130 -5.600]
[12:14:07.798] Open shutter for 0.182s
[12:14:08.016] Shutter closed.

[12:14:08.016] Moving to: [-3.600 -3.600 -5.600]
[12:14:09.155] Arrived at: [-3.600 -3.600 -5.600]
[12:14:09.814] Open shutter for 0.164s
[12:14:09.995] Shutter closed.

[12:14:09.995] Moving to: [-3.600 -4.060 -5.600]
[12:14:11.097] Arrived at: [-3.600 -4.060 -5.600]
[12:14:11.754] Open shutter for 0.182s
[12:14:11.964] Shutter closed.

[12:14:11.964] Moving to: [-3.130 -4.060 -5.600]
[12:14:13.305] Arrived at: [-3.130 -4.060 -5.600]
[12:14:13.951] Open shutter for 0.182s
[12:14:14.148] Shutter closed.

[12:14:14.149] Moving to: [-3.130 -3.600 -5.600]
[12:14:15.286] Arrived at: [-3.130 -3.600 -5.600]
[12:14:15.953] Open shutter for 0.182s
[12:14:16.160] Shutter closed.

[12:14:16.161] Moving to: [-3.130 -3.130 -5.600]
[12:14:17.284] Arrived at: [-3.130 -3.130 -5.600]
[12:14:17.942] Open shutter for 0.182s
[12:14:18.151] Shutter closed.

[12:14:18.151] Moving to: [-4.060 -6.760 -5.600]
[12:14:22.321] Arrived at: [-4.060 -6.760 -5.600]
[12:14:22.982] Open shutter for 0.303s
[12:14:23.302] Shutter closed.

[12:14:23.302] Moving to: [-4.060 -6.290 -5.600]
[12:14:24.664] Arrived at: [-4.060 -6.290 -5.600]
[12:14:25.319] Open shutter for 0.303s
[12:14:25.658] Shutter closed.

[12:14:25.659] Moving to: [-4.060 -5.830 -5.600]
[12:14:27.028] Arrived at: [-4.060 -5.830 -5.600]
[12:14:27.697] Open shutter for 0.303s
[12:14:28.023] Shutter closed.

[12:14:28.024] Moving to: [-3.600 -5.830 -5.600]
[12:14:29.126] Arrived at: [-3.600 -5.830 -5.600]
[12:14:29.780] Open shutter for 0.303s
[12:14:30.115] Shutter closed.

[12:14:30.115] Moving to: [-3.600 -6.290 -5.600]
[12:14:31.232] Arrived at: [-3.600 -6.290 -5.600]
[12:14:31.890] Open shutter for 0.273s
[12:14:32.191] Shutter closed.

[12:14:32.192] Moving to: [-3.600 -6.760 -5.600]
[12:14:33.319] Arrived at: [-3.600 -6.760 -5.600]
[12:14:33.978] Open shutter for 0.303s
[12:14:34.317] Shutter closed.

[12:14:34.317] Moving to: [-3.130 -6.760 -5.600]
[12:14:35.427] Arrived at: [-3.130 -6.760 -5.600]
[12:14:36.090] Open shutter for 0.303s
[12:14:36.429] Shutter closed.

[12:14:36.430] Moving to: [-3.130 -6.290 -5.600]
[12:14:37.545] Arrived at: [-3.130 -6.290 -5.600]
[12:14:38.196] Open shutter for 0.303s
[12:14:38.537] Shutter closed.

[12:14:38.537] Moving to: [-3.130 -5.830 -5.600]
[12:14:39.656] Arrived at: [-3.130 -5.830 -5.600]
[12:14:40.313] Open shutter for 0.303s
[12:14:40.654] Shutter closed.

[12:14:40.655] Moving to: [-6.760 -1.360 -5.600]
[12:14:47.139] Arrived at: [-6.760 -1.360 -5.600]
[12:14:47.805] Open shutter for 0.091s
[12:14:47.922] Shutter closed.

[12:14:47.922] Moving to: [-6.760 -0.900 -5.600]
[12:14:49.030] Arrived at: [-6.760 -0.900 -5.600]
[12:14:49.689] Open shutter for 0.091s
[12:14:49.818] Shutter closed.

[12:14:49.819] Moving to: [-6.760 -0.430 -5.600]
[12:14:50.925] Arrived at: [-6.760 -0.430 -5.600]
[12:14:50.979] Open shutter for 0.091s
[12:14:51.112] Shutter closed.

[12:14:51.112] Moving to: [-6.290 -0.430 -5.600]
[12:14:52.227] Arrived at: [-6.290 -0.430 -5.600]
[12:14:52.887] Open shutter for 0.091s
[12:14:53.001] Shutter closed.

[12:14:53.002] Moving to: [-6.290 -0.900 -5.600]
[12:14:54.116] Arrived at: [-6.290 -0.900 -5.600]
[12:14:54.786] Open shutter for 0.082s
[12:14:54.901] Shutter closed.

[12:14:54.902] Moving to: [-6.290 -1.360 -5.600]
[12:14:55.993] Arrived at: [-6.290 -1.360 -5.600]
[12:14:56.659] Open shutter for 0.091s
[12:14:56.775] Shutter closed.

[12:14:56.776] Moving to: [-5.830 -1.360 -5.600]
[12:14:57.875] Arrived at: [-5.830 -1.360 -5.600]
[12:14:57.923] Open shutter for 0.091s
[12:14:58.054] Shutter closed.

[12:14:58.054] Moving to: [-5.830 -0.900 -5.600]
[12:14:59.152] Arrived at: [-5.830 -0.900 -5.600]
[12:14:59.820] Open shutter for 0.091s
[12:14:59.934] Shutter closed.

[12:14:59.934] Moving to: [-5.830 -0.430 -5.600]
[12:15:01.047] Arrived at: [-5.830 -0.430 -5.600]
[12:15:01.711] Open shutter for 0.091s
[12:15:01.831] Shutter closed.

[12:15:01.832] Moving to: [-6.760 -4.060 -5.600]
[12:15:05.970] Arrived at: [-6.760 -4.060 -5.600]
[12:15:06.618] Open shutter for 0.212s
[12:15:06.855] Shutter closed.

[12:15:06.855] Moving to: [-6.760 -3.600 -5.600]
[12:15:07.951] Arrived at: [-6.760 -3.600 -5.600]
[12:15:07.997] Open shutter for 0.212s
[12:15:08.272] Shutter closed.

[12:15:08.273] Moving to: [-6.760 -3.130 -5.600]
[12:15:09.386] Arrived at: [-6.760 -3.130 -5.600]
[12:15:10.052] Open shutter for 0.212s
[12:15:10.300] Shutter closed.

[12:15:10.300] Moving to: [-6.290 -3.130 -5.600]
[12:15:11.421] Arrived at: [-6.290 -3.130 -5.600]
[12:15:11.476] Open shutter for 0.212s
[12:15:11.746] Shutter closed.

[12:15:11.746] Moving to: [-6.290 -3.600 -5.600]
[12:15:12.858] Arrived at: [-6.290 -3.600 -5.600]
[12:15:13.522] Open shutter for 0.191s
[12:15:13.741] Shutter closed.

[12:15:13.742] Moving to: [-6.290 -4.060 -5.600]
[12:15:14.841] Arrived at: [-6.290 -4.060 -5.600]
[12:15:15.490] Open shutter for 0.212s
[12:15:15.725] Shutter closed.

[12:15:15.725] Moving to: [-5.830 -4.060 -5.600]
[12:15:17.094] Arrived at: [-5.830 -4.060 -5.600]
[12:15:17.763] Open shutter for 0.212s
[12:15:18.006] Shutter closed.

[12:15:18.007] Moving to: [-5.830 -3.600 -5.600]
[12:15:19.118] Arrived at: [-5.830 -3.600 -5.600]
[12:15:19.779] Open shutter for 0.212s
[12:15:20.005] Shutter closed.

[12:15:20.005] Moving to: [-5.830 -3.130 -5.600]
[12:15:21.118] Arrived at: [-5.830 -3.130 -5.600]
[12:15:21.769] Open shutter for 0.212s
[12:15:22.021] Shutter closed.

[12:15:22.021] Moving to: [-6.760 -6.760 -5.600]
[12:15:26.180] Arrived at: [-6.760 -6.760 -5.600]
[12:15:26.846] Open shutter for 0.333s
[12:15:27.214] Shutter closed.

[12:15:27.214] Moving to: [-6.760 -6.290 -5.600]
[12:15:28.328] Arrived at: [-6.760 -6.290 -5.600]
[12:15:28.993] Open shutter for 0.333s
[12:15:29.358] Shutter closed.

[12:15:29.358] Moving to: [-6.760 -5.830 -5.600]
[12:15:30.461] Arrived at: [-6.760 -5.830 -5.600]
[12:15:31.112] Open shutter for 0.333s
[12:15:31.489] Shutter closed.

[12:15:31.489] Moving to: [-6.290 -5.830 -5.600]
[12:15:32.600] Arrived at: [-6.290 -5.830 -5.600]
[12:15:33.268] Open shutter for 0.333s
[12:15:33.628] Shutter closed.

[12:15:33.628] Moving to: [-6.290 -6.290 -5.600]
[12:15:34.741] Arrived at: [-6.290 -6.290 -5.600]
[12:15:35.190] Open shutter for 0.300s
[12:15:35.527] Shutter closed.

[12:15:35.527] Moving to: [-6.290 -6.760 -5.600]
[12:15:36.644] Arrived at: [-6.290 -6.760 -5.600]
[12:15:37.300] Open shutter for 0.333s
[12:15:37.656] Shutter closed.

[12:15:37.656] Moving to: [-5.830 -6.760 -5.600]
[12:15:38.769] Arrived at: [-5.830 -6.760 -5.600]
[12:15:39.417] Open shutter for 0.333s
[12:15:39.777] Shutter closed.

[12:15:39.777] Moving to: [-5.830 -6.290 -5.600]
[12:15:40.897] Arrived at: [-5.830 -6.290 -5.600]
[12:15:41.566] Open shutter for 0.333s
[12:15:41.923] Shutter closed.

[12:15:41.923] Moving to: [-5.830 -5.830 -5.600]
[12:15:43.042] Arrived at: [-5.830 -5.830 -5.600]
[12:15:43.710] Open shutter for 0.333s
[12:15:44.088] Shutter closed.

[12:15:44.088] Moving to: [-9.460 -1.360 -5.600]
[12:15:50.605] Arrived at: [-9.460 -1.360 -5.600]
[12:15:51.272] Open shutter for 0.121s
[12:15:51.432] Shutter closed.

[12:15:51.432] Moving to: [-9.460 -0.900 -5.600]
[12:15:52.542] Arrived at: [-9.460 -0.900 -5.600]
[12:15:53.199] Open shutter for 0.121s
[12:15:53.355] Shutter closed.

[12:15:53.355] Moving to: [-9.460 -0.430 -5.600]
[12:15:54.458] Arrived at: [-9.460 -0.430 -5.600]
[12:15:55.115] Open shutter for 0.121s
[12:15:55.274] Shutter closed.

[12:15:55.274] Moving to: [-8.990 -0.430 -5.600]
[12:15:56.383] Arrived at: [-8.990 -0.430 -5.600]
[12:15:57.049] Open shutter for 0.121s
[12:15:57.203] Shutter closed.

[12:15:57.204] Moving to: [-8.990 -0.900 -5.600]
[12:15:58.311] Arrived at: [-8.990 -0.900 -5.600]
[12:15:58.976] Open shutter for 0.109s
[12:15:59.109] Shutter closed.

[12:15:59.109] Moving to: [-8.990 -1.360 -5.600]
[12:16:00.220] Arrived at: [-8.990 -1.360 -5.600]
[12:16:00.875] Open shutter for 0.121s
[12:16:01.027] Shutter closed.

[12:16:01.027] Moving to: [-8.520 -1.360 -5.600]
[12:16:02.141] Arrived at: [-8.520 -1.360 -5.600]
[12:16:02.808] Open shutter for 0.121s
[12:16:02.944] Shutter closed.

[12:16:02.944] Moving to: [-8.520 -0.900 -5.600]
[12:16:04.058] Arrived at: [-8.520 -0.900 -5.600]
[12:16:04.719] Open shutter for 0.121s
[12:16:04.878] Shutter closed.

[12:16:04.878] Moving to: [-8.520 -0.430 -5.600]
[12:16:06.008] Arrived at: [-8.520 -0.430 -5.600]
[12:16:06.676] Open shutter for 0.121s
[12:16:06.812] Shutter closed.

[12:16:06.813] Moving to: [-9.460 -4.060 -5.600]
[12:16:10.962] Arrived at: [-9.460 -4.060 -5.600]
[12:16:11.613] Open shutter for 0.243s
[12:16:11.889] Shutter closed.

[12:16:11.889] Moving to: [-9.460 -3.600 -5.600]
[12:16:13.002] Arrived at: [-9.460 -3.600 -5.600]
[12:16:13.056] Open shutter for 0.243s
[12:16:13.336] Shutter closed.

[12:16:13.336] Moving to: [-9.460 -3.130 -5.600]
[12:16:14.467] Arrived at: [-9.460 -3.130 -5.600]
[12:16:15.137] Open shutter for 0.243s
[12:16:15.414] Shutter closed.

[12:16:15.414] Moving to: [-8.990 -3.130 -5.600]
[12:16:16.518] Arrived at: [-8.990 -3.130 -5.600]
[12:16:17.175] Open shutter for 0.243s
[12:16:17.464] Shutter closed.

[12:16:17.464] Moving to: [-8.990 -3.600 -5.600]
[12:16:18.579] Arrived at: [-8.990 -3.600 -5.600]
[12:16:19.238] Open shutter for 0.218s
[12:16:19.486] Shutter closed.

[12:16:19.487] Moving to: [-8.990 -4.060 -5.600]
[12:16:20.601] Arrived at: [-8.990 -4.060 -5.600]
[12:16:21.270] Open shutter for 0.243s
[12:16:21.546] Shutter closed.

[12:16:21.546] Moving to: [-8.520 -4.060 -5.600]
[12:16:22.921] Arrived at: [-8.520 -4.060 -5.600]
[12:16:23.571] Open shutter for 0.243s
[12:16:23.837] Shutter closed.

[12:16:23.837] Moving to: [-8.520 -3.600 -5.600]
[12:16:24.927] Arrived at: [-8.520 -3.600 -5.600]
[12:16:25.591] Open shutter for 0.243s
[12:16:25.864] Shutter closed.

[12:16:25.864] Moving to: [-8.520 -3.130 -5.600]
[12:16:26.977] Arrived at: [-8.520 -3.130 -5.600]
[12:16:27.645] Open shutter for 0.243s
[12:16:27.912] Shutter closed.

[12:16:27.912] Moving to: [-9.460 -6.760 -5.600]
[12:16:32.085] Arrived at: [-9.460 -6.760 -5.600]
[12:16:32.747] Open shutter for 0.364s
[12:16:33.153] Shutter closed.

[12:16:33.154] Moving to: [-9.460 -6.290 -5.600]
[12:16:34.261] Arrived at: [-9.460 -6.290 -5.600]
[12:16:34.930] Open shutter for 0.364s
[12:16:35.333] Shutter closed.

[12:16:35.334] Moving to: [-9.460 -5.830 -5.600]
[12:16:36.433] Arrived at: [-9.460 -5.830 -5.600]
[12:16:37.091] Open shutter for 0.364s
[12:16:37.494] Shutter closed.

[12:16:37.495] Moving to: [-8.990 -5.830 -5.600]
[12:16:38.598] Arrived at: [-8.990 -5.830 -5.600]
[12:16:39.263] Open shutter for 0.364s
[12:16:39.647] Shutter closed.

[12:16:39.647] Moving to: [-8.990 -6.290 -5.600]
[12:16:40.760] Arrived at: [-8.990 -6.290 -5.600]
[12:16:41.413] Open shutter for 0.327s
[12:16:41.759] Shutter closed.

[12:16:41.759] Moving to: [-8.990 -6.760 -5.600]
[12:16:42.886] Arrived at: [-8.990 -6.760 -5.600]
[12:16:43.553] Open shutter for 0.364s
[12:16:43.940] Shutter closed.

[12:16:43.941] Moving to: [-8.520 -6.760 -5.600]
[12:16:45.061] Arrived at: [-8.520 -6.760 -5.600]
[12:16:45.727] Open shutter for 0.364s
[12:16:46.119] Shutter closed.

[12:16:46.119] Moving to: [-8.520 -6.290 -5.600]
[12:16:47.234] Arrived at: [-8.520 -6.290 -5.600]
[12:16:47.905] Open shutter for 0.364s
[12:16:48.307] Shutter closed.

[12:16:48.308] Moving to: [-8.520 -5.830 -5.600]
[12:16:49.432] Arrived at: [-8.520 -5.830 -5.600]
[12:16:50.085] Open shutter for 0.364s
[12:16:50.491] Shutter closed.

[12:16:50.492] Plan irradiation finished.
