[13:01:47.612] Starting plan irradiation...
	Plan name: FLASH Placa 3 duplicados
	Plan type: FLASH
	Expected slit time: 4.500000e-01
	Air depth at stage position Z=0: 4.60 cm
	Absolut shift from X to (0,0) well: [0.000 0.000 0.000]
	Current intensity: 6.500 nA (planned for 6.800 nA)

[13:02:01.646] Moving to: [-1.230 -2.370 -5.400]
[13:02:04.949] Moving to: [-1.230 -2.370 -5.400]
[13:02:05.193] Arrived at: [-1.230 -2.370 -5.400]
[13:02:05.193] Deliver: 1 FLASH shots
[13:02:05.513] Finished.

[13:02:05.514] Moving to: [-1.230 -3.030 -5.400]
[13:02:06.530] Arrived at: [-1.230 -3.030 -5.400]
[13:02:06.531] Deliver: 1 FLASH shots
[13:02:06.864] Finished.

[13:02:06.864] Moving to: [-0.570 -3.030 -5.400]
[13:02:08.121] Arrived at: [-0.570 -3.030 -5.400]
[13:02:08.121] Deliver: 1 FLASH shots
[13:02:08.449] Finished.

[13:02:08.450] Moving to: [-0.570 -2.370 -5.400]
[13:02:09.730] Arrived at: [-0.570 -2.370 -5.400]
[13:02:09.730] Deliver: 1 FLASH shots
[13:02:10.063] Finished.

[13:02:10.064] Moving to: [-3.030 -0.570 -5.400]
[13:02:13.814] Arrived at: [-3.030 -0.570 -5.400]
[13:02:13.815] Deliver: 2 FLASH shots
[13:02:14.473] Finished.

[13:02:14.473] Moving to: [-3.030 -1.230 -5.400]
[13:02:15.749] Arrived at: [-3.030 -1.230 -5.400]
[13:02:15.749] Deliver: 2 FLASH shots
[13:02:16.410] Finished.

[13:02:16.410] Moving to: [-2.370 -1.230 -5.400]
[13:02:17.428] Arrived at: [-2.370 -1.230 -5.400]
[13:02:17.429] Deliver: 2 FLASH shots
[13:02:18.096] Finished.

[13:02:18.097] Moving to: [-2.370 -0.570 -5.400]
[13:02:19.111] Arrived at: [-2.370 -0.570 -5.400]
[13:02:19.112] Deliver: 2 FLASH shots
[13:02:19.768] Finished.

[13:02:19.768] Moving to: [-3.030 -2.370 -5.400]
[13:02:22.293] Arrived at: [-3.030 -2.370 -5.400]
[13:02:22.294] Deliver: 4 FLASH shots
[13:02:23.629] Finished.

[13:02:23.629] Moving to: [-3.030 -3.030 -5.400]
[13:02:24.874] Arrived at: [-3.030 -3.030 -5.400]
[13:02:24.875] Deliver: 4 FLASH shots
[13:02:26.166] Finished.

[13:02:26.166] Moving to: [-2.370 -3.030 -5.400]
[13:02:27.440] Arrived at: [-2.370 -3.030 -5.400]
[13:02:27.441] Deliver: 4 FLASH shots
[13:02:28.737] Finished.

[13:02:28.737] Moving to: [-2.370 -2.370 -5.400]
[13:02:29.761] Arrived at: [-2.370 -2.370 -5.400]
[13:02:29.761] Deliver: 4 FLASH shots
[13:02:31.064] Finished.

[13:02:31.064] Moving to: [-4.830 -0.570 -5.400]
[13:02:34.765] Arrived at: [-4.830 -0.570 -5.400]
[13:02:34.765] Deliver: 8 FLASH shots
[13:02:37.383] Finished.

[13:02:37.383] Moving to: [-4.830 -1.230 -5.400]
[13:02:38.394] Arrived at: [-4.830 -1.230 -5.400]
[13:02:38.395] Deliver: 8 FLASH shots
[13:02:41.061] Finished.

[13:02:41.061] Moving to: [-4.160 -1.230 -5.400]
[13:02:42.084] Arrived at: [-4.160 -1.230 -5.400]
[13:02:42.085] Deliver: 8 FLASH shots
[13:02:44.723] Finished.

[13:02:44.724] Moving to: [-4.160 -0.570 -5.400]
[13:02:45.733] Arrived at: [-4.160 -0.570 -5.400]
[13:02:45.734] Deliver: 8 FLASH shots
[13:02:48.347] Finished.

[13:02:48.347] Moving to: [-4.830 -2.370 -5.400]
[13:02:50.903] Arrived at: [-4.830 -2.370 -5.400]
[13:02:50.903] Deliver: 12 FLASH shots
[13:02:54.800] Finished.

[13:02:54.800] Moving to: [-4.830 -3.030 -5.400]
[13:02:55.824] Arrived at: [-4.830 -3.030 -5.400]
[13:02:55.824] Deliver: 12 FLASH shots
[13:02:59.747] Finished.

[13:02:59.747] Moving to: [-4.160 -3.030 -5.400]
[13:03:01.037] Arrived at: [-4.160 -3.030 -5.400]
[13:03:01.038] Deliver: 12 FLASH shots
[13:03:04.963] Finished.

[13:03:04.963] Moving to: [-4.160 -2.370 -5.400]
[13:03:05.976] Arrived at: [-4.160 -2.370 -5.400]
[13:03:05.977] Deliver: 12 FLASH shots
[13:03:09.896] Finished.

[13:03:09.896] Moving to: [-6.620 -2.370 -5.400]
[13:03:12.093] Arrived at: [-6.620 -2.370 -5.400]
[13:03:12.094] Deliver: 1 FLASH shots
[13:03:12.413] Finished.

[13:03:12.414] Moving to: [-6.620 -3.030 -5.400]
[13:03:13.416] Arrived at: [-6.620 -3.030 -5.400]
[13:03:13.416] Deliver: 1 FLASH shots
[13:03:13.751] Finished.

[13:03:13.751] Moving to: [-5.960 -3.030 -5.400]
[13:03:15.021] Arrived at: [-5.960 -3.030 -5.400]
[13:03:15.021] Deliver: 1 FLASH shots
[13:03:15.343] Finished.

[13:03:15.343] Moving to: [-5.960 -2.370 -5.400]
[13:03:16.347] Arrived at: [-5.960 -2.370 -5.400]
[13:03:16.348] Deliver: 1 FLASH shots
[13:03:16.679] Finished.

[13:03:16.680] Moving to: [-8.420 -0.570 -5.400]
[13:03:20.413] Arrived at: [-8.420 -0.570 -5.400]
[13:03:20.413] Deliver: 2 FLASH shots
[13:03:21.060] Finished.

[13:03:21.060] Moving to: [-8.420 -1.230 -5.400]
[13:03:22.071] Arrived at: [-8.420 -1.230 -5.400]
[13:03:22.071] Deliver: 2 FLASH shots
[13:03:22.710] Finished.

[13:03:22.710] Moving to: [-7.760 -1.230 -5.400]
[13:03:23.735] Arrived at: [-7.760 -1.230 -5.400]
[13:03:23.735] Deliver: 2 FLASH shots
[13:03:24.392] Finished.

[13:03:24.392] Moving to: [-7.760 -0.570 -5.400]
[13:03:25.413] Arrived at: [-7.760 -0.570 -5.400]
[13:03:25.413] Deliver: 2 FLASH shots
[13:03:26.067] Finished.

[13:03:26.067] Moving to: [-8.420 -2.370 -5.400]
[13:03:28.593] Arrived at: [-8.420 -2.370 -5.400]
[13:03:28.593] Deliver: 4 FLASH shots
[13:03:29.873] Finished.

[13:03:29.873] Moving to: [-8.420 -3.030 -5.400]
[13:03:30.892] Arrived at: [-8.420 -3.030 -5.400]
[13:03:30.893] Deliver: 4 FLASH shots
[13:03:32.199] Finished.

[13:03:32.199] Moving to: [-7.760 -3.030 -5.400]
[13:03:33.448] Arrived at: [-7.760 -3.030 -5.400]
[13:03:33.448] Deliver: 4 FLASH shots
[13:03:34.758] Finished.

[13:03:34.759] Moving to: [-7.760 -2.370 -5.400]
[13:03:35.742] Arrived at: [-7.760 -2.370 -5.400]
[13:03:35.742] Deliver: 4 FLASH shots
[13:03:37.043] Finished.

[13:03:37.043] Moving to: [-10.220 -0.570 -5.400]
[13:03:40.788] Arrived at: [-10.220 -0.570 -5.400]
[13:03:40.789] Deliver: 8 FLASH shots
[13:03:43.384] Finished.

[13:03:43.385] Moving to: [-10.220 -1.230 -5.400]
[13:03:44.382] Arrived at: [-10.220 -1.230 -5.400]
[13:03:44.382] Deliver: 8 FLASH shots
[13:03:47.031] Finished.

[13:03:47.031] Moving to: [-9.560 -1.230 -5.400]
[13:03:48.039] Arrived at: [-9.560 -1.230 -5.400]
[13:03:48.039] Deliver: 8 FLASH shots
[13:03:50.655] Finished.

[13:03:50.655] Moving to: [-9.560 -0.570 -5.400]
[13:03:51.658] Arrived at: [-9.560 -0.570 -5.400]
[13:03:51.658] Deliver: 8 FLASH shots
[13:03:54.249] Finished.

[13:03:54.250] Moving to: [-10.220 -2.370 -5.400]
[13:03:56.769] Arrived at: [-10.220 -2.370 -5.400]
[13:03:56.770] Deliver: 12 FLASH shots
[13:04:00.691] Finished.

[13:04:00.691] Moving to: [-10.220 -3.030 -5.400]
[13:04:01.685] Arrived at: [-10.220 -3.030 -5.400]
[13:04:01.685] Deliver: 12 FLASH shots
[13:04:05.612] Finished.

[13:04:05.613] Moving to: [-9.560 -3.030 -5.400]
[13:04:06.863] Arrived at: [-9.560 -3.030 -5.400]
[13:04:06.864] Deliver: 12 FLASH shots
[13:04:10.809] Finished.

[13:04:10.810] Moving to: [-9.560 -2.370 -5.400]
[13:04:11.809] Arrived at: [-9.560 -2.370 -5.400]
[13:04:11.809] Deliver: 12 FLASH shots
[13:04:15.688] Finished.

[13:04:15.688] Plan irradiation finished.
