[14:40:33.743] Starting plan irradiation...
	Plan name: Gelatina manual
	Plan comment: Prueba sin haz
	Plan type: CONV
	PepperPot code: 1
	Air depth at stage position Z=0: 5.00 cm
	Absolut shift from X to (0,0) well: [0.000 0.000 0.000]
	Current intensity: 0.000 nA (planned for 7.000 nA)

[14:40:44.410] Moving to: [0.000 -0.300 0.000]
[14:40:45.102] Moving to: [0.000 -0.300 0.000]
[14:40:45.320] Arrived at: [0.000 -0.300 0.000]
[14:40:46.403] Open shutter for 0.020s
[14:40:46.489] Shutter closed.

[14:40:46.494] Moving to: [0.000 -1.500 0.000]
[14:40:47.807] Arrived at: [0.000 -1.500 0.000]
[14:40:48.896] Open shutter for 0.040s
[14:40:49.001] Shutter closed.

[14:40:49.001] Moving to: [-1.000 -0.300 0.000]
[14:40:51.278] Arrived at: [-1.000 -0.300 0.000]
[14:40:52.353] Open shutter for 0.060s
[14:40:52.463] Shutter closed.

[14:40:52.464] Moving to: [-1.000 -1.500 0.000]
[14:40:53.779] Arrived at: [-1.000 -1.500 0.000]
[14:40:54.866] Open shutter for 0.080s
[14:40:55.016] Shutter closed.

[14:40:55.017] Moving to: [-2.000 -0.300 0.000]
[14:40:57.261] Arrived at: [-2.000 -0.300 0.000]
[14:40:58.249] Open shutter for 0.100s
[14:40:58.413] Shutter closed.

[14:40:58.414] Moving to: [-2.000 -1.500 0.000]
[14:40:59.739] Arrived at: [-2.000 -1.500 0.000]
[14:41:00.815] Open shutter for 0.120s
[14:41:00.983] Shutter closed.

[14:41:00.984] Moving to: [-3.000 -0.300 0.000]
[14:41:03.234] Arrived at: [-3.000 -0.300 0.000]
[14:41:04.318] Open shutter for 0.140s
[14:41:04.509] Shutter closed.

[14:41:04.510] Moving to: [-3.000 -1.500 0.000]
[14:41:05.827] Arrived at: [-3.000 -1.500 0.000]
[14:41:06.913] Open shutter for 0.160s
[14:41:07.123] Shutter closed.

[14:41:07.124] Plan irradiation finished.
