[19:08:51.720] Starting plan irradiation...
	Plan name: CONV Placa
	Plan type: CONV
	PepperPot code: PP2capas
	Air depth at stage position Z=0: 4.60 cm
	Absolut shift from X to (0,0) well: [0.000 0.000 0.000]
	Current intensity: 0.073 nA (planned for 0.076 nA)

[19:09:11.389] Moving to: [-1.200 -2.400 -5.400]
[19:09:13.970] Moving to: [-1.200 -2.400 -5.400]
[19:09:14.222] Arrived at: [-1.200 -2.400 -5.400]
[19:09:14.887] Open shutter for 0.875s
[19:09:15.791] Shutter closed.

[19:09:15.791] Moving to: [-1.200 -3.000 -5.400]
[19:09:16.808] Arrived at: [-1.200 -3.000 -5.400]
[19:09:17.474] Open shutter for 0.875s
[19:09:18.375] Shutter closed.

[19:09:18.375] Moving to: [-0.600 -3.000 -5.400]
[19:09:19.360] Arrived at: [-0.600 -3.000 -5.400]
[19:09:20.028] Open shutter for 0.875s
[19:09:20.931] Shutter closed.

[19:09:20.931] Moving to: [-0.600 -2.400 -5.400]
[19:09:21.900] Arrived at: [-0.600 -2.400 -5.400]
[19:09:22.567] Open shutter for 0.875s
[19:09:23.485] Shutter closed.

[19:09:23.485] Moving to: [-3.000 -0.600 -5.400]
[19:09:27.212] Arrived at: [-3.000 -0.600 -5.400]
[19:09:27.876] Open shutter for 1.751s
[19:09:29.656] Shutter closed.

[19:09:29.656] Moving to: [-3.000 -1.200 -5.400]
[19:09:30.642] Arrived at: [-3.000 -1.200 -5.400]
[19:09:31.306] Open shutter for 1.751s
[19:09:33.091] Shutter closed.

[19:09:33.092] Moving to: [-2.400 -1.200 -5.400]
[19:09:34.058] Arrived at: [-2.400 -1.200 -5.400]
[19:09:34.120] Open shutter for 1.751s
[19:09:35.916] Shutter closed.

[19:09:35.917] Moving to: [-2.400 -0.600 -5.400]
[19:09:36.912] Arrived at: [-2.400 -0.600 -5.400]
[19:09:37.566] Open shutter for 1.751s
[19:09:39.354] Shutter closed.

[19:09:39.355] Moving to: [-3.000 -2.400 -5.400]
[19:09:41.894] Arrived at: [-3.000 -2.400 -5.400]
[19:09:42.553] Open shutter for 3.502s
[19:09:46.091] Shutter closed.

[19:09:46.092] Moving to: [-3.000 -3.000 -5.400]
[19:09:47.083] Arrived at: [-3.000 -3.000 -5.400]
[19:09:47.136] Open shutter for 3.502s
[19:09:50.687] Shutter closed.

[19:09:50.687] Moving to: [-2.400 -3.000 -5.400]
[19:09:51.670] Arrived at: [-2.400 -3.000 -5.400]
[19:09:52.331] Open shutter for 3.502s
[19:09:55.857] Shutter closed.

[19:09:55.857] Moving to: [-2.400 -2.400 -5.400]
[19:09:56.874] Arrived at: [-2.400 -2.400 -5.400]
[19:09:57.537] Open shutter for 3.502s
[19:10:01.081] Shutter closed.

[19:10:01.081] Moving to: [-4.800 -0.600 -5.400]
[19:10:04.803] Arrived at: [-4.800 -0.600 -5.400]
[19:10:04.854] Open shutter for 7.003s
[19:10:08.396] Shutter closed.

[19:10:08.396] Moving to: [-4.800 -1.200 -5.400]
[19:10:09.372] Arrived at: [-4.800 -1.200 -5.400]
[19:10:10.046] Open shutter for 7.003s
[19:10:17.099] Shutter closed.

[19:10:17.099] Moving to: [-4.190 -1.200 -5.400]
[19:10:18.086] Arrived at: [-4.190 -1.200 -5.400]
[19:10:18.740] Open shutter for 7.003s
[19:10:25.778] Shutter closed.

[19:10:25.778] Moving to: [-4.190 -0.600 -5.400]
[19:10:26.773] Arrived at: [-4.190 -0.600 -5.400]
[19:10:27.436] Open shutter for 7.003s
[19:10:34.478] Shutter closed.

[19:10:34.478] Moving to: [-4.800 -2.400 -5.400]
[19:10:36.996] Arrived at: [-4.800 -2.400 -5.400]
[19:10:37.757] Open shutter for 10.505s
[19:10:48.300] Shutter closed.

[19:10:48.300] Moving to: [-4.800 -3.000 -5.400]
[19:10:49.283] Arrived at: [-4.800 -3.000 -5.400]
[19:10:50.060] Open shutter for 10.505s
[19:11:00.603] Shutter closed.

[19:11:00.603] Moving to: [-4.190 -3.000 -5.400]
[19:11:01.590] Arrived at: [-4.190 -3.000 -5.400]
[19:11:01.644] Open shutter for 10.505s
[19:11:12.206] Shutter closed.

[19:11:12.206] Moving to: [-4.190 -2.400 -5.400]
[19:11:13.184] Arrived at: [-4.190 -2.400 -5.400]
[19:11:13.946] Open shutter for 10.505s
[19:11:24.495] Shutter closed.

[19:11:24.495] Plan irradiation finished.
