[13:58:19.792] Starting plan irradiation...
	Plan name: Gelatina
	Plan comment: Plan de muestra en RC para gelatina
	Plan type: CONV
	PepperPot code: 1
	Air depth at stage position Z=0: 5.00 cm
	Absolut shift from X to (0,0) well: [0.000 0.000 0.000]
	Current intensity: 0.053 nA (planned for 0.080 nA)

[13:58:37.997] Moving to: [0.000 0.000 -6.000]
[13:58:41.447] Moving to: [0.000 0.000 -6.000]
[13:58:41.688] Arrived at: [0.000 0.000 -6.000]
[13:58:42.365] Open shutter for 0.553s
[13:58:42.982] Shutter closed.

[13:58:42.982] Moving to: [0.000 -1.500 -6.000]
[13:58:44.502] Arrived at: [0.000 -1.500 -6.000]
[13:58:45.180] Open shutter for 2.763s
[13:58:47.994] Shutter closed.

[13:58:47.994] Moving to: [-1.000 -0.300 -6.000]
[13:58:50.292] Arrived at: [-1.000 -0.300 -6.000]
[13:58:50.968] Open shutter for 1.105s
[13:58:52.124] Shutter closed.

[13:58:52.125] Moving to: [-1.000 -1.500 -6.000]
[13:58:53.453] Arrived at: [-1.000 -1.500 -6.000]
[13:58:54.144] Open shutter for 3.316s
[13:58:57.523] Shutter closed.

[13:58:57.523] Moving to: [-2.000 -0.300 -6.000]
[13:58:59.790] Arrived at: [-2.000 -0.300 -6.000]
[13:59:00.467] Open shutter for 1.658s
[13:59:02.193] Shutter closed.

[13:59:02.193] Moving to: [-2.000 -1.500 -6.000]
[13:59:03.522] Arrived at: [-2.000 -1.500 -6.000]
[13:59:03.576] Open shutter for 4.422s
[13:59:05.320] Shutter closed.

[13:59:05.321] Moving to: [-3.000 -0.300 -6.000]
[13:59:07.614] Arrived at: [-3.000 -0.300 -6.000]
[13:59:07.690] Open shutter for 2.211s
[13:59:09.413] Shutter closed.

[13:59:09.414] Moving to: [-3.000 -1.500 -6.000]
[13:59:10.725] Arrived at: [-3.000 -1.500 -6.000]
[13:59:10.801] Open shutter for 5.527s
[13:59:12.529] Shutter closed.

[13:59:12.529] Plan irradiation finished.
