[13:26:26.699] Starting plan irradiation...
	Plan name: FLASH Placa 3 duplicados
	Plan type: FLASH
	Expected slit time: 4.500000e-01
	Air depth at stage position Z=0: 4.60 cm
	Absolut shift from X to (0,0) well: [0.000 0.000 0.000]
	Current intensity: 6.200 nA (planned for 6.100 nA)

[13:26:32.958] Moving to: [-1.200 -2.400 -5.400]
[13:26:39.149] Moving to: [-1.200 -2.400 -5.400]
[13:26:39.398] Arrived at: [-1.200 -2.400 -5.400]
[13:26:39.398] Deliver: 1 FLASH shots
[13:26:39.731] Finished.

[13:26:39.732] Moving to: [-1.200 -3.000 -5.400]
[13:26:40.713] Arrived at: [-1.200 -3.000 -5.400]
[13:26:40.714] Deliver: 1 FLASH shots
[13:26:41.052] Finished.

[13:26:41.052] Moving to: [-0.600 -3.000 -5.400]
[13:26:42.032] Arrived at: [-0.600 -3.000 -5.400]
[13:26:42.033] Deliver: 1 FLASH shots
[13:26:42.359] Finished.

[13:26:42.359] Moving to: [-0.600 -2.400 -5.400]
[13:26:43.339] Arrived at: [-0.600 -2.400 -5.400]
[13:26:43.340] Deliver: 1 FLASH shots
[13:26:43.665] Finished.

[13:26:43.665] Moving to: [-3.000 -0.600 -5.400]
[13:26:47.365] Arrived at: [-3.000 -0.600 -5.400]
[13:26:47.365] Deliver: 2 FLASH shots
[13:26:48.031] Finished.

[13:26:48.032] Moving to: [-3.000 -1.200 -5.400]
[13:26:49.006] Arrived at: [-3.000 -1.200 -5.400]
[13:26:49.006] Deliver: 2 FLASH shots
[13:26:49.661] Finished.

[13:26:49.662] Moving to: [-2.400 -1.200 -5.400]
[13:26:50.646] Arrived at: [-2.400 -1.200 -5.400]
[13:26:50.646] Deliver: 2 FLASH shots
[13:26:51.317] Finished.

[13:26:51.317] Moving to: [-2.400 -0.600 -5.400]
[13:26:52.273] Arrived at: [-2.400 -0.600 -5.400]
[13:26:52.273] Deliver: 2 FLASH shots
[13:26:52.936] Finished.

[13:26:52.936] Moving to: [-3.000 -2.400 -5.400]
[13:26:55.410] Arrived at: [-3.000 -2.400 -5.400]
[13:26:55.411] Deliver: 4 FLASH shots
[13:26:56.719] Finished.

[13:26:56.720] Moving to: [-3.000 -3.000 -5.400]
[13:26:57.685] Arrived at: [-3.000 -3.000 -5.400]
[13:26:57.685] Deliver: 4 FLASH shots
[13:26:58.976] Finished.

[13:26:58.977] Moving to: [-2.400 -3.000 -5.400]
[13:26:59.942] Arrived at: [-2.400 -3.000 -5.400]
[13:26:59.942] Deliver: 4 FLASH shots
[13:27:01.264] Finished.

[13:27:01.265] Moving to: [-2.400 -2.400 -5.400]
[13:27:02.229] Arrived at: [-2.400 -2.400 -5.400]
[13:27:02.229] Deliver: 4 FLASH shots
[13:27:03.544] Finished.

[13:27:03.544] Moving to: [-4.800 -0.600 -5.400]
[13:27:07.241] Arrived at: [-4.800 -0.600 -5.400]
[13:27:07.242] Deliver: 8 FLASH shots
[13:27:09.852] Finished.

[13:27:09.852] Moving to: [-4.800 -1.200 -5.400]
[13:27:10.835] Arrived at: [-4.800 -1.200 -5.400]
[13:27:10.836] Deliver: 8 FLASH shots
[13:27:13.414] Finished.

[13:27:13.414] Moving to: [-4.190 -1.200 -5.400]
[13:27:14.403] Arrived at: [-4.190 -1.200 -5.400]
[13:27:14.404] Deliver: 8 FLASH shots
[13:27:17.056] Finished.

[13:27:17.057] Moving to: [-4.190 -0.600 -5.400]
[13:27:18.020] Arrived at: [-4.190 -0.600 -5.400]
[13:27:18.021] Deliver: 8 FLASH shots
[13:27:20.650] Finished.

[13:27:20.650] Moving to: [-4.800 -2.400 -5.400]
[13:27:23.143] Arrived at: [-4.800 -2.400 -5.400]
[13:27:23.143] Deliver: 12 FLASH shots
[13:27:27.017] Finished.

[13:27:27.017] Moving to: [-4.800 -3.000 -5.400]
[13:27:28.008] Arrived at: [-4.800 -3.000 -5.400]
[13:27:28.008] Deliver: 12 FLASH shots
[13:27:31.931] Finished.

[13:27:31.931] Moving to: [-4.190 -3.000 -5.400]
[13:27:32.910] Arrived at: [-4.190 -3.000 -5.400]
[13:27:32.910] Deliver: 12 FLASH shots
[13:27:36.854] Finished.

[13:27:36.854] Moving to: [-4.190 -2.400 -5.400]
[13:27:37.823] Arrived at: [-4.190 -2.400 -5.400]
[13:27:37.823] Deliver: 12 FLASH shots
[13:27:41.760] Finished.

[13:27:41.761] Moving to: [-6.590 -2.400 -5.400]
[13:27:43.934] Arrived at: [-6.590 -2.400 -5.400]
[13:27:43.934] Deliver: 1 FLASH shots
[13:27:44.275] Finished.

[13:27:44.275] Moving to: [-6.590 -3.000 -5.400]
[13:27:45.259] Arrived at: [-6.590 -3.000 -5.400]
[13:27:45.259] Deliver: 1 FLASH shots
[13:27:45.577] Finished.

[13:27:45.578] Moving to: [-5.990 -3.000 -5.400]
[13:27:46.559] Arrived at: [-5.990 -3.000 -5.400]
[13:27:46.559] Deliver: 1 FLASH shots
[13:27:46.888] Finished.

[13:27:46.888] Moving to: [-5.990 -2.400 -5.400]
[13:27:47.848] Arrived at: [-5.990 -2.400 -5.400]
[13:27:47.849] Deliver: 1 FLASH shots
[13:27:48.185] Finished.

[13:27:48.185] Moving to: [-8.390 -0.600 -5.400]
[13:27:51.880] Arrived at: [-8.390 -0.600 -5.400]
[13:27:51.880] Deliver: 2 FLASH shots
[13:27:52.530] Finished.

[13:27:52.530] Moving to: [-8.390 -1.200 -5.400]
[13:27:53.495] Arrived at: [-8.390 -1.200 -5.400]
[13:27:53.495] Deliver: 2 FLASH shots
[13:27:54.140] Finished.

[13:27:54.140] Moving to: [-7.790 -1.200 -5.400]
[13:27:55.135] Arrived at: [-7.790 -1.200 -5.400]
[13:27:55.136] Deliver: 2 FLASH shots
[13:27:55.782] Finished.

[13:27:55.782] Moving to: [-7.790 -0.600 -5.400]
[13:27:56.767] Arrived at: [-7.790 -0.600 -5.400]
[13:27:56.768] Deliver: 2 FLASH shots
[13:27:57.411] Finished.

[13:27:57.411] Moving to: [-8.390 -2.400 -5.400]
[13:27:59.907] Arrived at: [-8.390 -2.400 -5.400]
[13:27:59.908] Deliver: 4 FLASH shots
[13:28:01.195] Finished.

[13:28:01.195] Moving to: [-8.390 -3.000 -5.400]
[13:28:02.173] Arrived at: [-8.390 -3.000 -5.400]
[13:28:02.174] Deliver: 4 FLASH shots
[13:28:03.467] Finished.

[13:28:03.468] Moving to: [-7.790 -3.000 -5.400]
[13:28:04.457] Arrived at: [-7.790 -3.000 -5.400]
[13:28:04.457] Deliver: 4 FLASH shots
[13:28:05.781] Finished.

[13:28:05.782] Moving to: [-7.790 -2.400 -5.400]
[13:28:06.733] Arrived at: [-7.790 -2.400 -5.400]
[13:28:06.734] Deliver: 4 FLASH shots
[13:28:08.049] Finished.

[13:28:08.049] Moving to: [-10.190 -0.600 -5.400]
[13:28:11.758] Arrived at: [-10.190 -0.600 -5.400]
[13:28:11.758] Deliver: 8 FLASH shots
[13:28:14.381] Finished.

[13:28:14.381] Moving to: [-10.190 -1.200 -5.400]
[13:28:15.357] Arrived at: [-10.190 -1.200 -5.400]
[13:28:15.357] Deliver: 8 FLASH shots
[13:28:17.984] Finished.

[13:28:17.984] Moving to: [-9.590 -1.200 -5.400]
[13:28:18.958] Arrived at: [-9.590 -1.200 -5.400]
[13:28:18.959] Deliver: 8 FLASH shots
[13:28:21.585] Finished.

[13:28:21.585] Moving to: [-9.590 -0.600 -5.400]
[13:28:22.558] Arrived at: [-9.590 -0.600 -5.400]
[13:28:22.558] Deliver: 8 FLASH shots
[13:28:25.141] Finished.

[13:28:25.141] Moving to: [-10.190 -2.400 -5.400]
[13:28:27.662] Arrived at: [-10.190 -2.400 -5.400]
[13:28:27.662] Deliver: 12 FLASH shots
[13:28:31.599] Finished.

[13:28:31.599] Moving to: [-10.190 -3.000 -5.400]
[13:28:32.582] Arrived at: [-10.190 -3.000 -5.400]
[13:28:32.582] Deliver: 12 FLASH shots
[13:28:36.462] Finished.

[13:28:36.463] Moving to: [-9.590 -3.000 -5.400]
[13:28:37.440] Arrived at: [-9.590 -3.000 -5.400]
[13:28:37.441] Deliver: 12 FLASH shots
[13:28:41.423] Finished.

[13:28:41.423] Moving to: [-9.590 -2.400 -5.400]
[13:28:42.381] Arrived at: [-9.590 -2.400 -5.400]
[13:28:42.381] Deliver: 12 FLASH shots
[13:28:46.297] Finished.

[13:28:46.298] Plan irradiation finished.
