[16:15:21.346] Starting plan irradiation...
	Plan name: FLASH Cubeta
	Plan type: FLASH
	Expected slit time: 4.500000e-01
	Air depth at stage position Z=0: 4.60 cm
	Absolut shift from X to (0,0) well: [0.000 -0.300 0.000]
	Current intensity: 6.600 nA (planned for 7.100 nA)

[16:15:23.715] Moving to: [0.000 -1.420 -5.400]
[16:15:26.846] Moving to: [0.000 -1.420 -5.400]
[16:15:27.349] Arrived at: [0.000 -1.420 -5.400]
[16:15:27.350] Deliver: 3 FLASH shots
[16:15:28.326] Finished.

[16:15:28.327] Moving to: [0.000 -2.550 -5.400]
[16:15:29.650] Arrived at: [0.000 -2.550 -5.400]
[16:15:29.650] Deliver: 10 FLASH shots
[16:15:32.907] Finished.

[16:15:32.908] Moving to: [0.000 -3.680 -5.400]
[16:15:34.231] Arrived at: [0.000 -3.680 -5.400]
[16:15:34.232] Deliver: 17 FLASH shots
[16:15:39.788] Finished.

[16:15:39.789] Moving to: [-1.120 -0.300 -5.400]
[16:15:43.629] Arrived at: [-1.120 -0.300 -5.400]
[16:15:43.629] Deliver: 2 FLASH shots
[16:15:44.287] Finished.

[16:15:44.287] Moving to: [-1.120 -1.420 -5.400]
[16:15:45.602] Arrived at: [-1.120 -1.420 -5.400]
[16:15:45.603] Deliver: 7 FLASH shots
[16:15:47.887] Finished.

[16:15:47.887] Moving to: [-1.120 -2.550 -5.400]
[16:15:49.210] Arrived at: [-1.120 -2.550 -5.400]
[16:15:49.210] Deliver: 13 FLASH shots
[16:15:53.469] Finished.

[16:15:53.469] Moving to: [-1.120 -3.680 -5.400]
[16:15:54.773] Arrived at: [-1.120 -3.680 -5.400]
[16:15:54.773] Deliver: 20 FLASH shots
[16:16:01.308] Finished.

[16:16:01.308] Plan irradiation finished.
