[19:40:47.721] Starting plan irradiation...
	Plan name: Huevo 1
	Plan type: CONV
	PepperPot code: 1
	Air depth at stage position Z=0: 0.00 cm
	Absolut shift from X to (0,0) well: [0.000 0.000 0.000]
	Current intensity: 0.430 nA (planned for 0.500 nA)

[19:40:55.989] Moving to: [-0.250 0.250 0.000]
[19:40:56.867] Arrived at: [-0.250 0.250 0.000]
[19:40:57.123] Open shutter for 2.000s
[19:40:59.141] Shutter closed.

[19:40:59.142] Moving to: [-0.250 -0.250 0.000]
[19:41:00.017] Arrived at: [-0.250 -0.250 0.000]
[19:41:00.285] Open shutter for 2.000s
[19:41:02.311] Shutter closed.

[19:41:02.311] Moving to: [0.250 -0.250 0.000]
[19:41:03.179] Arrived at: [0.250 -0.250 0.000]
[19:41:03.434] Open shutter for 2.000s
[19:41:05.451] Shutter closed.

[19:41:05.451] Moving to: [0.250 0.250 0.000]
[19:41:06.322] Arrived at: [0.250 0.250 0.000]
[19:41:06.581] Open shutter for 2.000s
[19:41:08.607] Shutter closed.

[19:41:08.607] Plan irradiation finished.
