[15:23:16.403] Starting plan irradiation...
	Plan name: Prueba para RC
	Plan comment: h13 con agua18 para imagen
	Plan type: CONV
	PepperPot code: 1
	Air depth at stage position Z=0: 0.00 cm
	Absolut shift from X to (0,0) well: [0.000 0.000 0.000]
	Current intensity: 6.900 nA (planned for 10.000 nA)

[15:23:27.122] Moving to: [-0.120 0.120 0.000]
[15:23:28.063] Moving to: [-0.120 0.120 0.000]
[15:23:28.284] Arrived at: [-0.120 0.120 0.000]
[15:23:29.161] Open shutter for 10.000s
[15:23:39.232] Shutter closed.

[15:23:39.233] Moving to: [-0.120 0.000 0.000]
[15:23:39.816] Arrived at: [-0.120 0.000 0.000]
[15:23:40.693] Open shutter for 10.000s
[15:23:50.768] Shutter closed.

[15:23:50.768] Moving to: [-0.120 -0.120 0.000]
[15:23:51.332] Arrived at: [-0.120 -0.120 0.000]
[15:23:52.207] Open shutter for 10.000s
[15:24:02.266] Shutter closed.

[15:24:02.266] Moving to: [0.000 0.120 0.000]
[15:24:03.306] Arrived at: [0.000 0.120 0.000]
[15:24:04.180] Open shutter for 10.000s
[15:24:14.249] Shutter closed.

[15:24:14.250] Moving to: [0.000 0.000 0.000]
[15:24:14.812] Arrived at: [0.000 0.000 0.000]
[15:24:15.689] Open shutter for 10.000s
[15:24:25.762] Shutter closed.

[15:24:25.762] Moving to: [0.000 -0.120 0.000]
[15:24:26.338] Arrived at: [0.000 -0.120 0.000]
[15:24:27.225] Open shutter for 10.000s
[15:24:37.298] Shutter closed.

[15:24:37.298] Moving to: [0.120 0.120 0.000]
[15:24:38.323] Arrived at: [0.120 0.120 0.000]
[15:24:39.202] Open shutter for 10.000s
[15:24:49.264] Shutter closed.

[15:24:49.264] Moving to: [0.120 0.000 0.000]
[15:24:49.873] Arrived at: [0.120 0.000 0.000]
[15:24:50.752] Open shutter for 10.000s
[15:25:00.812] Shutter closed.

[15:25:00.812] Moving to: [0.120 -0.120 0.000]
[15:25:01.395] Arrived at: [0.120 -0.120 0.000]
[15:25:02.291] Open shutter for 10.000s
[15:25:12.367] Shutter closed.

[15:25:12.368] Plan irradiation finished.
