[21:49:53.444] Starting plan irradiation...
	Plan name: Plan de calibración
	Plan type: CONV
	PepperPot code: 1
	Air depth at stage position Z=0: 4.40 cm
	Absolut shift from X to (0,0) well: [0.000 0.000 0.000]
	Current intensity: 0.050 nA (planned for 0.050 nA)

[21:50:10.479] Moving to: [-1.360 -0.430 -5.600]
[21:50:20.544] Arrived at: [-1.360 -0.430 -5.600]
[21:50:21.111] Open shutter for 0.030s
[21:50:21.176] Shutter closed.

[21:50:21.176] Moving to: [-1.360 -0.900 -5.600]
[21:50:22.284] Arrived at: [-1.360 -0.900 -5.600]
[21:50:22.836] Open shutter for 0.030s
[21:50:22.884] Shutter closed.

[21:50:22.885] Moving to: [-1.360 -1.360 -5.600]
[21:50:23.986] Arrived at: [-1.360 -1.360 -5.600]
[21:50:24.552] Open shutter for 0.030s
[21:50:24.619] Shutter closed.

[21:50:24.619] Moving to: [-0.900 -1.360 -5.600]
[21:50:25.734] Arrived at: [-0.900 -1.360 -5.600]
[21:50:26.289] Open shutter for 0.030s
[21:50:26.358] Shutter closed.

[21:50:26.358] Moving to: [-0.900 -0.900 -5.600]
[21:50:27.468] Arrived at: [-0.900 -0.900 -5.600]
[21:50:28.125] Open shutter for 0.027s
[21:50:28.172] Shutter closed.

[21:50:28.172] Moving to: [-0.900 -0.430 -5.600]
[21:50:29.279] Arrived at: [-0.900 -0.430 -5.600]
[21:50:29.837] Open shutter for 0.030s
[21:50:29.908] Shutter closed.

[21:50:29.908] Moving to: [-0.430 -0.430 -5.600]
[21:50:31.001] Arrived at: [-0.430 -0.430 -5.600]
[21:50:31.577] Open shutter for 0.030s
[21:50:31.648] Shutter closed.

[21:50:31.648] Moving to: [-0.430 -0.900 -5.600]
[21:50:32.765] Arrived at: [-0.430 -0.900 -5.600]
[21:50:33.325] Open shutter for 0.030s
[21:50:33.371] Shutter closed.

[21:50:33.372] Moving to: [-0.430 -1.360 -5.600]
[21:50:34.464] Arrived at: [-0.430 -1.360 -5.600]
[21:50:35.026] Open shutter for 0.030s
[21:50:35.077] Shutter closed.

[21:50:35.077] Moving to: [-1.360 -3.130 -5.600]
[21:50:37.934] Arrived at: [-1.360 -3.130 -5.600]
[21:50:38.000] Open shutter for 0.152s
[21:50:38.083] Shutter closed.

[21:50:38.083] Moving to: [-1.360 -3.600 -5.600]
[21:50:39.169] Arrived at: [-1.360 -3.600 -5.600]
[21:50:39.837] Open shutter for 0.152s
[21:50:40.017] Shutter closed.

[21:50:40.018] Moving to: [-1.360 -4.060 -5.600]
[21:50:41.132] Arrived at: [-1.360 -4.060 -5.600]
[21:50:41.792] Open shutter for 0.152s
[21:50:41.978] Shutter closed.

[21:50:41.978] Moving to: [-0.900 -4.060 -5.600]
[21:50:43.363] Arrived at: [-0.900 -4.060 -5.600]
[21:50:44.018] Open shutter for 0.152s
[21:50:44.203] Shutter closed.

[21:50:44.203] Moving to: [-0.900 -3.600 -5.600]
[21:50:45.308] Arrived at: [-0.900 -3.600 -5.600]
[21:50:45.974] Open shutter for 0.136s
[21:50:46.153] Shutter closed.

[21:50:46.153] Moving to: [-0.900 -3.130 -5.600]
[21:50:47.259] Arrived at: [-0.900 -3.130 -5.600]
[21:50:47.920] Open shutter for 0.152s
[21:50:48.105] Shutter closed.

[21:50:48.106] Moving to: [-0.430 -3.130 -5.600]
[21:50:49.233] Arrived at: [-0.430 -3.130 -5.600]
[21:50:49.892] Open shutter for 0.152s
[21:50:50.070] Shutter closed.

[21:50:50.071] Moving to: [-0.430 -3.600 -5.600]
[21:50:51.186] Arrived at: [-0.430 -3.600 -5.600]
[21:50:51.841] Open shutter for 0.152s
[21:50:52.021] Shutter closed.

[21:50:52.021] Moving to: [-0.430 -4.060 -5.600]
[21:50:53.136] Arrived at: [-0.430 -4.060 -5.600]
[21:50:53.791] Open shutter for 0.152s
[21:50:53.965] Shutter closed.

[21:50:53.965] Moving to: [-1.360 -5.830 -5.600]
[21:50:56.895] Arrived at: [-1.360 -5.830 -5.600]
[21:50:57.555] Open shutter for 0.273s
[21:50:57.854] Shutter closed.

[21:50:57.855] Moving to: [-1.360 -6.290 -5.600]
[21:50:58.961] Arrived at: [-1.360 -6.290 -5.600]
[21:50:59.627] Open shutter for 0.273s
[21:50:59.939] Shutter closed.

[21:50:59.939] Moving to: [-1.360 -6.760 -5.600]
[21:51:01.057] Arrived at: [-1.360 -6.760 -5.600]
[21:51:01.721] Open shutter for 0.273s
[21:51:02.010] Shutter closed.

[21:51:02.011] Moving to: [-0.900 -6.760 -5.600]
[21:51:03.101] Arrived at: [-0.900 -6.760 -5.600]
[21:51:03.753] Open shutter for 0.273s
[21:51:04.063] Shutter closed.

[21:51:04.063] Moving to: [-0.900 -6.290 -5.600]
[21:51:05.170] Arrived at: [-0.900 -6.290 -5.600]
[21:51:05.823] Open shutter for 0.246s
[21:51:06.092] Shutter closed.

[21:51:06.093] Moving to: [-0.900 -5.830 -5.600]
[21:51:07.207] Arrived at: [-0.900 -5.830 -5.600]
[21:51:07.858] Open shutter for 0.273s
[21:51:08.165] Shutter closed.

[21:51:08.165] Moving to: [-0.430 -5.830 -5.600]
[21:51:09.275] Arrived at: [-0.430 -5.830 -5.600]
[21:51:09.934] Open shutter for 0.273s
[21:51:10.234] Shutter closed.

[21:51:10.234] Moving to: [-0.430 -6.290 -5.600]
[21:51:11.335] Arrived at: [-0.430 -6.290 -5.600]
[21:51:11.987] Open shutter for 0.273s
[21:51:12.296] Shutter closed.

[21:51:12.296] Moving to: [-0.430 -6.760 -5.600]
[21:51:13.402] Arrived at: [-0.430 -6.760 -5.600]
[21:51:14.060] Open shutter for 0.273s
[21:51:14.373] Shutter closed.

[21:51:14.373] Moving to: [-4.060 -0.430 -5.600]
[21:51:22.104] Arrived at: [-4.060 -0.430 -5.600]
[21:51:22.756] Open shutter for 0.061s
[21:51:22.844] Shutter closed.

[21:51:22.844] Moving to: [-4.060 -0.900 -5.600]
[21:51:24.187] Arrived at: [-4.060 -0.900 -5.600]
[21:51:24.239] Open shutter for 0.061s
[21:51:24.346] Shutter closed.

[21:51:24.347] Moving to: [-4.060 -1.360 -5.600]
[21:51:25.683] Arrived at: [-4.060 -1.360 -5.600]
[21:51:26.347] Open shutter for 0.061s
[21:51:26.423] Shutter closed.

[21:51:26.423] Moving to: [-3.600 -1.360 -5.600]
[21:51:27.504] Arrived at: [-3.600 -1.360 -5.600]
[21:51:28.154] Open shutter for 0.061s
[21:51:28.239] Shutter closed.

[21:51:28.239] Moving to: [-3.600 -0.900 -5.600]
[21:51:29.347] Arrived at: [-3.600 -0.900 -5.600]
[21:51:30.014] Open shutter for 0.055s
[21:51:30.085] Shutter closed.

[21:51:30.085] Moving to: [-3.600 -0.430 -5.600]
[21:51:31.198] Arrived at: [-3.600 -0.430 -5.600]
[21:51:31.857] Open shutter for 0.061s
[21:51:31.947] Shutter closed.

[21:51:31.947] Moving to: [-3.130 -0.430 -5.600]
[21:51:33.053] Arrived at: [-3.130 -0.430 -5.600]
[21:51:33.715] Open shutter for 0.061s
[21:51:33.810] Shutter closed.

[21:51:33.810] Moving to: [-3.130 -0.900 -5.600]
[21:51:34.925] Arrived at: [-3.130 -0.900 -5.600]
[21:51:35.587] Open shutter for 0.061s
[21:51:35.690] Shutter closed.

[21:51:35.690] Moving to: [-3.130 -1.360 -5.600]
[21:51:36.780] Arrived at: [-3.130 -1.360 -5.600]
[21:51:37.435] Open shutter for 0.061s
[21:51:37.522] Shutter closed.

[21:51:37.523] Moving to: [-4.060 -3.130 -5.600]
[21:51:40.423] Arrived at: [-4.060 -3.130 -5.600]
[21:51:41.086] Open shutter for 0.182s
[21:51:41.286] Shutter closed.

[21:51:41.286] Moving to: [-4.060 -3.600 -5.600]
[21:51:42.653] Arrived at: [-4.060 -3.600 -5.600]
[21:51:43.305] Open shutter for 0.182s
[21:51:43.505] Shutter closed.

[21:51:43.505] Moving to: [-4.060 -4.060 -5.600]
[21:51:44.832] Arrived at: [-4.060 -4.060 -5.600]
[21:51:45.504] Open shutter for 0.182s
[21:51:45.708] Shutter closed.

[21:51:45.708] Moving to: [-3.600 -4.060 -5.600]
[21:51:47.040] Arrived at: [-3.600 -4.060 -5.600]
[21:51:47.708] Open shutter for 0.182s
[21:51:47.917] Shutter closed.

[21:51:47.917] Moving to: [-3.600 -3.600 -5.600]
[21:51:49.044] Arrived at: [-3.600 -3.600 -5.600]
[21:51:49.706] Open shutter for 0.164s
[21:51:49.910] Shutter closed.

[21:51:49.910] Moving to: [-3.600 -3.130 -5.600]
[21:51:51.029] Arrived at: [-3.600 -3.130 -5.600]
[21:51:51.702] Open shutter for 0.182s
[21:51:51.902] Shutter closed.

[21:51:51.902] Moving to: [-3.130 -3.130 -5.600]
[21:51:53.017] Arrived at: [-3.130 -3.130 -5.600]
[21:51:53.677] Open shutter for 0.182s
[21:51:53.882] Shutter closed.

[21:51:53.882] Moving to: [-3.130 -3.600 -5.600]
[21:51:54.981] Arrived at: [-3.130 -3.600 -5.600]
[21:51:55.658] Open shutter for 0.182s
[21:51:55.867] Shutter closed.

[21:51:55.867] Moving to: [-3.130 -4.060 -5.600]
[21:51:56.966] Arrived at: [-3.130 -4.060 -5.600]
[21:51:57.639] Open shutter for 0.182s
[21:51:57.844] Shutter closed.

[21:51:57.845] Moving to: [-4.060 -5.830 -5.600]
[21:52:00.738] Arrived at: [-4.060 -5.830 -5.600]
[21:52:01.399] Open shutter for 0.303s
[21:52:01.729] Shutter closed.

[21:52:01.729] Moving to: [-4.060 -6.290 -5.600]
[21:52:03.101] Arrived at: [-4.060 -6.290 -5.600]
[21:52:03.753] Open shutter for 0.303s
[21:52:04.090] Shutter closed.

[21:52:04.090] Moving to: [-4.060 -6.760 -5.600]
[21:52:05.441] Arrived at: [-4.060 -6.760 -5.600]
[21:52:06.107] Open shutter for 0.303s
[21:52:06.439] Shutter closed.

[21:52:06.440] Moving to: [-3.600 -6.760 -5.600]
[21:52:07.559] Arrived at: [-3.600 -6.760 -5.600]
[21:52:08.215] Open shutter for 0.303s
[21:52:08.548] Shutter closed.

[21:52:08.548] Moving to: [-3.600 -6.290 -5.600]
[21:52:09.661] Arrived at: [-3.600 -6.290 -5.600]
[21:52:10.319] Open shutter for 0.273s
[21:52:10.625] Shutter closed.

[21:52:10.625] Moving to: [-3.600 -5.830 -5.600]
[21:52:11.753] Arrived at: [-3.600 -5.830 -5.600]
[21:52:12.425] Open shutter for 0.303s
[21:52:12.763] Shutter closed.

[21:52:12.764] Moving to: [-3.130 -5.830 -5.600]
[21:52:13.898] Arrived at: [-3.130 -5.830 -5.600]
[21:52:13.952] Open shutter for 0.303s
[21:52:14.312] Shutter closed.

[21:52:14.312] Moving to: [-3.130 -6.290 -5.600]
[21:52:15.402] Arrived at: [-3.130 -6.290 -5.600]
[21:52:16.050] Open shutter for 0.303s
[21:52:16.382] Shutter closed.

[21:52:16.383] Moving to: [-3.130 -6.760 -5.600]
[21:52:17.510] Arrived at: [-3.130 -6.760 -5.600]
[21:52:18.162] Open shutter for 0.303s
[21:52:18.505] Shutter closed.

[21:52:18.505] Moving to: [-6.760 -0.430 -5.600]
[21:52:26.266] Arrived at: [-6.760 -0.430 -5.600]
[21:52:26.935] Open shutter for 0.091s
[21:52:27.065] Shutter closed.

[21:52:27.065] Moving to: [-6.760 -0.900 -5.600]
[21:52:28.178] Arrived at: [-6.760 -0.900 -5.600]
[21:52:28.838] Open shutter for 0.091s
[21:52:28.956] Shutter closed.

[21:52:28.957] Moving to: [-6.760 -1.360 -5.600]
[21:52:30.051] Arrived at: [-6.760 -1.360 -5.600]
[21:52:30.711] Open shutter for 0.091s
[21:52:30.826] Shutter closed.

[21:52:30.827] Moving to: [-6.290 -1.360 -5.600]
[21:52:31.940] Arrived at: [-6.290 -1.360 -5.600]
[21:52:32.605] Open shutter for 0.091s
[21:52:32.719] Shutter closed.

[21:52:32.719] Moving to: [-6.290 -0.900 -5.600]
[21:52:33.820] Arrived at: [-6.290 -0.900 -5.600]
[21:52:34.468] Open shutter for 0.082s
[21:52:34.586] Shutter closed.

[21:52:34.586] Moving to: [-6.290 -0.430 -5.600]
[21:52:35.694] Arrived at: [-6.290 -0.430 -5.600]
[21:52:36.352] Open shutter for 0.091s
[21:52:36.481] Shutter closed.

[21:52:36.481] Moving to: [-5.830 -0.430 -5.600]
[21:52:37.596] Arrived at: [-5.830 -0.430 -5.600]
[21:52:38.263] Open shutter for 0.091s
[21:52:38.382] Shutter closed.

[21:52:38.382] Moving to: [-5.830 -0.900 -5.600]
[21:52:39.484] Arrived at: [-5.830 -0.900 -5.600]
[21:52:40.136] Open shutter for 0.091s
[21:52:40.255] Shutter closed.

[21:52:40.256] Moving to: [-5.830 -1.360 -5.600]
[21:52:41.345] Arrived at: [-5.830 -1.360 -5.600]
[21:52:42.009] Open shutter for 0.091s
[21:52:42.137] Shutter closed.

[21:52:42.137] Moving to: [-6.760 -3.130 -5.600]
[21:52:45.028] Arrived at: [-6.760 -3.130 -5.600]
[21:52:45.682] Open shutter for 0.212s
[21:52:45.912] Shutter closed.

[21:52:45.912] Moving to: [-6.760 -3.600 -5.600]
[21:52:46.960] Arrived at: [-6.760 -3.600 -5.600]
[21:52:47.620] Open shutter for 0.212s
[21:52:47.866] Shutter closed.

[21:52:47.866] Moving to: [-6.760 -4.060 -5.600]
[21:52:48.957] Arrived at: [-6.760 -4.060 -5.600]
[21:52:49.613] Open shutter for 0.212s
[21:52:49.850] Shutter closed.

[21:52:49.850] Moving to: [-6.290 -4.060 -5.600]
[21:52:51.194] Arrived at: [-6.290 -4.060 -5.600]
[21:52:51.852] Open shutter for 0.212s
[21:52:52.098] Shutter closed.

[21:52:52.099] Moving to: [-6.290 -3.600 -5.600]
[21:52:53.203] Arrived at: [-6.290 -3.600 -5.600]
[21:52:53.857] Open shutter for 0.191s
[21:52:54.068] Shutter closed.

[21:52:54.068] Moving to: [-6.290 -3.130 -5.600]
[21:52:55.175] Arrived at: [-6.290 -3.130 -5.600]
[21:52:55.827] Open shutter for 0.212s
[21:52:56.060] Shutter closed.

[21:52:56.060] Moving to: [-5.830 -3.130 -5.600]
[21:52:57.167] Arrived at: [-5.830 -3.130 -5.600]
[21:52:57.218] Open shutter for 0.212s
[21:52:57.465] Shutter closed.

[21:52:57.465] Moving to: [-5.830 -3.600 -5.600]
[21:52:58.585] Arrived at: [-5.830 -3.600 -5.600]
[21:52:59.257] Open shutter for 0.212s
[21:52:59.509] Shutter closed.

[21:52:59.509] Moving to: [-5.830 -4.060 -5.600]
[21:53:00.625] Arrived at: [-5.830 -4.060 -5.600]
[21:53:01.292] Open shutter for 0.212s
[21:53:01.541] Shutter closed.

[21:53:01.541] Moving to: [-6.760 -5.830 -5.600]
[21:53:04.433] Arrived at: [-6.760 -5.830 -5.600]
[21:53:05.094] Open shutter for 0.333s
[21:53:05.457] Shutter closed.

[21:53:05.457] Moving to: [-6.760 -6.290 -5.600]
[21:53:06.579] Arrived at: [-6.760 -6.290 -5.600]
[21:53:07.247] Open shutter for 0.333s
[21:53:07.602] Shutter closed.

[21:53:07.602] Moving to: [-6.760 -6.760 -5.600]
[21:53:08.721] Arrived at: [-6.760 -6.760 -5.600]
[21:53:08.777] Open shutter for 0.333s
[21:53:09.149] Shutter closed.

[21:53:09.149] Moving to: [-6.290 -6.760 -5.600]
[21:53:10.259] Arrived at: [-6.290 -6.760 -5.600]
[21:53:10.929] Open shutter for 0.333s
[21:53:11.279] Shutter closed.

[21:53:11.280] Moving to: [-6.290 -6.290 -5.600]
[21:53:12.396] Arrived at: [-6.290 -6.290 -5.600]
[21:53:12.858] Open shutter for 0.300s
[21:53:13.198] Shutter closed.

[21:53:13.198] Moving to: [-6.290 -5.830 -5.600]
[21:53:14.319] Arrived at: [-6.290 -5.830 -5.600]
[21:53:14.368] Open shutter for 0.333s
[21:53:14.709] Shutter closed.

[21:53:14.709] Moving to: [-5.830 -5.830 -5.600]
[21:53:15.818] Arrived at: [-5.830 -5.830 -5.600]
[21:53:16.479] Open shutter for 0.333s
[21:53:16.857] Shutter closed.

[21:53:16.857] Moving to: [-5.830 -6.290 -5.600]
[21:53:17.944] Arrived at: [-5.830 -6.290 -5.600]
[21:53:18.606] Open shutter for 0.333s
[21:53:18.980] Shutter closed.

[21:53:18.980] Moving to: [-5.830 -6.760 -5.600]
[21:53:20.096] Arrived at: [-5.830 -6.760 -5.600]
[21:53:20.760] Open shutter for 0.333s
[21:53:21.130] Shutter closed.

[21:53:21.130] Moving to: [-9.460 -0.430 -5.600]
[21:53:28.869] Arrived at: [-9.460 -0.430 -5.600]
[21:53:29.529] Open shutter for 0.121s
[21:53:29.677] Shutter closed.

[21:53:29.677] Moving to: [-9.460 -0.900 -5.600]
[21:53:30.788] Arrived at: [-9.460 -0.900 -5.600]
[21:53:31.438] Open shutter for 0.121s
[21:53:31.578] Shutter closed.

[21:53:31.579] Moving to: [-9.460 -1.360 -5.600]
[21:53:32.678] Arrived at: [-9.460 -1.360 -5.600]
[21:53:33.336] Open shutter for 0.121s
[21:53:33.490] Shutter closed.

[21:53:33.491] Moving to: [-8.990 -1.360 -5.600]
[21:53:34.594] Arrived at: [-8.990 -1.360 -5.600]
[21:53:35.258] Open shutter for 0.121s
[21:53:35.396] Shutter closed.

[21:53:35.397] Moving to: [-8.990 -0.900 -5.600]
[21:53:36.536] Arrived at: [-8.990 -0.900 -5.600]
[21:53:37.198] Open shutter for 0.109s
[21:53:37.333] Shutter closed.

[21:53:37.333] Moving to: [-8.990 -0.430 -5.600]
[21:53:38.432] Arrived at: [-8.990 -0.430 -5.600]
[21:53:39.086] Open shutter for 0.121s
[21:53:39.224] Shutter closed.

[21:53:39.225] Moving to: [-8.520 -0.430 -5.600]
[21:53:40.359] Arrived at: [-8.520 -0.430 -5.600]
[21:53:41.018] Open shutter for 0.121s
[21:53:41.173] Shutter closed.

[21:53:41.174] Moving to: [-8.520 -0.900 -5.600]
[21:53:42.317] Arrived at: [-8.520 -0.900 -5.600]
[21:53:42.984] Open shutter for 0.121s
[21:53:43.141] Shutter closed.

[21:53:43.141] Moving to: [-8.520 -1.360 -5.600]
[21:53:44.242] Arrived at: [-8.520 -1.360 -5.600]
[21:53:44.897] Open shutter for 0.121s
[21:53:45.054] Shutter closed.

[21:53:45.055] Moving to: [-9.460 -3.130 -5.600]
[21:53:47.956] Arrived at: [-9.460 -3.130 -5.600]
[21:53:48.614] Open shutter for 0.243s
[21:53:48.889] Shutter closed.

[21:53:48.889] Moving to: [-9.460 -3.600 -5.600]
[21:53:50.000] Arrived at: [-9.460 -3.600 -5.600]
[21:53:50.659] Open shutter for 0.243s
[21:53:50.922] Shutter closed.

[21:53:50.922] Moving to: [-9.460 -4.060 -5.600]
[21:53:52.044] Arrived at: [-9.460 -4.060 -5.600]
[21:53:52.706] Open shutter for 0.243s
[21:53:52.972] Shutter closed.

[21:53:52.972] Moving to: [-8.990 -4.060 -5.600]
[21:53:54.321] Arrived at: [-8.990 -4.060 -5.600]
[21:53:54.981] Open shutter for 0.243s
[21:53:55.248] Shutter closed.

[21:53:55.249] Moving to: [-8.990 -3.600 -5.600]
[21:53:56.373] Arrived at: [-8.990 -3.600 -5.600]
[21:53:57.040] Open shutter for 0.218s
[21:53:57.302] Shutter closed.

[21:53:57.302] Moving to: [-8.990 -3.130 -5.600]
[21:53:58.420] Arrived at: [-8.990 -3.130 -5.600]
[21:53:59.073] Open shutter for 0.243s
[21:53:59.347] Shutter closed.

[21:53:59.348] Moving to: [-8.520 -3.130 -5.600]
[21:54:00.466] Arrived at: [-8.520 -3.130 -5.600]
[21:54:00.513] Open shutter for 0.243s
[21:54:00.807] Shutter closed.

[21:54:00.807] Moving to: [-8.520 -3.600 -5.600]
[21:54:01.929] Arrived at: [-8.520 -3.600 -5.600]
[21:54:02.594] Open shutter for 0.243s
[21:54:02.866] Shutter closed.

[21:54:02.866] Moving to: [-8.520 -4.060 -5.600]
[21:54:03.984] Arrived at: [-8.520 -4.060 -5.600]
[21:54:04.639] Open shutter for 0.243s
[21:54:04.912] Shutter closed.

[21:54:04.912] Moving to: [-9.460 -5.830 -5.600]
[21:54:07.816] Arrived at: [-9.460 -5.830 -5.600]
[21:54:08.478] Open shutter for 0.364s
[21:54:08.869] Shutter closed.

[21:54:08.869] Moving to: [-9.460 -6.290 -5.600]
[21:54:09.980] Arrived at: [-9.460 -6.290 -5.600]
[21:54:10.634] Open shutter for 0.364s
[21:54:11.024] Shutter closed.

[21:54:11.025] Moving to: [-9.460 -6.760 -5.600]
[21:54:12.138] Arrived at: [-9.460 -6.760 -5.600]
[21:54:12.802] Open shutter for 0.364s
[21:54:13.208] Shutter closed.

[21:54:13.208] Moving to: [-8.990 -6.760 -5.600]
[21:54:14.328] Arrived at: [-8.990 -6.760 -5.600]
[21:54:14.978] Open shutter for 0.364s
[21:54:15.365] Shutter closed.

[21:54:15.366] Moving to: [-8.990 -6.290 -5.600]
[21:54:16.481] Arrived at: [-8.990 -6.290 -5.600]
[21:54:17.137] Open shutter for 0.327s
[21:54:17.503] Shutter closed.

[21:54:17.503] Moving to: [-8.990 -5.830 -5.600]
[21:54:18.627] Arrived at: [-8.990 -5.830 -5.600]
[21:54:19.287] Open shutter for 0.364s
[21:54:19.694] Shutter closed.

[21:54:19.695] Moving to: [-8.520 -5.830 -5.600]
[21:54:20.823] Arrived at: [-8.520 -5.830 -5.600]
[21:54:21.495] Open shutter for 0.364s
[21:54:21.900] Shutter closed.

[21:54:21.900] Moving to: [-8.520 -6.290 -5.600]
[21:54:22.992] Arrived at: [-8.520 -6.290 -5.600]
[21:54:23.659] Open shutter for 0.364s
[21:54:24.061] Shutter closed.

[21:54:24.061] Moving to: [-8.520 -6.760 -5.600]
[21:54:25.177] Arrived at: [-8.520 -6.760 -5.600]
[21:54:25.831] Open shutter for 0.364s
[21:54:26.211] Shutter closed.

[21:54:26.211] Plan irradiation finished.
