[17:33:30.554] Starting plan irradiation...
	Plan name: Gelatina
	Plan comment: RC sin difusor con distancia /4
	Plan type: CONV
	PepperPot code: 1
	Air depth at stage position Z=0: 0.00 cm
	Absolut shift from X to (0,0) well: [0.000 0.000 0.000]
	Current intensity: 0.400 nA (planned for 0.300 nA)

[17:33:44.226] Moving to: [-0.240 0.240 0.000]
[17:33:45.311] Moving to: [-0.240 0.240 0.000]
[17:33:45.535] Arrived at: [-0.240 0.240 0.000]
[17:33:46.514] Open shutter for 0.600s
[17:33:47.164] Shutter closed.

[17:33:47.165] Moving to: [-0.240 -0.240 0.000]
[17:33:48.012] Arrived at: [-0.240 -0.240 0.000]
[17:33:48.574] Open shutter for 0.600s
[17:33:49.256] Shutter closed.

[17:33:49.257] Moving to: [0.240 -0.240 0.000]
[17:33:50.089] Arrived at: [0.240 -0.240 0.000]
[17:33:51.086] Open shutter for 0.600s
[17:33:51.739] Shutter closed.

[17:33:51.740] Moving to: [0.240 0.240 0.000]
[17:33:52.580] Arrived at: [0.240 0.240 0.000]
[17:33:53.565] Open shutter for 0.600s
[17:33:54.217] Shutter closed.

[17:33:54.217] Plan irradiation finished.
