[18:36:33.885] Starting plan irradiation...
	Plan name: Gelatina
	Plan comment: Huevo infundido en horizontal H4 3x3
	Plan type: CONV
	PepperPot code: 1
	Air depth at stage position Z=0: 0.00 cm
	Absolut shift from X to (0,0) well: [0.000 0.000 0.000]
	Current intensity: 0.320 nA (planned for 0.300 nA)

[18:36:48.881] Moving to: [-0.120 0.120 0.000]
[18:36:49.830] Moving to: [-0.120 0.120 0.000]
[18:36:50.058] Arrived at: [-0.120 0.120 0.000]
[18:36:50.942] Open shutter for 30.000s
[18:37:21.038] Shutter closed.

[18:37:21.039] Moving to: [-0.120 0.000 0.000]
[18:37:21.627] Arrived at: [-0.120 0.000 0.000]
[18:37:22.512] Open shutter for 30.000s
[18:37:52.604] Shutter closed.

[18:37:52.604] Moving to: [-0.120 -0.120 0.000]
[18:37:53.203] Arrived at: [-0.120 -0.120 0.000]
[18:37:54.084] Open shutter for 30.000s
[18:38:24.179] Shutter closed.

[18:38:24.179] Moving to: [0.000 0.120 0.000]
[18:38:25.216] Arrived at: [0.000 0.120 0.000]
[18:38:26.104] Open shutter for 30.000s
[18:38:56.200] Shutter closed.

[18:38:56.200] Moving to: [0.000 0.000 0.000]
[18:38:56.793] Arrived at: [0.000 0.000 0.000]
[18:38:57.693] Open shutter for 30.000s
[18:39:27.785] Shutter closed.

[18:39:27.790] Moving to: [0.000 -0.120 0.000]
[18:39:28.381] Arrived at: [0.000 -0.120 0.000]
[18:39:29.264] Open shutter for 30.000s
[18:39:59.363] Shutter closed.

[18:39:59.364] Moving to: [0.120 0.120 0.000]
[18:40:00.386] Arrived at: [0.120 0.120 0.000]
[18:40:01.262] Open shutter for 30.000s
[18:40:31.349] Shutter closed.

[18:40:31.350] Moving to: [0.120 0.000 0.000]
[18:40:31.937] Arrived at: [0.120 0.000 0.000]
[18:40:32.817] Open shutter for 30.000s
[18:41:02.911] Shutter closed.

[18:41:02.911] Moving to: [0.120 -0.120 0.000]
[18:41:03.513] Arrived at: [0.120 -0.120 0.000]
[18:41:04.392] Open shutter for 30.000s
[18:41:34.473] Shutter closed.

[18:41:34.473] Plan irradiation finished.
