[19:34:09.662] Starting plan irradiation...
	Plan name: Huevo 1
	Plan type: CONV
	PepperPot code: 1
	Air depth at stage position Z=0: 0.00 cm
	Absolut shift from X to (0,0) well: [0.000 0.000 0.000]
	Current intensity: 0.450 nA (planned for 0.500 nA)

[19:34:22.847] Moving to: [-0.250 0.250 0.000]
[19:34:23.727] Arrived at: [-0.250 0.250 0.000]
[19:34:23.993] Open shutter for 2.000s
[19:34:26.026] Shutter closed.

[19:34:26.030] Moving to: [-0.250 -0.250 0.000]
[19:34:26.929] Arrived at: [-0.250 -0.250 0.000]
[19:34:27.196] Open shutter for 2.000s
[19:34:29.229] Shutter closed.

[19:34:29.229] Moving to: [0.250 -0.250 0.000]
[19:34:30.107] Arrived at: [0.250 -0.250 0.000]
[19:34:30.380] Open shutter for 2.000s
[19:34:32.415] Shutter closed.

[19:34:32.415] Moving to: [0.250 0.250 0.000]
[19:34:33.304] Arrived at: [0.250 0.250 0.000]
[19:34:33.566] Open shutter for 2.000s
[19:34:35.593] Shutter closed.

[19:34:35.594] Plan irradiation finished.
