[11:04:54.587] Starting plan irradiation...
	Plan name: Plan de commissioning para FLASH
	Plan type: FLASH
	Expected slit time: 4.500000e-01
	Air depth at stage position Z=0: 4.40 cm
	Absolut shift from X to (0,0) well: [-4.944 -3.147 0.000]
	Current intensity: 5.800 nA (planned for 8.000 nA)

[11:05:02.009] Moving to: [-1.944 -1.147 0.000]
[11:05:05.082] Moving to: [-1.944 -1.147 0.000]
[11:05:05.582] Arrived at: [-1.944 -1.147 0.000]
[11:05:05.583] Deliver: 1 FLASH shots
[11:05:05.906] Finished.

[11:05:05.906] Moving to: [-1.944 -3.147 -1.500]
[11:05:09.350] Arrived at: [-1.944 -3.147 -1.500]
[11:05:09.350] Deliver: 1 FLASH shots
[11:05:09.689] Finished.

[11:05:09.689] Moving to: [-1.944 -5.146 -3.000]
[11:05:13.151] Arrived at: [-1.944 -5.146 -3.000]
[11:05:13.152] Deliver: 1 FLASH shots
[11:05:13.492] Finished.

[11:05:13.493] Moving to: [-3.944 -1.147 -4.500]
[11:05:19.670] Arrived at: [-3.944 -1.147 -4.500]
[11:05:19.671] Deliver: 1 FLASH shots
[11:05:20.005] Finished.

[11:05:20.006] Moving to: [-3.944 -3.147 -6.000]
[11:05:23.502] Arrived at: [-3.944 -3.147 -6.000]
[11:05:23.503] Deliver: 1 FLASH shots
[11:05:23.842] Finished.

[11:05:23.842] Moving to: [-3.944 -5.146 -7.500]
[11:05:27.293] Arrived at: [-3.944 -5.146 -7.500]
[11:05:27.294] Deliver: 1 FLASH shots
[11:05:27.619] Finished.

[11:05:27.619] Moving to: [-5.944 -1.147 0.000]
[11:05:37.817] Arrived at: [-5.944 -1.147 0.000]
[11:05:37.818] Deliver: 4 FLASH shots
[11:05:39.139] Finished.

[11:05:39.140] Moving to: [-5.944 -3.147 -1.500]
[11:05:42.578] Arrived at: [-5.944 -3.147 -1.500]
[11:05:42.578] Deliver: 4 FLASH shots
[11:05:43.875] Finished.

[11:05:43.875] Moving to: [-5.944 -5.146 -3.000]
[11:05:47.342] Arrived at: [-5.944 -5.146 -3.000]
[11:05:47.342] Deliver: 4 FLASH shots
[11:05:48.665] Finished.

[11:05:48.666] Moving to: [-7.944 -1.147 -4.500]
[11:05:54.846] Arrived at: [-7.944 -1.147 -4.500]
[11:05:54.846] Deliver: 4 FLASH shots
[11:05:56.165] Finished.

[11:05:56.165] Moving to: [-7.944 -3.147 -6.000]
[11:05:59.641] Arrived at: [-7.944 -3.147 -6.000]
[11:05:59.641] Deliver: 4 FLASH shots
[11:06:00.940] Finished.

[11:06:00.940] Moving to: [-7.944 -5.146 -7.500]
[11:06:04.394] Arrived at: [-7.944 -5.146 -7.500]
[11:06:04.394] Deliver: 4 FLASH shots
[11:06:05.714] Finished.

[11:06:05.714] Plan irradiation finished.
