[19:21:26.306] Starting plan irradiation...
	Plan name: CONV Placa
	Plan type: CONV
	PepperPot code: PP2capas
	Air depth at stage position Z=0: 4.60 cm
	Absolut shift from X to (0,0) well: [0.000 0.000 0.000]
	Current intensity: 0.071 nA (planned for 0.076 nA)

[19:21:29.361] Moving to: [-1.200 -2.400 -5.400]
[19:21:30.764] Moving to: [-1.200 -2.400 -5.400]
[19:21:34.098] Arrived at: [-1.200 -2.400 -5.400]
[19:21:34.157] Open shutter for 0.875s
[19:21:44.718] Shutter closed.

[19:21:44.718] Moving to: [-1.200 -3.000 -5.400]
[19:21:45.683] Arrived at: [-1.200 -3.000 -5.400]
[19:21:46.337] Open shutter for 0.875s
[19:21:47.249] Shutter closed.

[19:21:47.249] Moving to: [-0.600 -3.000 -5.400]
[19:21:48.203] Arrived at: [-0.600 -3.000 -5.400]
[19:21:48.253] Open shutter for 0.875s
[19:21:49.180] Shutter closed.

[19:21:49.180] Moving to: [-0.600 -2.400 -5.400]
[19:21:50.123] Arrived at: [-0.600 -2.400 -5.400]
[19:21:50.776] Open shutter for 0.875s
[19:21:51.686] Shutter closed.

[19:21:51.686] Moving to: [-3.000 -0.600 -5.400]
[19:21:55.335] Arrived at: [-3.000 -0.600 -5.400]
[19:21:55.989] Open shutter for 1.751s
[19:21:57.758] Shutter closed.

[19:21:57.758] Moving to: [-3.000 -1.200 -5.400]
[19:21:58.716] Arrived at: [-3.000 -1.200 -5.400]
[19:21:59.390] Open shutter for 1.751s
[19:22:01.177] Shutter closed.

[19:22:01.177] Moving to: [-2.400 -1.200 -5.400]
[19:22:02.150] Arrived at: [-2.400 -1.200 -5.400]
[19:22:02.820] Open shutter for 1.751s
[19:22:04.598] Shutter closed.

[19:22:04.598] Moving to: [-2.400 -0.600 -5.400]
[19:22:05.542] Arrived at: [-2.400 -0.600 -5.400]
[19:22:06.199] Open shutter for 1.751s
[19:22:07.988] Shutter closed.

[19:22:07.988] Moving to: [-3.000 -2.400 -5.400]
[19:22:10.491] Arrived at: [-3.000 -2.400 -5.400]
[19:22:11.139] Open shutter for 3.502s
[19:22:14.685] Shutter closed.

[19:22:14.685] Moving to: [-3.000 -3.000 -5.400]
[19:22:15.648] Arrived at: [-3.000 -3.000 -5.400]
[19:22:16.310] Open shutter for 3.502s
[19:22:19.841] Shutter closed.

[19:22:19.842] Moving to: [-2.400 -3.000 -5.400]
[19:22:20.809] Arrived at: [-2.400 -3.000 -5.400]
[19:22:21.466] Open shutter for 3.502s
[19:22:24.997] Shutter closed.

[19:22:24.997] Moving to: [-2.400 -2.400 -5.400]
[19:22:25.947] Arrived at: [-2.400 -2.400 -5.400]
[19:22:26.606] Open shutter for 3.502s
[19:22:30.138] Shutter closed.

[19:22:30.139] Moving to: [-4.800 -0.600 -5.400]
[19:22:33.787] Arrived at: [-4.800 -0.600 -5.400]
[19:22:34.455] Open shutter for 7.003s
[19:22:41.491] Shutter closed.

[19:22:41.491] Moving to: [-4.800 -1.200 -5.400]
[19:22:42.454] Arrived at: [-4.800 -1.200 -5.400]
[19:22:43.122] Open shutter for 7.003s
[19:22:50.171] Shutter closed.

[19:22:50.171] Moving to: [-4.190 -1.200 -5.400]
[19:22:51.125] Arrived at: [-4.190 -1.200 -5.400]
[19:22:51.777] Open shutter for 7.003s
[19:22:58.823] Shutter closed.

[19:22:58.824] Moving to: [-4.190 -0.600 -5.400]
[19:22:59.794] Arrived at: [-4.190 -0.600 -5.400]
[19:23:00.464] Open shutter for 7.003s
[19:23:07.507] Shutter closed.

[19:23:07.507] Moving to: [-4.800 -2.400 -5.400]
[19:23:09.982] Arrived at: [-4.800 -2.400 -5.400]
[19:23:10.737] Open shutter for 10.505s
[19:23:21.275] Shutter closed.

[19:23:21.275] Moving to: [-4.800 -3.000 -5.400]
[19:23:22.226] Arrived at: [-4.800 -3.000 -5.400]
[19:23:23.000] Open shutter for 10.505s
[19:23:33.536] Shutter closed.

[19:23:33.536] Moving to: [-4.190 -3.000 -5.400]
[19:23:34.494] Arrived at: [-4.190 -3.000 -5.400]
[19:23:35.250] Open shutter for 10.505s
[19:23:45.781] Shutter closed.

[19:23:45.782] Moving to: [-4.190 -2.400 -5.400]
[19:23:46.736] Arrived at: [-4.190 -2.400 -5.400]
[19:23:46.784] Open shutter for 10.505s
[19:23:57.365] Shutter closed.

[19:23:57.365] Plan irradiation finished.
