[19:48:13.281] Starting plan irradiation...
	Plan name: Huevo 3
	Plan type: CONV
	PepperPot code: 1
	Air depth at stage position Z=0: 0.00 cm
	Absolut shift from X to (0,0) well: [0.000 0.000 0.000]
	Current intensity: 0.370 nA (planned for 0.500 nA)

[19:48:18.049] Moving to: [-0.250 0.250 0.000]
[19:48:18.945] Arrived at: [-0.250 0.250 0.000]
[19:48:19.320] Open shutter for 20.000s
[19:48:39.361] Shutter closed.

[19:48:39.361] Moving to: [-0.250 -0.250 0.000]
[19:48:40.272] Arrived at: [-0.250 -0.250 0.000]
[19:48:40.631] Open shutter for 20.000s
[19:49:00.690] Shutter closed.

[19:49:00.690] Moving to: [0.250 -0.250 0.000]
[19:49:01.623] Arrived at: [0.250 -0.250 0.000]
[19:49:01.995] Open shutter for 20.000s
[19:49:22.035] Shutter closed.

[19:49:22.035] Moving to: [0.250 0.250 0.000]
[19:49:22.928] Arrived at: [0.250 0.250 0.000]
[19:49:23.296] Open shutter for 20.000s
[19:49:43.349] Shutter closed.

[19:49:43.349] Plan irradiation finished.
