[16:09:29.257] Starting plan irradiation...
	Plan name: Gelatina
	Plan comment: Prueba falsa
	Plan type: CONV
	PepperPot code: 1
	Air depth at stage position Z=0: 0.00 cm
	Absolut shift from X to (0,0) well: [0.000 0.000 0.000]
	Current intensity: 0.000 nA (planned for 0.300 nA)

[16:09:34.355] Moving to: [-0.240 0.240 0.000]
[16:09:35.448] Moving to: [-0.240 0.240 0.000]
[16:09:35.685] Arrived at: [-0.240 0.240 0.000]
[16:09:36.461] Open shutter for 3.000s
[16:09:39.536] Shutter closed.

[16:09:39.542] Moving to: [-0.240 -0.240 0.000]
[16:09:40.372] Arrived at: [-0.240 -0.240 0.000]
[16:09:41.167] Open shutter for 3.000s
[16:09:44.234] Shutter closed.

[16:09:44.234] Moving to: [0.240 -0.240 0.000]
[16:09:45.077] Arrived at: [0.240 -0.240 0.000]
[16:09:45.870] Open shutter for 3.000s
[16:09:48.944] Shutter closed.

[16:09:48.945] Moving to: [0.240 0.240 0.000]
[16:09:49.791] Arrived at: [0.240 0.240 0.000]
[16:09:50.584] Open shutter for 3.000s
[16:09:53.659] Shutter closed.

[16:09:53.660] Plan irradiation finished.
