[13:08:44.570] Starting plan irradiation...
	Plan name: FLASH Placa 3 duplicados
	Plan type: FLASH
	Expected slit time: 4.500000e-01
	Air depth at stage position Z=0: 4.60 cm
	Absolut shift from X to (0,0) well: [0.000 0.000 0.000]
	Current intensity: 6.300 nA (planned for 6.400 nA)

[13:08:49.195] Moving to: [-1.200 -2.400 -5.400]
[13:08:52.207] Moving to: [-1.200 -2.400 -5.400]
[13:08:52.451] Arrived at: [-1.200 -2.400 -5.400]
[13:08:52.451] Deliver: 1 FLASH shots
[13:08:52.782] Finished.

[13:08:52.782] Moving to: [-1.200 -3.000 -5.400]
[13:08:53.741] Arrived at: [-1.200 -3.000 -5.400]
[13:08:53.742] Deliver: 1 FLASH shots
[13:08:54.074] Finished.

[13:08:54.074] Moving to: [-0.600 -3.000 -5.400]
[13:08:55.045] Arrived at: [-0.600 -3.000 -5.400]
[13:08:55.046] Deliver: 1 FLASH shots
[13:08:55.373] Finished.

[13:08:55.373] Moving to: [-0.600 -2.400 -5.400]
[13:08:56.338] Arrived at: [-0.600 -2.400 -5.400]
[13:08:56.338] Deliver: 1 FLASH shots
[13:08:56.667] Finished.

[13:08:56.667] Moving to: [-3.000 -0.600 -5.400]
[13:09:00.343] Arrived at: [-3.000 -0.600 -5.400]
[13:09:00.343] Deliver: 2 FLASH shots
[13:09:01.001] Finished.

[13:09:01.001] Moving to: [-3.000 -1.200 -5.400]
[13:09:01.979] Arrived at: [-3.000 -1.200 -5.400]
[13:09:01.980] Deliver: 2 FLASH shots
[13:09:02.629] Finished.

[13:09:02.629] Moving to: [-2.400 -1.200 -5.400]
[13:09:03.585] Arrived at: [-2.400 -1.200 -5.400]
[13:09:03.586] Deliver: 2 FLASH shots
[13:09:04.232] Finished.

[13:09:04.232] Moving to: [-2.400 -0.600 -5.400]
[13:09:05.150] Arrived at: [-2.400 -0.600 -5.400]
[13:09:05.150] Deliver: 2 FLASH shots
[13:09:05.802] Finished.

[13:09:05.802] Moving to: [-3.000 -2.400 -5.400]
[13:09:08.271] Arrived at: [-3.000 -2.400 -5.400]
[13:09:08.271] Deliver: 4 FLASH shots
[13:09:09.578] Finished.

[13:09:09.579] Moving to: [-3.000 -3.000 -5.400]
[13:09:10.554] Arrived at: [-3.000 -3.000 -5.400]
[13:09:10.554] Deliver: 4 FLASH shots
[13:09:11.859] Finished.

[13:09:11.859] Moving to: [-2.400 -3.000 -5.400]
[13:09:12.819] Arrived at: [-2.400 -3.000 -5.400]
[13:09:12.820] Deliver: 4 FLASH shots
[13:09:14.145] Finished.

[13:09:14.145] Moving to: [-2.400 -2.400 -5.400]
[13:09:15.086] Arrived at: [-2.400 -2.400 -5.400]
[13:09:15.086] Deliver: 4 FLASH shots
[13:09:16.381] Finished.

[13:09:16.382] Moving to: [-4.800 -0.600 -5.400]
[13:09:20.037] Arrived at: [-4.800 -0.600 -5.400]
[13:09:20.037] Deliver: 7 FLASH shots
[13:09:22.315] Finished.

[13:09:22.315] Moving to: [-4.800 -1.200 -5.400]
[13:09:23.279] Arrived at: [-4.800 -1.200 -5.400]
[13:09:23.280] Deliver: 7 FLASH shots
[13:09:25.562] Finished.

[13:09:25.562] Moving to: [-4.190 -1.200 -5.400]
[13:09:26.545] Arrived at: [-4.190 -1.200 -5.400]
[13:09:26.545] Deliver: 7 FLASH shots
[13:09:28.863] Finished.

[13:09:28.864] Moving to: [-4.190 -0.600 -5.400]
[13:09:29.840] Arrived at: [-4.190 -0.600 -5.400]
[13:09:29.841] Deliver: 7 FLASH shots
[13:09:32.117] Finished.

[13:09:32.117] Moving to: [-4.800 -2.400 -5.400]
[13:09:34.601] Arrived at: [-4.800 -2.400 -5.400]
[13:09:34.602] Deliver: 11 FLASH shots
[13:09:38.233] Finished.

[13:09:38.233] Moving to: [-4.800 -3.000 -5.400]
[13:09:39.207] Arrived at: [-4.800 -3.000 -5.400]
[13:09:39.208] Deliver: 11 FLASH shots
[13:09:42.822] Finished.

[13:09:42.823] Moving to: [-4.190 -3.000 -5.400]
[13:09:43.793] Arrived at: [-4.190 -3.000 -5.400]
[13:09:43.793] Deliver: 11 FLASH shots
[13:09:47.354] Finished.

[13:09:47.354] Moving to: [-4.190 -2.400 -5.400]
[13:09:48.341] Arrived at: [-4.190 -2.400 -5.400]
[13:09:48.341] Deliver: 11 FLASH shots
[13:09:51.914] Finished.

[13:09:51.915] Moving to: [-6.590 -2.400 -5.400]
[13:09:54.067] Arrived at: [-6.590 -2.400 -5.400]
[13:09:54.067] Deliver: 1 FLASH shots
[13:09:54.404] Finished.

[13:09:54.404] Moving to: [-6.590 -3.000 -5.400]
[13:09:55.374] Arrived at: [-6.590 -3.000 -5.400]
[13:09:55.374] Deliver: 1 FLASH shots
[13:09:55.696] Finished.

[13:09:55.696] Moving to: [-5.990 -3.000 -5.400]
[13:09:56.652] Arrived at: [-5.990 -3.000 -5.400]
[13:09:56.653] Deliver: 1 FLASH shots
[13:09:56.994] Finished.

[13:09:56.995] Moving to: [-5.990 -2.400 -5.400]
[13:09:57.953] Arrived at: [-5.990 -2.400 -5.400]
[13:09:57.953] Deliver: 1 FLASH shots
[13:09:58.293] Finished.

[13:09:58.294] Moving to: [-8.390 -0.600 -5.400]
[13:10:01.958] Arrived at: [-8.390 -0.600 -5.400]
[13:10:01.958] Deliver: 2 FLASH shots
[13:10:02.601] Finished.

[13:10:02.602] Moving to: [-8.390 -1.200 -5.400]
[13:10:03.577] Arrived at: [-8.390 -1.200 -5.400]
[13:10:03.577] Deliver: 2 FLASH shots
[13:10:04.220] Finished.

[13:10:04.220] Moving to: [-7.790 -1.200 -5.400]
[13:10:05.182] Arrived at: [-7.790 -1.200 -5.400]
[13:10:05.183] Deliver: 2 FLASH shots
[13:10:05.831] Finished.

[13:10:05.831] Moving to: [-7.790 -0.600 -5.400]
[13:10:06.799] Arrived at: [-7.790 -0.600 -5.400]
[13:10:06.799] Deliver: 2 FLASH shots
[13:10:07.463] Finished.

[13:10:07.464] Moving to: [-8.390 -2.400 -5.400]
[13:10:09.941] Arrived at: [-8.390 -2.400 -5.400]
[13:10:09.942] Deliver: 4 FLASH shots
[13:10:11.257] Finished.

[13:10:11.257] Moving to: [-8.390 -3.000 -5.400]
[13:10:12.230] Arrived at: [-8.390 -3.000 -5.400]
[13:10:12.230] Deliver: 4 FLASH shots
[13:10:13.545] Finished.

[13:10:13.546] Moving to: [-7.790 -3.000 -5.400]
[13:10:14.515] Arrived at: [-7.790 -3.000 -5.400]
[13:10:14.515] Deliver: 4 FLASH shots
[13:10:15.831] Finished.

[13:10:15.831] Moving to: [-7.790 -2.400 -5.400]
[13:10:16.808] Arrived at: [-7.790 -2.400 -5.400]
[13:10:16.808] Deliver: 4 FLASH shots
[13:10:18.099] Finished.

[13:10:18.099] Moving to: [-10.190 -0.600 -5.400]
[13:10:21.781] Arrived at: [-10.190 -0.600 -5.400]
[13:10:21.782] Deliver: 7 FLASH shots
[13:10:24.069] Finished.

[13:10:24.069] Moving to: [-10.190 -1.200 -5.400]
[13:10:25.034] Arrived at: [-10.190 -1.200 -5.400]
[13:10:25.035] Deliver: 7 FLASH shots
[13:10:27.324] Finished.

[13:10:27.324] Moving to: [-9.590 -1.200 -5.400]
[13:10:28.292] Arrived at: [-9.590 -1.200 -5.400]
[13:10:28.292] Deliver: 7 FLASH shots
[13:10:30.605] Finished.

[13:10:30.606] Moving to: [-9.590 -0.600 -5.400]
[13:10:31.572] Arrived at: [-9.590 -0.600 -5.400]
[13:10:31.572] Deliver: 7 FLASH shots
[13:10:33.883] Finished.

[13:10:33.883] Moving to: [-10.190 -2.400 -5.400]
[13:10:36.365] Arrived at: [-10.190 -2.400 -5.400]
[13:10:36.365] Deliver: 11 FLASH shots
[13:10:39.953] Finished.

[13:10:39.954] Moving to: [-10.190 -3.000 -5.400]
[13:10:40.918] Arrived at: [-10.190 -3.000 -5.400]
[13:10:40.918] Deliver: 11 FLASH shots
[13:10:44.518] Finished.

[13:10:44.519] Moving to: [-9.590 -3.000 -5.400]
[13:10:45.489] Arrived at: [-9.590 -3.000 -5.400]
[13:10:45.489] Deliver: 11 FLASH shots
[13:10:49.118] Finished.

[13:10:49.118] Moving to: [-9.590 -2.400 -5.400]
[13:10:50.069] Arrived at: [-9.590 -2.400 -5.400]
[13:10:50.069] Deliver: 11 FLASH shots
[13:10:53.640] Finished.

[13:10:53.640] Plan irradiation finished.
