[11:57:05.432] Starting plan irradiation...
	Plan name: Prueba para RC
	Plan comment: H8 con w18
	Plan type: CONV
	PepperPot code: 1
	Air depth at stage position Z=0: 0.00 cm
	Absolut shift from X to (0,0) well: [0.000 0.000 0.000]
	Current intensity: 7.700 nA (planned for 10.000 nA)

[11:57:16.946] Moving to: [-0.120 0.120 0.000]
[11:57:17.885] Moving to: [-0.120 0.120 0.000]
[11:57:18.102] Arrived at: [-0.120 0.120 0.000]
[11:57:18.874] Open shutter for 5.000s
[11:57:23.941] Shutter closed.

[11:57:23.946] Moving to: [-0.120 0.000 0.000]
[11:57:24.531] Arrived at: [-0.120 0.000 0.000]
[11:57:25.324] Open shutter for 5.000s
[11:57:30.386] Shutter closed.

[11:57:30.386] Moving to: [-0.120 -0.120 0.000]
[11:57:30.970] Arrived at: [-0.120 -0.120 0.000]
[11:57:31.765] Open shutter for 5.000s
[11:57:36.838] Shutter closed.

[11:57:36.839] Moving to: [0.000 0.120 0.000]
[11:57:37.843] Arrived at: [0.000 0.120 0.000]
[11:57:38.635] Open shutter for 5.000s
[11:57:43.694] Shutter closed.

[11:57:43.694] Moving to: [0.000 0.000 0.000]
[11:57:44.271] Arrived at: [0.000 0.000 0.000]
[11:57:45.048] Open shutter for 5.000s
[11:57:50.116] Shutter closed.

[11:57:50.117] Moving to: [0.000 -0.120 0.000]
[11:57:50.709] Arrived at: [0.000 -0.120 0.000]
[11:57:51.484] Open shutter for 5.000s
[11:57:56.540] Shutter closed.

[11:57:56.540] Moving to: [0.120 0.120 0.000]
[11:57:57.574] Arrived at: [0.120 0.120 0.000]
[11:57:58.351] Open shutter for 5.000s
[11:58:03.414] Shutter closed.

[11:58:03.415] Moving to: [0.120 0.000 0.000]
[11:58:03.977] Arrived at: [0.120 0.000 0.000]
[11:58:04.750] Open shutter for 5.000s
[11:58:09.807] Shutter closed.

[11:58:09.807] Moving to: [0.120 -0.120 0.000]
[11:58:10.397] Arrived at: [0.120 -0.120 0.000]
[11:58:11.172] Open shutter for 5.000s
[11:58:16.248] Shutter closed.

[11:58:16.249] Plan irradiation finished.
