[12:41:08.062] Starting plan irradiation...
	Plan name: Prueba para RC
	Plan comment: H9 con W18
	Plan type: CONV
	PepperPot code: 1
	Air depth at stage position Z=0: 0.00 cm
	Absolut shift from X to (0,0) well: [0.000 0.000 0.000]
	Current intensity: 7.000 nA (planned for 10.000 nA)

[12:41:25.163] Moving to: [-0.120 0.120 0.000]
[12:41:26.111] Moving to: [-0.120 0.120 0.000]
[12:41:26.326] Arrived at: [-0.120 0.120 0.000]
[12:41:27.208] Open shutter for 10.000s
[12:41:37.268] Shutter closed.

[12:41:37.274] Moving to: [-0.120 0.000 0.000]
[12:41:37.838] Arrived at: [-0.120 0.000 0.000]
[12:41:38.713] Open shutter for 10.000s
[12:41:48.769] Shutter closed.

[12:41:48.770] Moving to: [-0.120 -0.120 0.000]
[12:41:49.380] Arrived at: [-0.120 -0.120 0.000]
[12:41:50.264] Open shutter for 10.000s
[12:42:00.340] Shutter closed.

[12:42:00.341] Moving to: [0.000 0.120 0.000]
[12:42:01.420] Arrived at: [0.000 0.120 0.000]
[12:42:02.325] Open shutter for 10.000s
[12:42:12.401] Shutter closed.

[12:42:12.401] Moving to: [0.000 0.000 0.000]
[12:42:13.021] Arrived at: [0.000 0.000 0.000]
[12:42:13.914] Open shutter for 10.000s
[12:42:23.977] Shutter closed.

[12:42:23.978] Moving to: [0.000 -0.120 0.000]
[12:42:24.569] Arrived at: [0.000 -0.120 0.000]
[12:42:25.439] Open shutter for 10.000s
[12:42:35.516] Shutter closed.

[12:42:35.516] Moving to: [0.120 0.120 0.000]
[12:42:36.531] Arrived at: [0.120 0.120 0.000]
[12:42:37.406] Open shutter for 10.000s
[12:42:47.466] Shutter closed.

[12:42:47.466] Moving to: [0.120 0.000 0.000]
[12:42:48.049] Arrived at: [0.120 0.000 0.000]
[12:42:48.925] Open shutter for 10.000s
[12:42:59.004] Shutter closed.

[12:42:59.005] Moving to: [0.120 -0.120 0.000]
[12:42:59.580] Arrived at: [0.120 -0.120 0.000]
[12:43:00.146] Open shutter for 10.000s
[12:43:10.210] Shutter closed.

[12:43:10.211] Plan irradiation finished.
