[19:25:25.295] Starting plan irradiation...
	Plan name: CONV Placa
	Plan type: CONV
	PepperPot code: PP2capas
	Air depth at stage position Z=0: 4.60 cm
	Absolut shift from X to (0,0) well: [0.000 0.000 0.000]
	Current intensity: 0.073 nA (planned for 0.076 nA)

[19:25:28.830] Moving to: [-1.200 -2.400 -5.400]
[19:25:31.396] Moving to: [-1.200 -2.400 -5.400]
[19:25:31.640] Arrived at: [-1.200 -2.400 -5.400]
[19:25:32.302] Open shutter for 0.875s
[19:25:33.211] Shutter closed.

[19:25:33.211] Moving to: [-1.200 -3.000 -5.400]
[19:25:34.162] Arrived at: [-1.200 -3.000 -5.400]
[19:25:34.813] Open shutter for 0.875s
[19:25:35.715] Shutter closed.

[19:25:35.716] Moving to: [-0.600 -3.000 -5.400]
[19:25:36.662] Arrived at: [-0.600 -3.000 -5.400]
[19:25:37.334] Open shutter for 0.875s
[19:25:38.234] Shutter closed.

[19:25:38.235] Moving to: [-0.600 -2.400 -5.400]
[19:25:39.199] Arrived at: [-0.600 -2.400 -5.400]
[19:25:39.850] Open shutter for 0.875s
[19:25:40.751] Shutter closed.

[19:25:40.752] Moving to: [-3.000 -0.600 -5.400]
[19:25:44.443] Arrived at: [-3.000 -0.600 -5.400]
[19:25:45.106] Open shutter for 1.751s
[19:25:46.881] Shutter closed.

[19:25:46.881] Moving to: [-3.000 -1.200 -5.400]
[19:25:47.851] Arrived at: [-3.000 -1.200 -5.400]
[19:25:48.506] Open shutter for 1.751s
[19:25:50.295] Shutter closed.

[19:25:50.295] Moving to: [-2.400 -1.200 -5.400]
[19:25:51.267] Arrived at: [-2.400 -1.200 -5.400]
[19:25:51.915] Open shutter for 1.751s
[19:25:53.690] Shutter closed.

[19:25:53.690] Moving to: [-2.400 -0.600 -5.400]
[19:25:54.654] Arrived at: [-2.400 -0.600 -5.400]
[19:25:54.705] Open shutter for 1.751s
[19:25:56.506] Shutter closed.

[19:25:56.507] Moving to: [-3.000 -2.400 -5.400]
[19:25:58.979] Arrived at: [-3.000 -2.400 -5.400]
[19:25:59.637] Open shutter for 3.502s
[19:26:03.181] Shutter closed.

[19:26:03.181] Moving to: [-3.000 -3.000 -5.400]
[19:26:04.130] Arrived at: [-3.000 -3.000 -5.400]
[19:26:04.185] Open shutter for 3.502s
[19:26:07.728] Shutter closed.

[19:26:07.728] Moving to: [-2.400 -3.000 -5.400]
[19:26:08.680] Arrived at: [-2.400 -3.000 -5.400]
[19:26:09.341] Open shutter for 3.502s
[19:26:12.863] Shutter closed.

[19:26:12.863] Moving to: [-2.400 -2.400 -5.400]
[19:26:13.815] Arrived at: [-2.400 -2.400 -5.400]
[19:26:14.471] Open shutter for 3.502s
[19:26:17.996] Shutter closed.

[19:26:17.996] Moving to: [-4.800 -0.600 -5.400]
[19:26:21.658] Arrived at: [-4.800 -0.600 -5.400]
[19:26:22.313] Open shutter for 7.003s
[19:26:29.358] Shutter closed.

[19:26:29.359] Moving to: [-4.800 -1.200 -5.400]
[19:26:30.325] Arrived at: [-4.800 -1.200 -5.400]
[19:26:30.997] Open shutter for 7.003s
[19:26:38.035] Shutter closed.

[19:26:38.035] Moving to: [-4.190 -1.200 -5.400]
[19:26:39.013] Arrived at: [-4.190 -1.200 -5.400]
[19:26:39.675] Open shutter for 7.003s
[19:26:46.720] Shutter closed.

[19:26:46.720] Moving to: [-4.190 -0.600 -5.400]
[19:26:47.670] Arrived at: [-4.190 -0.600 -5.400]
[19:26:48.341] Open shutter for 7.003s
[19:26:55.388] Shutter closed.

[19:26:55.388] Moving to: [-4.800 -2.400 -5.400]
[19:26:57.841] Arrived at: [-4.800 -2.400 -5.400]
[19:26:58.604] Open shutter for 10.505s
[19:27:09.149] Shutter closed.

[19:27:09.149] Moving to: [-4.800 -3.000 -5.400]
[19:27:10.097] Arrived at: [-4.800 -3.000 -5.400]
[19:27:10.867] Open shutter for 10.505s
[19:27:21.409] Shutter closed.

[19:27:21.410] Moving to: [-4.190 -3.000 -5.400]
[19:27:22.385] Arrived at: [-4.190 -3.000 -5.400]
[19:27:23.152] Open shutter for 10.505s
[19:27:33.700] Shutter closed.

[19:27:33.700] Moving to: [-4.190 -2.400 -5.400]
[19:27:34.662] Arrived at: [-4.190 -2.400 -5.400]
[19:27:35.427] Open shutter for 10.505s
[19:27:45.980] Shutter closed.

[19:27:45.980] Plan irradiation finished.
