[19:12:42.432] Starting plan irradiation...
	Plan name: CONV Placa
	Plan type: CONV
	PepperPot code: PP2capas
	Air depth at stage position Z=0: 4.60 cm
	Absolut shift from X to (0,0) well: [0.000 0.000 0.000]
	Current intensity: 0.074 nA (planned for 0.076 nA)

[19:12:52.691] Moving to: [-1.200 -2.400 -5.400]
[19:12:55.261] Moving to: [-1.200 -2.400 -5.400]
[19:12:55.517] Arrived at: [-1.200 -2.400 -5.400]
[19:12:56.180] Open shutter for 0.875s
[19:12:57.096] Shutter closed.

[19:12:57.096] Moving to: [-1.200 -3.000 -5.400]
[19:12:58.094] Arrived at: [-1.200 -3.000 -5.400]
[19:12:58.749] Open shutter for 0.875s
[19:12:59.661] Shutter closed.

[19:12:59.661] Moving to: [-0.600 -3.000 -5.400]
[19:13:00.646] Arrived at: [-0.600 -3.000 -5.400]
[19:13:01.305] Open shutter for 0.875s
[19:13:02.210] Shutter closed.

[19:13:02.210] Moving to: [-0.600 -2.400 -5.400]
[19:13:03.193] Arrived at: [-0.600 -2.400 -5.400]
[19:13:03.858] Open shutter for 0.875s
[19:13:04.757] Shutter closed.

[19:13:04.757] Moving to: [-3.000 -0.600 -5.400]
[19:13:08.473] Arrived at: [-3.000 -0.600 -5.400]
[19:13:09.151] Open shutter for 1.751s
[19:13:10.930] Shutter closed.

[19:13:10.930] Moving to: [-3.000 -1.200 -5.400]
[19:13:11.905] Arrived at: [-3.000 -1.200 -5.400]
[19:13:12.571] Open shutter for 1.751s
[19:13:14.358] Shutter closed.

[19:13:14.358] Moving to: [-2.400 -1.200 -5.400]
[19:13:15.335] Arrived at: [-2.400 -1.200 -5.400]
[19:13:16.001] Open shutter for 1.751s
[19:13:17.791] Shutter closed.

[19:13:17.791] Moving to: [-2.400 -0.600 -5.400]
[19:13:18.797] Arrived at: [-2.400 -0.600 -5.400]
[19:13:19.459] Open shutter for 1.751s
[19:13:21.239] Shutter closed.

[19:13:21.239] Moving to: [-3.000 -2.400 -5.400]
[19:13:23.746] Arrived at: [-3.000 -2.400 -5.400]
[19:13:24.414] Open shutter for 3.502s
[19:13:27.944] Shutter closed.

[19:13:27.944] Moving to: [-3.000 -3.000 -5.400]
[19:13:28.919] Arrived at: [-3.000 -3.000 -5.400]
[19:13:29.585] Open shutter for 3.502s
[19:13:33.117] Shutter closed.

[19:13:33.117] Moving to: [-2.400 -3.000 -5.400]
[19:13:34.109] Arrived at: [-2.400 -3.000 -5.400]
[19:13:34.775] Open shutter for 3.502s
[19:13:38.320] Shutter closed.

[19:13:38.321] Moving to: [-2.400 -2.400 -5.400]
[19:13:39.279] Arrived at: [-2.400 -2.400 -5.400]
[19:13:39.950] Open shutter for 3.502s
[19:13:43.485] Shutter closed.

[19:13:43.485] Moving to: [-4.800 -0.600 -5.400]
[19:13:47.156] Arrived at: [-4.800 -0.600 -5.400]
[19:13:47.821] Open shutter for 7.003s
[19:13:54.867] Shutter closed.

[19:13:54.867] Moving to: [-4.800 -1.200 -5.400]
[19:13:55.829] Arrived at: [-4.800 -1.200 -5.400]
[19:13:56.482] Open shutter for 7.003s
[19:14:03.525] Shutter closed.

[19:14:03.526] Moving to: [-4.190 -1.200 -5.400]
[19:14:04.496] Arrived at: [-4.190 -1.200 -5.400]
[19:14:05.145] Open shutter for 7.003s
[19:14:12.180] Shutter closed.

[19:14:12.180] Moving to: [-4.190 -0.600 -5.400]
[19:14:13.140] Arrived at: [-4.190 -0.600 -5.400]
[19:14:13.796] Open shutter for 7.003s
[19:14:20.835] Shutter closed.

[19:14:20.835] Moving to: [-4.800 -2.400 -5.400]
[19:14:23.303] Arrived at: [-4.800 -2.400 -5.400]
[19:14:24.066] Open shutter for 10.505s
[19:14:34.608] Shutter closed.

[19:14:34.609] Moving to: [-4.800 -3.000 -5.400]
[19:14:35.579] Arrived at: [-4.800 -3.000 -5.400]
[19:14:36.344] Open shutter for 10.505s
[19:14:46.894] Shutter closed.

[19:14:46.894] Moving to: [-4.190 -3.000 -5.400]
[19:14:47.857] Arrived at: [-4.190 -3.000 -5.400]
[19:14:48.618] Open shutter for 10.505s
[19:14:59.165] Shutter closed.

[19:14:59.166] Moving to: [-4.190 -2.400 -5.400]
[19:15:00.125] Arrived at: [-4.190 -2.400 -5.400]
[19:15:00.898] Open shutter for 10.505s
[19:15:11.450] Shutter closed.

[19:15:11.450] Plan irradiation finished.
