[11:45:03.891] Starting plan irradiation...
	Plan name: Plan de calibración
	Plan type: CONV
	PepperPot code: 1
	Air depth at stage position Z=0: 4.40 cm
	Absolut shift from X to (0,0) well: [0.000 0.000 0.000]
	Current intensity: 0.000 nA (planned for 0.050 nA)

[11:45:07.369] Moving to: [-1.360 -1.360 -5.600]
[11:45:10.814] Arrived at: [-1.360 -1.360 -5.600]
[11:45:11.377] Open shutter for 0.030s
[11:45:11.441] Shutter closed.

[11:45:11.441] Moving to: [-1.360 -0.900 -5.600]
[11:45:12.550] Arrived at: [-1.360 -0.900 -5.600]
[11:45:13.098] Open shutter for 0.030s
[11:45:13.163] Shutter closed.

[11:45:13.163] Moving to: [-1.360 -0.430 -5.600]
[11:45:14.263] Arrived at: [-1.360 -0.430 -5.600]
[11:45:14.828] Open shutter for 0.030s
[11:45:14.895] Shutter closed.

[11:45:14.895] Moving to: [-0.900 -0.430 -5.600]
[11:45:16.004] Arrived at: [-0.900 -0.430 -5.600]
[11:45:16.558] Open shutter for 0.030s
[11:45:16.606] Shutter closed.

[11:45:16.606] Moving to: [-0.900 -0.900 -5.600]
[11:45:17.698] Arrived at: [-0.900 -0.900 -5.600]
[11:45:18.347] Open shutter for 0.027s
[11:45:18.410] Shutter closed.

[11:45:18.410] Moving to: [-0.900 -1.360 -5.600]
[11:45:19.525] Arrived at: [-0.900 -1.360 -5.600]
[11:45:20.078] Open shutter for 0.030s
[11:45:20.146] Shutter closed.

[11:45:20.147] Moving to: [-0.430 -1.360 -5.600]
[11:45:21.240] Arrived at: [-0.430 -1.360 -5.600]
[11:45:21.791] Open shutter for 0.030s
[11:45:21.863] Shutter closed.

[11:45:21.863] Moving to: [-0.430 -0.900 -5.600]
[11:45:22.947] Arrived at: [-0.430 -0.900 -5.600]
[11:45:23.495] Open shutter for 0.030s
[11:45:23.564] Shutter closed.

[11:45:23.564] Moving to: [-0.430 -0.430 -5.600]
[11:45:24.668] Arrived at: [-0.430 -0.430 -5.600]
[11:45:25.223] Open shutter for 0.030s
[11:45:25.286] Shutter closed.

[11:45:25.286] Moving to: [-1.360 -4.060 -5.600]
[11:45:29.435] Arrived at: [-1.360 -4.060 -5.600]
[11:45:30.091] Open shutter for 0.152s
[11:45:30.276] Shutter closed.

[11:45:30.276] Moving to: [-1.360 -3.600 -5.600]
[11:45:31.368] Arrived at: [-1.360 -3.600 -5.600]
[11:45:32.013] Open shutter for 0.152s
[11:45:32.192] Shutter closed.

[11:45:32.192] Moving to: [-1.360 -3.130 -5.600]
[11:45:33.304] Arrived at: [-1.360 -3.130 -5.600]
[11:45:33.967] Open shutter for 0.152s
[11:45:34.142] Shutter closed.

[11:45:34.142] Moving to: [-0.900 -3.130 -5.600]
[11:45:35.264] Arrived at: [-0.900 -3.130 -5.600]
[11:45:35.919] Open shutter for 0.152s
[11:45:36.102] Shutter closed.

[11:45:36.102] Moving to: [-0.900 -3.600 -5.600]
[11:45:37.209] Arrived at: [-0.900 -3.600 -5.600]
[11:45:37.870] Open shutter for 0.136s
[11:45:38.023] Shutter closed.

[11:45:38.023] Moving to: [-0.900 -4.060 -5.600]
[11:45:39.140] Arrived at: [-0.900 -4.060 -5.600]
[11:45:39.790] Open shutter for 0.152s
[11:45:39.969] Shutter closed.

[11:45:39.970] Moving to: [-0.430 -4.060 -5.600]
[11:45:41.338] Arrived at: [-0.430 -4.060 -5.600]
[11:45:42.004] Open shutter for 0.152s
[11:45:42.185] Shutter closed.

[11:45:42.185] Moving to: [-0.430 -3.600 -5.600]
[11:45:43.277] Arrived at: [-0.430 -3.600 -5.600]
[11:45:43.925] Open shutter for 0.152s
[11:45:44.118] Shutter closed.

[11:45:44.118] Moving to: [-0.430 -3.130 -5.600]
[11:45:45.234] Arrived at: [-0.430 -3.130 -5.600]
[11:45:45.888] Open shutter for 0.152s
[11:45:46.067] Shutter closed.

[11:45:46.068] Moving to: [-1.360 -6.760 -5.600]
[11:45:50.198] Arrived at: [-1.360 -6.760 -5.600]
[11:45:50.860] Open shutter for 0.273s
[11:45:51.175] Shutter closed.

[11:45:51.175] Moving to: [-1.360 -6.290 -5.600]
[11:45:52.269] Arrived at: [-1.360 -6.290 -5.600]
[11:45:52.918] Open shutter for 0.273s
[11:45:53.236] Shutter closed.

[11:45:53.236] Moving to: [-1.360 -5.830 -5.600]
[11:45:54.357] Arrived at: [-1.360 -5.830 -5.600]
[11:45:55.019] Open shutter for 0.273s
[11:45:55.325] Shutter closed.

[11:45:55.326] Moving to: [-0.900 -5.830 -5.600]
[11:45:56.431] Arrived at: [-0.900 -5.830 -5.600]
[11:45:57.098] Open shutter for 0.273s
[11:45:57.398] Shutter closed.

[11:45:57.398] Moving to: [-0.900 -6.290 -5.600]
[11:45:58.520] Arrived at: [-0.900 -6.290 -5.600]
[11:45:59.185] Open shutter for 0.246s
[11:45:59.457] Shutter closed.

[11:45:59.457] Moving to: [-0.900 -6.760 -5.600]
[11:46:00.574] Arrived at: [-0.900 -6.760 -5.600]
[11:46:01.231] Open shutter for 0.273s
[11:46:01.549] Shutter closed.

[11:46:01.549] Moving to: [-0.430 -6.760 -5.600]
[11:46:02.664] Arrived at: [-0.430 -6.760 -5.600]
[11:46:03.326] Open shutter for 0.273s
[11:46:03.626] Shutter closed.

[11:46:03.626] Moving to: [-0.430 -6.290 -5.600]
[11:46:04.751] Arrived at: [-0.430 -6.290 -5.600]
[11:46:05.413] Open shutter for 0.273s
[11:46:05.730] Shutter closed.

[11:46:05.730] Moving to: [-0.430 -5.830 -5.600]
[11:46:06.849] Arrived at: [-0.430 -5.830 -5.600]
[11:46:07.509] Open shutter for 0.273s
[11:46:07.801] Shutter closed.

[11:46:07.801] Moving to: [-4.060 -1.360 -5.600]
[11:46:14.314] Arrived at: [-4.060 -1.360 -5.600]
[11:46:14.984] Open shutter for 0.061s
[11:46:15.076] Shutter closed.

[11:46:15.076] Moving to: [-4.060 -0.900 -5.600]
[11:46:16.413] Arrived at: [-4.060 -0.900 -5.600]
[11:46:17.081] Open shutter for 0.061s
[11:46:17.171] Shutter closed.

[11:46:17.172] Moving to: [-4.060 -0.430 -5.600]
[11:46:18.528] Arrived at: [-4.060 -0.430 -5.600]
[11:46:19.185] Open shutter for 0.061s
[11:46:19.277] Shutter closed.

[11:46:19.277] Moving to: [-3.600 -0.430 -5.600]
[11:46:20.362] Arrived at: [-3.600 -0.430 -5.600]
[11:46:21.022] Open shutter for 0.061s
[11:46:21.117] Shutter closed.

[11:46:21.118] Moving to: [-3.600 -0.900 -5.600]
[11:46:22.229] Arrived at: [-3.600 -0.900 -5.600]
[11:46:22.894] Open shutter for 0.055s
[11:46:22.984] Shutter closed.

[11:46:22.985] Moving to: [-3.600 -1.360 -5.600]
[11:46:24.080] Arrived at: [-3.600 -1.360 -5.600]
[11:46:24.744] Open shutter for 0.061s
[11:46:24.831] Shutter closed.

[11:46:24.832] Moving to: [-3.130 -1.360 -5.600]
[11:46:25.938] Arrived at: [-3.130 -1.360 -5.600]
[11:46:26.601] Open shutter for 0.061s
[11:46:26.692] Shutter closed.

[11:46:26.692] Moving to: [-3.130 -0.900 -5.600]
[11:46:27.787] Arrived at: [-3.130 -0.900 -5.600]
[11:46:28.434] Open shutter for 0.061s
[11:46:28.519] Shutter closed.

[11:46:28.519] Moving to: [-3.130 -0.430 -5.600]
[11:46:29.621] Arrived at: [-3.130 -0.430 -5.600]
[11:46:30.285] Open shutter for 0.061s
[11:46:30.376] Shutter closed.

[11:46:30.376] Moving to: [-4.060 -4.060 -5.600]
[11:46:34.488] Arrived at: [-4.060 -4.060 -5.600]
[11:46:35.151] Open shutter for 0.182s
[11:46:35.377] Shutter closed.

[11:46:35.377] Moving to: [-4.060 -3.600 -5.600]
[11:46:36.714] Arrived at: [-4.060 -3.600 -5.600]
[11:46:37.376] Open shutter for 0.182s
[11:46:37.584] Shutter closed.

[11:46:37.584] Moving to: [-4.060 -3.130 -5.600]
[11:46:38.939] Arrived at: [-4.060 -3.130 -5.600]
[11:46:39.610] Open shutter for 0.182s
[11:46:39.811] Shutter closed.

[11:46:39.811] Moving to: [-3.600 -3.130 -5.600]
[11:46:40.920] Arrived at: [-3.600 -3.130 -5.600]
[11:46:41.570] Open shutter for 0.182s
[11:46:41.791] Shutter closed.

[11:46:41.791] Moving to: [-3.600 -3.600 -5.600]
[11:46:42.909] Arrived at: [-3.600 -3.600 -5.600]
[11:46:43.554] Open shutter for 0.164s
[11:46:43.749] Shutter closed.

[11:46:43.749] Moving to: [-3.600 -4.060 -5.600]
[11:46:44.855] Arrived at: [-3.600 -4.060 -5.600]
[11:46:45.517] Open shutter for 0.182s
[11:46:45.738] Shutter closed.

[11:46:45.738] Moving to: [-3.130 -4.060 -5.600]
[11:46:47.093] Arrived at: [-3.130 -4.060 -5.600]
[11:46:47.751] Open shutter for 0.182s
[11:46:47.974] Shutter closed.

[11:46:47.974] Moving to: [-3.130 -3.600 -5.600]
[11:46:49.087] Arrived at: [-3.130 -3.600 -5.600]
[11:46:49.753] Open shutter for 0.182s
[11:46:49.957] Shutter closed.

[11:46:49.957] Moving to: [-3.130 -3.130 -5.600]
[11:46:51.059] Arrived at: [-3.130 -3.130 -5.600]
[11:46:51.107] Open shutter for 0.182s
[11:46:51.334] Shutter closed.

[11:46:51.334] Moving to: [-4.060 -6.760 -5.600]
[11:46:55.466] Arrived at: [-4.060 -6.760 -5.600]
[11:46:56.118] Open shutter for 0.303s
[11:46:56.443] Shutter closed.

[11:46:56.443] Moving to: [-4.060 -6.290 -5.600]
[11:46:57.796] Arrived at: [-4.060 -6.290 -5.600]
[11:46:58.456] Open shutter for 0.303s
[11:46:58.779] Shutter closed.

[11:46:58.779] Moving to: [-4.060 -5.830 -5.600]
[11:47:00.119] Arrived at: [-4.060 -5.830 -5.600]
[11:47:00.767] Open shutter for 0.303s
[11:47:01.103] Shutter closed.

[11:47:01.103] Moving to: [-3.600 -5.830 -5.600]
[11:47:02.222] Arrived at: [-3.600 -5.830 -5.600]
[11:47:02.891] Open shutter for 0.303s
[11:47:03.212] Shutter closed.

[11:47:03.212] Moving to: [-3.600 -6.290 -5.600]
[11:47:04.332] Arrived at: [-3.600 -6.290 -5.600]
[11:47:04.986] Open shutter for 0.273s
[11:47:05.279] Shutter closed.

[11:47:05.279] Moving to: [-3.600 -6.760 -5.600]
[11:47:06.380] Arrived at: [-3.600 -6.760 -5.600]
[11:47:07.040] Open shutter for 0.303s
[11:47:07.382] Shutter closed.

[11:47:07.382] Moving to: [-3.130 -6.760 -5.600]
[11:47:08.489] Arrived at: [-3.130 -6.760 -5.600]
[11:47:09.145] Open shutter for 0.303s
[11:47:09.485] Shutter closed.

[11:47:09.486] Moving to: [-3.130 -6.290 -5.600]
[11:47:10.577] Arrived at: [-3.130 -6.290 -5.600]
[11:47:11.227] Open shutter for 0.303s
[11:47:11.559] Shutter closed.

[11:47:11.560] Moving to: [-3.130 -5.830 -5.600]
[11:47:12.670] Arrived at: [-3.130 -5.830 -5.600]
[11:47:13.335] Open shutter for 0.303s
[11:47:13.670] Shutter closed.

[11:47:13.670] Moving to: [-6.760 -1.360 -5.600]
[11:47:20.182] Arrived at: [-6.760 -1.360 -5.600]
[11:47:20.234] Open shutter for 0.091s
[11:47:20.590] Shutter closed.

[11:47:20.591] Moving to: [-6.760 -0.900 -5.600]
[11:47:21.681] Arrived at: [-6.760 -0.900 -5.600]
[11:47:22.341] Open shutter for 0.091s
[11:47:22.456] Shutter closed.

[11:47:22.456] Moving to: [-6.760 -0.430 -5.600]
[11:47:23.538] Arrived at: [-6.760 -0.430 -5.600]
[11:47:23.586] Open shutter for 0.091s
[11:47:23.723] Shutter closed.

[11:47:23.724] Moving to: [-6.290 -0.430 -5.600]
[11:47:24.785] Arrived at: [-6.290 -0.430 -5.600]
[11:47:25.441] Open shutter for 0.091s
[11:47:25.550] Shutter closed.

[11:47:25.551] Moving to: [-6.290 -0.900 -5.600]
[11:47:26.618] Arrived at: [-6.290 -0.900 -5.600]
[11:47:27.284] Open shutter for 0.082s
[11:47:27.397] Shutter closed.

[11:47:27.397] Moving to: [-6.290 -1.360 -5.600]
[11:47:28.500] Arrived at: [-6.290 -1.360 -5.600]
[11:47:29.174] Open shutter for 0.091s
[11:47:29.288] Shutter closed.

[11:47:29.289] Moving to: [-5.830 -1.360 -5.600]
[11:47:30.391] Arrived at: [-5.830 -1.360 -5.600]
[11:47:31.038] Open shutter for 0.091s
[11:47:31.176] Shutter closed.

[11:47:31.176] Moving to: [-5.830 -0.900 -5.600]
[11:47:32.255] Arrived at: [-5.830 -0.900 -5.600]
[11:47:32.915] Open shutter for 0.091s
[11:47:33.047] Shutter closed.

[11:47:33.047] Moving to: [-5.830 -0.430 -5.600]
[11:47:34.149] Arrived at: [-5.830 -0.430 -5.600]
[11:47:34.806] Open shutter for 0.091s
[11:47:34.929] Shutter closed.

[11:47:34.929] Moving to: [-6.760 -4.060 -5.600]
[11:47:39.047] Arrived at: [-6.760 -4.060 -5.600]
[11:47:39.699] Open shutter for 0.212s
[11:47:39.941] Shutter closed.

[11:47:39.941] Moving to: [-6.760 -3.600 -5.600]
[11:47:41.066] Arrived at: [-6.760 -3.600 -5.600]
[11:47:41.722] Open shutter for 0.212s
[11:47:41.950] Shutter closed.

[11:47:41.951] Moving to: [-6.760 -3.130 -5.600]
[11:47:43.068] Arrived at: [-6.760 -3.130 -5.600]
[11:47:43.737] Open shutter for 0.212s
[11:47:43.977] Shutter closed.

[11:47:43.978] Moving to: [-6.290 -3.130 -5.600]
