[18:53:08.838] Starting plan irradiation...
	Plan name: CONV Placa
	Plan type: CONV
	PepperPot code: PP2capas
	Air depth at stage position Z=0: 4.60 cm
	Absolut shift from X to (0,0) well: [0.000 0.000 0.000]
	Current intensity: 0.078 nA (planned for 0.076 nA)

[18:53:19.189] Moving to: [-1.200 -2.400 -5.400]
[18:53:21.731] Moving to: [-1.200 -2.400 -5.400]
[18:53:21.973] Arrived at: [-1.200 -2.400 -5.400]
[18:53:22.630] Open shutter for 0.875s
[18:53:23.540] Shutter closed.

[18:53:23.540] Moving to: [-1.200 -3.000 -5.400]
[18:53:24.510] Arrived at: [-1.200 -3.000 -5.400]
[18:53:25.158] Open shutter for 0.875s
[18:53:26.060] Shutter closed.

[18:53:26.060] Moving to: [-0.600 -3.000 -5.400]
[18:53:27.022] Arrived at: [-0.600 -3.000 -5.400]
[18:53:27.671] Open shutter for 0.875s
[18:53:28.568] Shutter closed.

[18:53:28.568] Moving to: [-0.600 -2.400 -5.400]
[18:53:29.529] Arrived at: [-0.600 -2.400 -5.400]
[18:53:30.179] Open shutter for 0.875s
[18:53:31.076] Shutter closed.

[18:53:31.076] Moving to: [-3.000 -0.600 -5.400]
[18:53:34.720] Arrived at: [-3.000 -0.600 -5.400]
[18:53:35.376] Open shutter for 1.751s
[18:53:37.162] Shutter closed.

[18:53:37.162] Moving to: [-3.000 -1.200 -5.400]
[18:53:38.114] Arrived at: [-3.000 -1.200 -5.400]
[18:53:38.789] Open shutter for 1.751s
[18:53:40.580] Shutter closed.

[18:53:40.580] Moving to: [-2.400 -1.200 -5.400]
[18:53:41.561] Arrived at: [-2.400 -1.200 -5.400]
[18:53:42.224] Open shutter for 1.751s
[18:53:44.018] Shutter closed.

[18:53:44.018] Moving to: [-2.400 -0.600 -5.400]
[18:53:44.984] Arrived at: [-2.400 -0.600 -5.400]
[18:53:45.648] Open shutter for 1.751s
[18:53:47.426] Shutter closed.

[18:53:47.426] Moving to: [-3.000 -2.400 -5.400]
[18:53:49.875] Arrived at: [-3.000 -2.400 -5.400]
[18:53:50.528] Open shutter for 3.502s
[18:53:54.062] Shutter closed.

[18:53:54.063] Moving to: [-3.000 -3.000 -5.400]
[18:53:55.027] Arrived at: [-3.000 -3.000 -5.400]
[18:53:55.685] Open shutter for 3.502s
[18:53:59.218] Shutter closed.

[18:53:59.218] Moving to: [-2.400 -3.000 -5.400]
[18:54:00.171] Arrived at: [-2.400 -3.000 -5.400]
[18:54:00.221] Open shutter for 3.502s
[18:54:03.765] Shutter closed.

[18:54:03.765] Moving to: [-2.400 -2.400 -5.400]
[18:54:04.724] Arrived at: [-2.400 -2.400 -5.400]
[18:54:05.377] Open shutter for 3.502s
[18:54:08.911] Shutter closed.

[18:54:08.911] Moving to: [-4.800 -0.600 -5.400]
[18:54:12.581] Arrived at: [-4.800 -0.600 -5.400]
[18:54:13.244] Open shutter for 7.003s
[18:54:20.279] Shutter closed.

[18:54:20.280] Moving to: [-4.800 -1.200 -5.400]
[18:54:21.237] Arrived at: [-4.800 -1.200 -5.400]
[18:54:21.899] Open shutter for 7.003s
[18:54:28.943] Shutter closed.

[18:54:28.943] Moving to: [-4.190 -1.200 -5.400]
[18:54:29.901] Arrived at: [-4.190 -1.200 -5.400]
[18:54:30.571] Open shutter for 7.003s
[18:54:37.613] Shutter closed.

[18:54:37.613] Moving to: [-4.190 -0.600 -5.400]
[18:54:38.562] Arrived at: [-4.190 -0.600 -5.400]
[18:54:39.215] Open shutter for 7.003s
[18:54:46.239] Shutter closed.

[18:54:46.240] Moving to: [-4.800 -2.400 -5.400]
[18:54:48.712] Arrived at: [-4.800 -2.400 -5.400]
[18:54:49.470] Open shutter for 10.505s
[18:55:00.003] Shutter closed.

[18:55:00.003] Moving to: [-4.800 -3.000 -5.400]
[18:55:00.955] Arrived at: [-4.800 -3.000 -5.400]
[18:55:01.703] Open shutter for 10.505s
[18:55:12.239] Shutter closed.

[18:55:12.239] Moving to: [-4.190 -3.000 -5.400]
[18:55:13.200] Arrived at: [-4.190 -3.000 -5.400]
[18:55:13.952] Open shutter for 10.505s
[18:55:24.503] Shutter closed.

[18:55:24.503] Moving to: [-4.190 -2.400 -5.400]
[18:55:25.459] Arrived at: [-4.190 -2.400 -5.400]
[18:55:26.209] Open shutter for 10.505s
[18:55:36.762] Shutter closed.

[18:55:36.762] Plan irradiation finished.
