[22:20:56.101] Starting plan irradiation...
	Plan name: Plan de commissioning para CONV
	Plan type: CONV
	PepperPot code: PP100
	Air depth at stage position Z=0: 4.40 cm
	Absolut shift from X to (0,0) well: [-4.944 -3.147 0.000]
	Current intensity: 0.720 nA (planned for 1.000 nA)

[22:21:12.280] Moving to: [-1.944 -1.147 0.000]
[22:21:18.492] Arrived at: [-1.944 -1.147 0.000]
[22:21:18.747] Open shutter for 1.000s
[22:21:19.779] Shutter closed.

[22:21:19.779] Moving to: [-1.944 -3.147 -1.500]
[22:21:23.310] Arrived at: [-1.944 -3.147 -1.500]
[22:21:23.571] Open shutter for 1.000s
[22:21:24.611] Shutter closed.

[22:21:24.611] Moving to: [-1.944 -5.146 -3.000]
[22:21:28.109] Arrived at: [-1.944 -5.146 -3.000]
[22:21:28.370] Open shutter for 1.000s
[22:21:29.396] Shutter closed.

[22:21:29.396] Moving to: [-3.944 -1.147 -4.500]
[22:21:35.622] Arrived at: [-3.944 -1.147 -4.500]
[22:21:35.887] Open shutter for 1.000s
[22:21:36.918] Shutter closed.

[22:21:36.918] Moving to: [-3.944 -3.147 -6.000]
[22:21:40.419] Arrived at: [-3.944 -3.147 -6.000]
[22:21:40.793] Open shutter for 10.000s
[22:21:50.835] Shutter closed.

[22:21:50.835] Moving to: [-3.944 -5.146 -7.500]
[22:21:54.343] Arrived at: [-3.944 -5.146 -7.500]
[22:21:54.710] Open shutter for 10.000s
[22:22:04.748] Shutter closed.

[22:22:04.748] Moving to: [-5.944 -1.147 0.000]
[22:22:14.947] Arrived at: [-5.944 -1.147 0.000]
[22:22:15.320] Open shutter for 10.000s
[22:22:25.357] Shutter closed.

[22:22:25.357] Moving to: [-5.944 -3.147 -1.500]
[22:22:28.846] Arrived at: [-5.944 -3.147 -1.500]
[22:22:29.198] Open shutter for 10.000s
[22:22:39.239] Shutter closed.

[22:22:39.239] Moving to: [-5.944 -5.146 -3.000]
[22:22:42.724] Arrived at: [-5.944 -5.146 -3.000]
[22:22:42.991] Open shutter for 3.000s
[22:22:46.031] Shutter closed.

[22:22:46.031] Moving to: [-7.944 -1.147 -4.500]
[22:22:52.235] Arrived at: [-7.944 -1.147 -4.500]
[22:22:52.491] Open shutter for 3.000s
[22:22:55.519] Shutter closed.

[22:22:55.519] Moving to: [-7.944 -3.147 -6.000]
[22:22:59.033] Arrived at: [-7.944 -3.147 -6.000]
[22:22:59.297] Open shutter for 3.000s
[22:23:02.340] Shutter closed.

[22:23:02.340] Moving to: [-7.944 -5.146 -7.500]
[22:23:05.833] Arrived at: [-7.944 -5.146 -7.500]
[22:23:06.087] Open shutter for 3.000s
[22:23:09.113] Shutter closed.

[22:23:09.113] Plan irradiation finished.
