[14:52:05.042] Starting plan irradiation...
	Plan name: FLASH Placa 3 duplicados
	Plan type: FLASH
	Expected slit time: 4.500000e-01
	Air depth at stage position Z=0: 4.60 cm
	Absolut shift from X to (0,0) well: [0.000 0.000 0.000]
	Current intensity: 0.000 nA (planned for 6.100 nA)

[14:52:07.543] Moving to: [-1.200 -2.400 -5.400]
[14:52:14.763] Moving to: [-1.200 -2.400 -5.400]
[14:52:15.009] Arrived at: [-1.200 -2.400 -5.400]
[14:52:15.009] Deliver: 1 FLASH shots
[14:52:15.345] Finished.

[14:52:15.345] Moving to: [-1.200 -3.000 -5.400]
[14:52:16.318] Arrived at: [-1.200 -3.000 -5.400]
[14:52:16.319] Deliver: 1 FLASH shots
[14:52:16.638] Finished.

[14:52:16.639] Moving to: [-0.600 -3.000 -5.400]
[14:52:17.594] Arrived at: [-0.600 -3.000 -5.400]
[14:52:17.594] Deliver: 1 FLASH shots
[14:52:17.932] Finished.

[14:52:17.933] Moving to: [-0.600 -2.400 -5.400]
[14:52:18.906] Arrived at: [-0.600 -2.400 -5.400]
[14:52:18.906] Deliver: 1 FLASH shots
[14:52:19.242] Finished.

[14:52:19.242] Moving to: [-3.000 -0.600 -5.400]
[14:52:22.914] Arrived at: [-3.000 -0.600 -5.400]
[14:52:22.915] Deliver: 2 FLASH shots
[14:52:23.590] Finished.

[14:52:23.590] Moving to: [-3.000 -1.200 -5.400]
[14:52:24.534] Arrived at: [-3.000 -1.200 -5.400]
[14:52:24.534] Deliver: 2 FLASH shots
[14:52:25.185] Finished.

[14:52:25.185] Moving to: [-2.400 -1.200 -5.400]
[14:52:26.150] Arrived at: [-2.400 -1.200 -5.400]
[14:52:26.150] Deliver: 2 FLASH shots
[14:52:26.821] Finished.

[14:52:26.821] Moving to: [-2.400 -0.600 -5.400]
[14:52:27.785] Arrived at: [-2.400 -0.600 -5.400]
[14:52:27.786] Deliver: 2 FLASH shots
[14:52:28.452] Finished.

[14:52:28.452] Moving to: [-3.000 -2.400 -5.400]
[14:52:30.924] Arrived at: [-3.000 -2.400 -5.400]
[14:52:30.924] Deliver: 4 FLASH shots
[14:52:32.222] Finished.

[14:52:32.223] Moving to: [-3.000 -3.000 -5.400]
[14:52:33.165] Arrived at: [-3.000 -3.000 -5.400]
[14:52:33.166] Deliver: 4 FLASH shots
[14:52:34.493] Finished.

[14:52:34.493] Moving to: [-2.400 -3.000 -5.400]
[14:52:35.481] Arrived at: [-2.400 -3.000 -5.400]
[14:52:35.481] Deliver: 4 FLASH shots
[14:52:36.782] Finished.

[14:52:36.782] Moving to: [-2.400 -2.400 -5.400]
[14:52:37.748] Arrived at: [-2.400 -2.400 -5.400]
[14:52:37.748] Deliver: 4 FLASH shots
[14:52:39.074] Finished.

[14:52:39.075] Moving to: [-4.800 -0.600 -5.400]
[14:52:42.128] Arrived at: [-4.800 -0.600 -5.400]
[14:52:42.128] Deliver: 8 FLASH shots
[14:52:44.755] Finished.

[14:52:44.755] Moving to: [-4.800 -1.200 -5.400]
[14:52:46.156] Arrived at: [-4.800 -1.200 -5.400]
[14:52:46.157] Deliver: 8 FLASH shots
[14:52:48.749] Finished.

[14:52:48.749] Moving to: [-4.190 -1.200 -5.400]
[14:52:49.450] Arrived at: [-4.190 -1.200 -5.400]
[14:52:49.451] Deliver: 8 FLASH shots
[14:52:52.096] Finished.

[14:52:52.096] Moving to: [-4.190 -0.600 -5.400]
[14:52:53.539] Arrived at: [-4.190 -0.600 -5.400]
[14:52:53.540] Deliver: 8 FLASH shots
[14:52:56.156] Finished.

[14:52:56.157] Moving to: [-4.800 -2.400 -5.400]
[14:52:58.364] Arrived at: [-4.800 -2.400 -5.400]
[14:52:58.365] Deliver: 12 FLASH shots
[14:53:02.308] Finished.

[14:53:02.308] Moving to: [-4.800 -3.000 -5.400]
[14:53:03.728] Arrived at: [-4.800 -3.000 -5.400]
[14:53:03.728] Deliver: 12 FLASH shots
[14:53:07.637] Finished.

[14:53:07.637] Moving to: [-4.190 -3.000 -5.400]
[14:53:08.337] Arrived at: [-4.190 -3.000 -5.400]
[14:53:08.337] Deliver: 12 FLASH shots
[14:53:12.204] Finished.

[14:53:12.204] Moving to: [-4.190 -2.400 -5.400]
[14:53:13.623] Arrived at: [-4.190 -2.400 -5.400]
[14:53:13.623] Deliver: 12 FLASH shots
[14:53:17.567] Finished.

[14:53:17.567] Moving to: [-6.590 -2.400 -5.400]
[14:53:18.261] Arrived at: [-6.590 -2.400 -5.400]
[14:53:18.262] Deliver: 1 FLASH shots
[14:53:18.592] Finished.

[14:53:18.593] Moving to: [-6.590 -3.000 -5.400]
[14:53:20.002] Arrived at: [-6.590 -3.000 -5.400]
[14:53:20.002] Deliver: 1 FLASH shots
[14:53:20.332] Finished.

[14:53:20.332] Moving to: [-5.990 -3.000 -5.400]
[14:53:21.042] Arrived at: [-5.990 -3.000 -5.400]
[14:53:21.043] Deliver: 1 FLASH shots
[14:53:21.374] Finished.

[14:53:21.374] Moving to: [-5.990 -2.400 -5.400]
[14:53:22.797] Arrived at: [-5.990 -2.400 -5.400]
[14:53:22.797] Deliver: 1 FLASH shots
[14:53:23.124] Finished.

[14:53:23.125] Moving to: [-8.390 -0.600 -5.400]
[14:53:25.333] Arrived at: [-8.390 -0.600 -5.400]
[14:53:25.334] Deliver: 2 FLASH shots
[14:53:25.996] Finished.

[14:53:25.996] Moving to: [-8.390 -1.200 -5.400]
[14:53:27.416] Arrived at: [-8.390 -1.200 -5.400]
[14:53:27.416] Deliver: 2 FLASH shots
[14:53:28.080] Finished.

[14:53:28.080] Moving to: [-7.790 -1.200 -5.400]
[14:53:28.799] Arrived at: [-7.790 -1.200 -5.400]
[14:53:28.799] Deliver: 2 FLASH shots
[14:53:29.454] Finished.

[14:53:29.455] Moving to: [-7.790 -0.600 -5.400]
[14:53:30.859] Arrived at: [-7.790 -0.600 -5.400]
[14:53:30.859] Deliver: 2 FLASH shots
[14:53:31.501] Finished.

[14:53:31.501] Moving to: [-8.390 -2.400 -5.400]
[14:53:33.690] Arrived at: [-8.390 -2.400 -5.400]
[14:53:33.690] Deliver: 4 FLASH shots
