[19:04:35.618] Starting plan irradiation...
	Plan name: CONV Placa
	Plan type: CONV
	PepperPot code: PP2capas
	Air depth at stage position Z=0: 4.60 cm
	Absolut shift from X to (0,0) well: [0.000 0.000 0.000]
	Current intensity: 0.074 nA (planned for 0.076 nA)

[19:04:41.019] Moving to: [-1.200 -2.400 -5.400]
[19:04:43.576] Moving to: [-1.200 -2.400 -5.400]
[19:04:43.827] Arrived at: [-1.200 -2.400 -5.400]
[19:04:44.488] Open shutter for 0.875s
[19:04:45.403] Shutter closed.

[19:04:45.403] Moving to: [-1.200 -3.000 -5.400]
[19:04:46.400] Arrived at: [-1.200 -3.000 -5.400]
[19:04:47.064] Open shutter for 0.875s
[19:04:47.954] Shutter closed.

[19:04:47.954] Moving to: [-0.600 -3.000 -5.400]
[19:04:48.943] Arrived at: [-0.600 -3.000 -5.400]
[19:04:49.606] Open shutter for 0.875s
[19:04:50.517] Shutter closed.

[19:04:50.517] Moving to: [-0.600 -2.400 -5.400]
[19:04:51.512] Arrived at: [-0.600 -2.400 -5.400]
[19:04:52.183] Open shutter for 0.875s
[19:04:53.096] Shutter closed.

[19:04:53.096] Moving to: [-3.000 -0.600 -5.400]
[19:04:56.822] Arrived at: [-3.000 -0.600 -5.400]
[19:04:57.476] Open shutter for 1.751s
[19:04:59.246] Shutter closed.

[19:04:59.247] Moving to: [-3.000 -1.200 -5.400]
[19:05:00.231] Arrived at: [-3.000 -1.200 -5.400]
[19:05:00.280] Open shutter for 1.751s
[19:05:02.085] Shutter closed.

[19:05:02.085] Moving to: [-2.400 -1.200 -5.400]
[19:05:03.077] Arrived at: [-2.400 -1.200 -5.400]
[19:05:03.736] Open shutter for 1.751s
[19:05:05.521] Shutter closed.

[19:05:05.522] Moving to: [-2.400 -0.600 -5.400]
[19:05:06.496] Arrived at: [-2.400 -0.600 -5.400]
[19:05:07.161] Open shutter for 1.751s
[19:05:08.944] Shutter closed.

[19:05:08.944] Moving to: [-3.000 -2.400 -5.400]
[19:05:11.466] Arrived at: [-3.000 -2.400 -5.400]
[19:05:12.120] Open shutter for 3.502s
[19:05:15.652] Shutter closed.

[19:05:15.652] Moving to: [-3.000 -3.000 -5.400]
[19:05:16.634] Arrived at: [-3.000 -3.000 -5.400]
[19:05:17.296] Open shutter for 3.502s
[19:05:20.829] Shutter closed.

[19:05:20.829] Moving to: [-2.400 -3.000 -5.400]
[19:05:21.813] Arrived at: [-2.400 -3.000 -5.400]
[19:05:22.469] Open shutter for 3.502s
[19:05:26.010] Shutter closed.

[19:05:26.011] Moving to: [-2.400 -2.400 -5.400]
[19:05:27.002] Arrived at: [-2.400 -2.400 -5.400]
[19:05:27.652] Open shutter for 3.502s
[19:05:31.184] Shutter closed.

[19:05:31.184] Moving to: [-4.800 -0.600 -5.400]
[19:05:34.899] Arrived at: [-4.800 -0.600 -5.400]
[19:05:35.566] Open shutter for 7.003s
[19:05:42.609] Shutter closed.

[19:05:42.609] Moving to: [-4.800 -1.200 -5.400]
[19:05:43.591] Arrived at: [-4.800 -1.200 -5.400]
[19:05:44.259] Open shutter for 7.003s
[19:05:51.298] Shutter closed.

[19:05:51.298] Moving to: [-4.190 -1.200 -5.400]
[19:05:52.299] Arrived at: [-4.190 -1.200 -5.400]
[19:05:52.954] Open shutter for 7.003s
[19:06:00.003] Shutter closed.

[19:06:00.004] Moving to: [-4.190 -0.600 -5.400]
[19:06:00.987] Arrived at: [-4.190 -0.600 -5.400]
[19:06:01.659] Open shutter for 7.003s
[19:06:08.703] Shutter closed.

[19:06:08.703] Moving to: [-4.800 -2.400 -5.400]
[19:06:11.218] Arrived at: [-4.800 -2.400 -5.400]
[19:06:11.972] Open shutter for 10.505s
[19:06:22.528] Shutter closed.

[19:06:22.528] Moving to: [-4.800 -3.000 -5.400]
[19:06:23.515] Arrived at: [-4.800 -3.000 -5.400]
[19:06:24.270] Open shutter for 10.505s
[19:06:34.820] Shutter closed.

[19:06:34.820] Moving to: [-4.190 -3.000 -5.400]
[19:06:35.819] Arrived at: [-4.190 -3.000 -5.400]
[19:06:36.572] Open shutter for 10.505s
[19:06:47.116] Shutter closed.

[19:06:47.117] Moving to: [-4.190 -2.400 -5.400]
[19:06:48.113] Arrived at: [-4.190 -2.400 -5.400]
[19:06:48.866] Open shutter for 10.505s
[19:06:59.406] Shutter closed.

[19:06:59.407] Plan irradiation finished.
