[21:35:42.932] Starting plan irradiation...
	Plan name: Plan de calibración
	Plan type: CONV
	PepperPot code: 1
	Air depth at stage position Z=0: 4.40 cm
	Absolut shift from X to (0,0) well: [0.000 0.000 0.000]
	Current intensity: 0.400 nA (planned for 0.050 nA)

[21:35:47.234] Moving to: [-1.360 0.430 -5.600]
[21:35:50.190] Arrived at: [-1.360 0.430 -5.600]
[21:35:50.751] Open shutter for 0.030s
[21:35:50.819] Shutter closed.

[21:35:50.820] Moving to: [-1.360 0.900 -5.600]
[21:35:51.928] Arrived at: [-1.360 0.900 -5.600]
[21:35:52.477] Open shutter for 0.030s
[21:35:52.543] Shutter closed.

[21:35:52.543] Moving to: [-1.360 1.360 -5.600]
[21:35:53.463] Arrived at: [-1.360 1.360 -5.600]
[21:35:54.020] Open shutter for 0.030s
[21:35:54.067] Shutter closed.

[21:35:54.068] Moving to: [-0.900 1.360 -5.600]
[21:35:55.611] Arrived at: [-0.900 1.360 -5.600]
[21:35:56.175] Open shutter for 0.030s
[21:35:56.222] Shutter closed.

[21:35:56.223] Moving to: [-0.900 0.900 -5.600]
[21:35:57.149] Arrived at: [-0.900 0.900 -5.600]
[21:35:57.813] Open shutter for 0.027s
[21:35:57.878] Shutter closed.

[21:35:57.879] Moving to: [-0.900 0.430 -5.600]
[21:35:58.840] Arrived at: [-0.900 0.430 -5.600]
[21:35:59.392] Open shutter for 0.030s
[21:35:59.443] Shutter closed.

[21:35:59.443] Moving to: [-0.430 0.430 -5.600]
[21:36:00.560] Arrived at: [-0.430 0.430 -5.600]
[21:36:01.123] Open shutter for 0.030s
[21:36:01.186] Shutter closed.

[21:36:01.186] Moving to: [-0.430 0.900 -5.600]
[21:36:02.292] Arrived at: [-0.430 0.900 -5.600]
[21:36:02.841] Open shutter for 0.030s
[21:36:02.906] Shutter closed.

[21:36:02.906] Moving to: [-0.430 1.360 -5.600]
[21:36:03.846] Arrived at: [-0.430 1.360 -5.600]
[21:36:03.897] Open shutter for 0.030s
[21:36:03.954] Shutter closed.

[21:36:03.954] Moving to: [-1.360 3.130 -5.600]
[21:36:05.847] Arrived at: [-1.360 3.130 -5.600]
[21:36:06.508] Open shutter for 0.152s
[21:36:06.686] Shutter closed.

[21:36:06.687] Moving to: [-1.360 3.600 -5.600]
[21:36:07.638] Arrived at: [-1.360 3.600 -5.600]
[21:36:07.697] Open shutter for 0.152s
[21:36:07.893] Shutter closed.

[21:36:07.893] Moving to: [-1.360 4.060 -5.600]
[21:36:08.850] Arrived at: [-1.360 4.060 -5.600]
[21:36:09.508] Open shutter for 0.152s
[21:36:09.685] Shutter closed.

[21:36:09.685] Moving to: [-0.900 4.060 -5.600]
[21:36:11.215] Arrived at: [-0.900 4.060 -5.600]
[21:36:11.881] Open shutter for 0.152s
[21:36:12.063] Shutter closed.

[21:36:12.064] Moving to: [-0.900 3.600 -5.600]
[21:36:13.009] Arrived at: [-0.900 3.600 -5.600]
[21:36:13.674] Open shutter for 0.136s
[21:36:13.846] Shutter closed.

[21:36:13.846] Moving to: [-0.900 3.130 -5.600]
[21:36:14.766] Arrived at: [-0.900 3.130 -5.600]
[21:36:14.818] Open shutter for 0.152s
[21:36:14.994] Shutter closed.

[21:36:14.995] Moving to: [-0.430 3.130 -5.600]
[21:36:16.571] Arrived at: [-0.430 3.130 -5.600]
[21:36:17.228] Open shutter for 0.152s
[21:36:17.415] Shutter closed.

[21:36:17.416] Moving to: [-0.430 3.600 -5.600]
[21:36:18.381] Arrived at: [-0.430 3.600 -5.600]
[21:36:19.049] Open shutter for 0.152s
[21:36:19.237] Shutter closed.

[21:36:19.237] Moving to: [-0.430 4.060 -5.600]
[21:36:20.177] Arrived at: [-0.430 4.060 -5.600]
[21:36:20.836] Open shutter for 0.152s
[21:36:21.016] Shutter closed.

[21:36:21.016] Moving to: [-1.360 5.830 -5.600]
[21:36:22.886] Arrived at: [-1.360 5.830 -5.600]
[21:36:23.546] Open shutter for 0.273s
[21:36:23.854] Shutter closed.

[21:36:23.854] Moving to: [-1.360 6.290 -5.600]
[21:36:24.790] Arrived at: [-1.360 6.290 -5.600]
[21:36:25.442] Open shutter for 0.273s
[21:36:25.743] Shutter closed.

[21:36:25.743] Moving to: [-1.360 6.760 -5.600]
[21:36:26.686] Arrived at: [-1.360 6.760 -5.600]
[21:36:26.736] Open shutter for 0.273s
[21:36:27.052] Shutter closed.

[21:36:27.052] Moving to: [-0.900 6.760 -5.600]
[21:36:28.603] Arrived at: [-0.900 6.760 -5.600]
[21:36:28.656] Open shutter for 0.273s
[21:36:28.965] Shutter closed.

[21:36:28.965] Moving to: [-0.900 6.290 -5.600]
[21:36:29.907] Arrived at: [-0.900 6.290 -5.600]
[21:36:30.571] Open shutter for 0.246s
[21:36:30.849] Shutter closed.

[21:36:30.849] Moving to: [-0.900 5.830 -5.600]
[21:36:31.799] Arrived at: [-0.900 5.830 -5.600]
[21:36:32.462] Open shutter for 0.273s
[21:36:32.766] Shutter closed.

[21:36:32.766] Moving to: [-0.430 5.830 -5.600]
[21:36:34.351] Arrived at: [-0.430 5.830 -5.600]
[21:36:35.008] Open shutter for 0.273s
[21:36:35.318] Shutter closed.

[21:36:35.318] Moving to: [-0.430 6.290 -5.600]
[21:36:36.257] Arrived at: [-0.430 6.290 -5.600]
[21:36:36.913] Open shutter for 0.273s
[21:36:37.207] Shutter closed.

[21:36:37.207] Moving to: [-0.430 6.760 -5.600]
[21:36:38.159] Arrived at: [-0.430 6.760 -5.600]
[21:36:38.811] Open shutter for 0.273s
[21:36:39.122] Shutter closed.

[21:36:39.123] Moving to: [-4.060 0.430 -5.600]
[21:36:42.800] Arrived at: [-4.060 0.430 -5.600]
[21:36:43.465] Open shutter for 0.061s
[21:36:43.574] Shutter closed.

[21:36:43.574] Moving to: [-4.060 0.900 -5.600]
[21:36:44.904] Arrived at: [-4.060 0.900 -5.600]
[21:36:45.571] Open shutter for 0.061s
[21:36:45.667] Shutter closed.

[21:36:45.667] Moving to: [-4.060 1.360 -5.600]
[21:36:46.836] Arrived at: [-4.060 1.360 -5.600]
[21:36:47.497] Open shutter for 0.061s
[21:36:47.584] Shutter closed.

[21:36:47.584] Moving to: [-3.600 1.360 -5.600]
[21:36:49.121] Arrived at: [-3.600 1.360 -5.600]
[21:36:49.791] Open shutter for 0.061s
[21:36:49.883] Shutter closed.

[21:36:49.883] Moving to: [-3.600 0.900 -5.600]
[21:36:50.808] Arrived at: [-3.600 0.900 -5.600]
[21:36:51.461] Open shutter for 0.055s
[21:36:51.555] Shutter closed.

[21:36:51.555] Moving to: [-3.600 0.430 -5.600]
[21:36:52.483] Arrived at: [-3.600 0.430 -5.600]
[21:36:53.141] Open shutter for 0.061s
[21:36:53.236] Shutter closed.

[21:36:53.236] Moving to: [-3.130 0.430 -5.600]
[21:36:54.334] Arrived at: [-3.130 0.430 -5.600]
[21:36:54.991] Open shutter for 0.061s
[21:36:55.083] Shutter closed.

[21:36:55.084] Moving to: [-3.130 0.900 -5.600]
[21:36:56.184] Arrived at: [-3.130 0.900 -5.600]
[21:36:56.848] Open shutter for 0.061s
[21:36:56.935] Shutter closed.

[21:36:56.935] Moving to: [-3.130 1.360 -5.600]
[21:36:57.864] Arrived at: [-3.130 1.360 -5.600]
[21:36:58.523] Open shutter for 0.061s
[21:36:58.613] Shutter closed.

[21:36:58.613] Moving to: [-4.060 3.130 -5.600]
[21:37:00.466] Arrived at: [-4.060 3.130 -5.600]
[21:37:01.121] Open shutter for 0.182s
[21:37:01.331] Shutter closed.

[21:37:01.331] Moving to: [-4.060 3.600 -5.600]
[21:37:02.539] Arrived at: [-4.060 3.600 -5.600]
[21:37:02.598] Open shutter for 0.182s
[21:37:02.824] Shutter closed.

[21:37:02.825] Moving to: [-4.060 4.060 -5.600]
[21:37:04.023] Arrived at: [-4.060 4.060 -5.600]
[21:37:04.677] Open shutter for 0.182s
[21:37:04.887] Shutter closed.

[21:37:04.888] Moving to: [-3.600 4.060 -5.600]
[21:37:06.459] Arrived at: [-3.600 4.060 -5.600]
[21:37:07.114] Open shutter for 0.182s
[21:37:07.329] Shutter closed.

[21:37:07.329] Moving to: [-3.600 3.600 -5.600]
[21:37:08.284] Arrived at: [-3.600 3.600 -5.600]
[21:37:08.947] Open shutter for 0.164s
[21:37:09.130] Shutter closed.

[21:37:09.131] Moving to: [-3.600 3.130 -5.600]
[21:37:10.065] Arrived at: [-3.600 3.130 -5.600]
[21:37:10.734] Open shutter for 0.182s
[21:37:10.943] Shutter closed.

[21:37:10.944] Moving to: [-3.130 3.130 -5.600]
[21:37:12.523] Arrived at: [-3.130 3.130 -5.600]
[21:37:13.192] Open shutter for 0.182s
[21:37:13.396] Shutter closed.

[21:37:13.396] Moving to: [-3.130 3.600 -5.600]
[21:37:14.338] Arrived at: [-3.130 3.600 -5.600]
[21:37:14.995] Open shutter for 0.182s
[21:37:15.198] Shutter closed.

[21:37:15.198] Moving to: [-3.130 4.060 -5.600]
[21:37:16.144] Arrived at: [-3.130 4.060 -5.600]
[21:37:16.807] Open shutter for 0.182s
[21:37:17.014] Shutter closed.

[21:37:17.014] Moving to: [-4.060 5.830 -5.600]
[21:37:18.864] Arrived at: [-4.060 5.830 -5.600]
[21:37:19.527] Open shutter for 0.303s
[21:37:19.862] Shutter closed.

[21:37:19.863] Moving to: [-4.060 6.290 -5.600]
[21:37:21.043] Arrived at: [-4.060 6.290 -5.600]
[21:37:21.707] Open shutter for 0.303s
[21:37:22.043] Shutter closed.

[21:37:22.044] Moving to: [-4.060 6.760 -5.600]
[21:37:23.240] Arrived at: [-4.060 6.760 -5.600]
[21:37:23.913] Open shutter for 0.303s
[21:37:24.245] Shutter closed.

[21:37:24.245] Moving to: [-3.600 6.760 -5.600]
[21:37:25.795] Arrived at: [-3.600 6.760 -5.600]
[21:37:26.452] Open shutter for 0.303s
[21:37:26.797] Shutter closed.

[21:37:26.797] Moving to: [-3.600 6.290 -5.600]
[21:37:27.739] Arrived at: [-3.600 6.290 -5.600]
[21:37:28.393] Open shutter for 0.273s
[21:37:28.711] Shutter closed.

[21:37:28.711] Moving to: [-3.600 5.830 -5.600]
[21:37:29.657] Arrived at: [-3.600 5.830 -5.600]
[21:37:30.327] Open shutter for 0.303s
[21:37:30.668] Shutter closed.

[21:37:30.668] Moving to: [-3.130 5.830 -5.600]
[21:37:32.224] Arrived at: [-3.130 5.830 -5.600]
[21:37:32.284] Open shutter for 0.303s
[21:37:32.633] Shutter closed.

[21:37:32.634] Moving to: [-3.130 6.290 -5.600]
[21:37:33.596] Arrived at: [-3.130 6.290 -5.600]
[21:37:34.251] Open shutter for 0.303s
[21:37:34.578] Shutter closed.

[21:37:34.578] Moving to: [-3.130 6.760 -5.600]
[21:37:35.538] Arrived at: [-3.130 6.760 -5.600]
[21:37:36.195] Open shutter for 0.303s
[21:37:36.535] Shutter closed.

[21:37:36.535] Moving to: [-6.760 0.430 -5.600]
[21:37:40.243] Arrived at: [-6.760 0.430 -5.600]
[21:37:40.909] Open shutter for 0.091s
[21:37:41.025] Shutter closed.

[21:37:41.026] Moving to: [-6.760 0.900 -5.600]
[21:37:42.097] Arrived at: [-6.760 0.900 -5.600]
[21:37:42.767] Open shutter for 0.091s
[21:37:42.903] Shutter closed.

[21:37:42.903] Moving to: [-6.760 1.360 -5.600]
[21:37:43.848] Arrived at: [-6.760 1.360 -5.600]
[21:37:44.504] Open shutter for 0.091s
[21:37:44.639] Shutter closed.

[21:37:44.640] Moving to: [-6.290 1.360 -5.600]
[21:37:46.198] Arrived at: [-6.290 1.360 -5.600]
[21:37:46.861] Open shutter for 0.091s
[21:37:46.970] Shutter closed.

[21:37:46.970] Moving to: [-6.290 0.900 -5.600]
[21:37:47.912] Arrived at: [-6.290 0.900 -5.600]
[21:37:47.959] Open shutter for 0.082s
[21:37:48.094] Shutter closed.

[21:37:48.095] Moving to: [-6.290 0.430 -5.600]
[21:37:49.040] Arrived at: [-6.290 0.430 -5.600]
[21:37:49.695] Open shutter for 0.091s
[21:37:49.819] Shutter closed.

[21:37:49.819] Moving to: [-5.830 0.430 -5.600]
[21:37:50.935] Arrived at: [-5.830 0.430 -5.600]
[21:37:51.596] Open shutter for 0.091s
[21:37:51.714] Shutter closed.

[21:37:51.714] Moving to: [-5.830 0.900 -5.600]
[21:37:52.802] Arrived at: [-5.830 0.900 -5.600]
[21:37:53.462] Open shutter for 0.091s
[21:37:53.578] Shutter closed.

[21:37:53.578] Moving to: [-5.830 1.360 -5.600]
[21:37:54.503] Arrived at: [-5.830 1.360 -5.600]
[21:37:55.158] Open shutter for 0.091s
[21:37:55.284] Shutter closed.

[21:37:55.284] Moving to: [-6.760 3.130 -5.600]
[21:37:57.168] Arrived at: [-6.760 3.130 -5.600]
[21:37:57.834] Open shutter for 0.212s
[21:37:58.077] Shutter closed.

[21:37:58.077] Moving to: [-6.760 3.600 -5.600]
[21:37:59.008] Arrived at: [-6.760 3.600 -5.600]
[21:37:59.660] Open shutter for 0.212s
[21:37:59.891] Shutter closed.

[21:37:59.891] Moving to: [-6.760 4.060 -5.600]
[21:38:00.844] Arrived at: [-6.760 4.060 -5.600]
[21:38:01.495] Open shutter for 0.212s
[21:38:01.736] Shutter closed.

[21:38:01.736] Moving to: [-6.290 4.060 -5.600]
[21:38:03.292] Arrived at: [-6.290 4.060 -5.600]
[21:38:03.956] Open shutter for 0.212s
[21:38:04.202] Shutter closed.

[21:38:04.203] Moving to: [-6.290 3.600 -5.600]
[21:38:05.139] Arrived at: [-6.290 3.600 -5.600]
[21:38:05.802] Open shutter for 0.191s
[21:38:06.028] Shutter closed.

[21:38:06.028] Moving to: [-6.290 3.130 -5.600]
[21:38:06.957] Arrived at: [-6.290 3.130 -5.600]
[21:38:07.608] Open shutter for 0.212s
[21:38:07.834] Shutter closed.

[21:38:07.835] Moving to: [-5.830 3.130 -5.600]
[21:38:09.399] Arrived at: [-5.830 3.130 -5.600]
[21:38:10.061] Open shutter for 0.212s
[21:38:10.307] Shutter closed.

[21:38:10.307] Moving to: [-5.830 3.600 -5.600]
[21:38:11.257] Arrived at: [-5.830 3.600 -5.600]
[21:38:11.906] Open shutter for 0.212s
[21:38:12.147] Shutter closed.

[21:38:12.147] Moving to: [-5.830 4.060 -5.600]
[21:38:13.102] Arrived at: [-5.830 4.060 -5.600]
[21:38:13.769] Open shutter for 0.212s
[21:38:14.014] Shutter closed.

[21:38:14.014] Moving to: [-6.760 5.830 -5.600]
[21:38:15.880] Arrived at: [-6.760 5.830 -5.600]
[21:38:16.554] Open shutter for 0.333s
[21:38:16.916] Shutter closed.

[21:38:16.916] Moving to: [-6.760 6.290 -5.600]
[21:38:17.865] Arrived at: [-6.760 6.290 -5.600]
[21:38:18.515] Open shutter for 0.333s
[21:38:18.871] Shutter closed.

[21:38:18.872] Moving to: [-6.760 6.760 -5.600]
[21:38:19.812] Arrived at: [-6.760 6.760 -5.600]
[21:38:19.865] Open shutter for 0.333s
[21:38:20.251] Shutter closed.

[21:38:20.252] Moving to: [-6.290 6.760 -5.600]
[21:38:21.816] Arrived at: [-6.290 6.760 -5.600]
[21:38:22.484] Open shutter for 0.333s
[21:38:22.845] Shutter closed.

[21:38:22.846] Moving to: [-6.290 6.290 -5.600]
[21:38:23.802] Arrived at: [-6.290 6.290 -5.600]
[21:38:24.253] Open shutter for 0.300s
[21:38:24.588] Shutter closed.

[21:38:24.589] Moving to: [-6.290 5.830 -5.600]
[21:38:25.523] Arrived at: [-6.290 5.830 -5.600]
[21:38:26.192] Open shutter for 0.333s
[21:38:26.552] Shutter closed.

[21:38:26.553] Moving to: [-5.830 5.830 -5.600]
[21:38:28.100] Arrived at: [-5.830 5.830 -5.600]
[21:38:28.756] Open shutter for 0.333s
[21:38:29.117] Shutter closed.

[21:38:29.117] Moving to: [-5.830 6.290 -5.600]
[21:38:30.055] Arrived at: [-5.830 6.290 -5.600]
[21:38:30.710] Open shutter for 0.333s
[21:38:31.073] Shutter closed.

[21:38:31.074] Moving to: [-5.830 6.760 -5.600]
[21:38:32.014] Arrived at: [-5.830 6.760 -5.600]
[21:38:32.667] Open shutter for 0.333s
[21:38:33.029] Shutter closed.

[21:38:33.029] Moving to: [-9.460 0.430 -5.600]
[21:38:36.726] Arrived at: [-9.460 0.430 -5.600]
[21:38:37.398] Open shutter for 0.121s
[21:38:37.552] Shutter closed.

[21:38:37.553] Moving to: [-9.460 0.900 -5.600]
[21:38:38.637] Arrived at: [-9.460 0.900 -5.600]
[21:38:39.286] Open shutter for 0.121s
[21:38:39.441] Shutter closed.

[21:38:39.442] Moving to: [-9.460 1.360 -5.600]
[21:38:40.387] Arrived at: [-9.460 1.360 -5.600]
[21:38:41.038] Open shutter for 0.121s
[21:38:41.198] Shutter closed.

[21:38:41.198] Moving to: [-8.990 1.360 -5.600]
[21:38:42.780] Arrived at: [-8.990 1.360 -5.600]
[21:38:43.441] Open shutter for 0.121s
[21:38:43.585] Shutter closed.

[21:38:43.585] Moving to: [-8.990 0.900 -5.600]
[21:38:44.532] Arrived at: [-8.990 0.900 -5.600]
[21:38:45.188] Open shutter for 0.109s
[21:38:45.321] Shutter closed.

[21:38:45.321] Moving to: [-8.990 0.430 -5.600]
[21:38:46.268] Arrived at: [-8.990 0.430 -5.600]
[21:38:46.933] Open shutter for 0.121s
[21:38:47.089] Shutter closed.

[21:38:47.090] Moving to: [-8.520 0.430 -5.600]
[21:38:48.199] Arrived at: [-8.520 0.430 -5.600]
[21:38:48.249] Open shutter for 0.121s
[21:38:48.409] Shutter closed.

[21:38:48.409] Moving to: [-8.520 0.900 -5.600]
[21:38:49.492] Arrived at: [-8.520 0.900 -5.600]
[21:38:50.136] Open shutter for 0.121s
[21:38:50.287] Shutter closed.

[21:38:50.287] Moving to: [-8.520 1.360 -5.600]
[21:38:51.234] Arrived at: [-8.520 1.360 -5.600]
[21:38:51.907] Open shutter for 0.121s
[21:38:52.064] Shutter closed.

[21:38:52.065] Moving to: [-9.460 3.130 -5.600]
[21:38:53.953] Arrived at: [-9.460 3.130 -5.600]
[21:38:54.619] Open shutter for 0.243s
[21:38:54.894] Shutter closed.

[21:38:54.894] Moving to: [-9.460 3.600 -5.600]
[21:38:55.844] Arrived at: [-9.460 3.600 -5.600]
[21:38:56.494] Open shutter for 0.243s
[21:38:56.762] Shutter closed.

[21:38:56.762] Moving to: [-9.460 4.060 -5.600]
[21:38:57.695] Arrived at: [-9.460 4.060 -5.600]
[21:38:58.363] Open shutter for 0.243s
[21:38:58.637] Shutter closed.

[21:38:58.638] Moving to: [-8.990 4.060 -5.600]
[21:39:00.192] Arrived at: [-8.990 4.060 -5.600]
[21:39:00.854] Open shutter for 0.243s
[21:39:01.126] Shutter closed.

[21:39:01.126] Moving to: [-8.990 3.600 -5.600]
[21:39:02.059] Arrived at: [-8.990 3.600 -5.600]
[21:39:02.714] Open shutter for 0.218s
[21:39:02.967] Shutter closed.

[21:39:02.967] Moving to: [-8.990 3.130 -5.600]
[21:39:03.898] Arrived at: [-8.990 3.130 -5.600]
[21:39:04.571] Open shutter for 0.243s
[21:39:04.840] Shutter closed.

[21:39:04.841] Moving to: [-8.520 3.130 -5.600]
[21:39:06.414] Arrived at: [-8.520 3.130 -5.600]
[21:39:07.072] Open shutter for 0.243s
[21:39:07.338] Shutter closed.

[21:39:07.338] Moving to: [-8.520 3.600 -5.600]
[21:39:08.279] Arrived at: [-8.520 3.600 -5.600]
[21:39:08.931] Open shutter for 0.243s
[21:39:09.200] Shutter closed.

[21:39:09.200] Moving to: [-8.520 4.060 -5.600]
[21:39:10.137] Arrived at: [-8.520 4.060 -5.600]
[21:39:10.799] Open shutter for 0.243s
[21:39:11.077] Shutter closed.

[21:39:11.078] Moving to: [-9.460 5.830 -5.600]
[21:39:12.959] Arrived at: [-9.460 5.830 -5.600]
[21:39:13.613] Open shutter for 0.364s
[21:39:14.009] Shutter closed.

[21:39:14.009] Moving to: [-9.460 6.290 -5.600]
[21:39:14.958] Arrived at: [-9.460 6.290 -5.600]
[21:39:15.612] Open shutter for 0.364s
[21:39:16.013] Shutter closed.

[21:39:16.013] Moving to: [-9.460 6.760 -5.600]
[21:39:16.969] Arrived at: [-9.460 6.760 -5.600]
[21:39:17.624] Open shutter for 0.364s
[21:39:18.024] Shutter closed.

[21:39:18.025] Moving to: [-8.990 6.760 -5.600]
[21:39:19.579] Arrived at: [-8.990 6.760 -5.600]
[21:39:20.238] Open shutter for 0.364s
[21:39:20.635] Shutter closed.

[21:39:20.635] Moving to: [-8.990 6.290 -5.600]
[21:39:21.581] Arrived at: [-8.990 6.290 -5.600]
[21:39:22.236] Open shutter for 0.327s
[21:39:22.596] Shutter closed.

[21:39:22.597] Moving to: [-8.990 5.830 -5.600]
[21:39:23.548] Arrived at: [-8.990 5.830 -5.600]
[21:39:24.222] Open shutter for 0.364s
[21:39:24.624] Shutter closed.

[21:39:24.624] Moving to: [-8.520 5.830 -5.600]
[21:39:26.211] Arrived at: [-8.520 5.830 -5.600]
[21:39:26.866] Open shutter for 0.364s
[21:39:27.252] Shutter closed.

[21:39:27.252] Moving to: [-8.520 6.290 -5.600]
[21:39:28.190] Arrived at: [-8.520 6.290 -5.600]
[21:39:28.837] Open shutter for 0.364s
[21:39:29.227] Shutter closed.

[21:39:29.227] Moving to: [-8.520 6.760 -5.600]
[21:39:30.171] Arrived at: [-8.520 6.760 -5.600]
[21:39:30.832] Open shutter for 0.364s
[21:39:31.233] Shutter closed.

[21:39:31.233] Plan irradiation finished.
