[14:39:25.887] Starting plan irradiation...
	Plan name: Gelatina manual
	Plan comment: Solo movimiento para gel 2
	Plan type: CONV
	PepperPot code: 1
	Air depth at stage position Z=0: 5.00 cm
	Absolut shift from X to (0,0) well: [0.000 0.000 0.000]
	Current intensity: 0.000 nA (planned for 7.000 nA)

[14:39:35.551] Moving to: [0.000 -0.300 0.000]
[14:39:37.167] Moving to: [0.000 -0.300 0.000]
[14:39:37.383] Arrived at: [0.000 -0.300 0.000]
[14:39:38.461] Open shutter for 0.020s
[14:39:38.545] Shutter closed.

[14:39:38.546] Moving to: [0.000 -1.500 0.000]
[14:39:39.857] Arrived at: [0.000 -1.500 0.000]
[14:39:40.943] Open shutter for 0.040s
[14:39:41.047] Shutter closed.

[14:39:41.048] Moving to: [-1.000 -0.300 0.000]
[14:39:43.303] Arrived at: [-1.000 -0.300 0.000]
[14:39:44.394] Open shutter for 0.060s
[14:39:44.506] Shutter closed.

[14:39:44.507] Moving to: [-1.000 -1.500 0.000]
[14:39:45.816] Arrived at: [-1.000 -1.500 0.000]
[14:39:46.882] Open shutter for 0.080s
[14:39:47.025] Shutter closed.

[14:39:47.025] Moving to: [-2.000 -0.300 0.000]
[14:39:49.253] Arrived at: [-2.000 -0.300 0.000]
[14:39:50.230] Open shutter for 0.100s
[14:39:50.395] Shutter closed.

[14:39:50.396] Moving to: [-2.000 -1.500 0.000]
[14:39:51.679] Arrived at: [-2.000 -1.500 0.000]
[14:39:52.759] Open shutter for 0.120s
[14:39:52.941] Shutter closed.

[14:39:52.941] Moving to: [-3.000 -0.300 0.000]
[14:39:55.187] Arrived at: [-3.000 -0.300 0.000]
[14:39:56.263] Open shutter for 0.140s
[14:39:56.467] Shutter closed.

[14:39:56.468] Moving to: [-3.000 -1.500 0.000]
[14:39:57.785] Arrived at: [-3.000 -1.500 0.000]
[14:39:58.870] Open shutter for 0.160s
[14:39:59.096] Shutter closed.

[14:39:59.097] Plan irradiation finished.
