[19:01:31.046] Starting plan irradiation...
	Plan name: CONV Placa
	Plan type: CONV
	PepperPot code: PP2capas
	Air depth at stage position Z=0: 4.60 cm
	Absolut shift from X to (0,0) well: [0.000 0.000 0.000]
	Current intensity: 0.075 nA (planned for 0.076 nA)

[19:01:35.277] Moving to: [-1.200 -2.400 -5.400]
[19:01:37.950] Moving to: [-1.200 -2.400 -5.400]
[19:01:38.198] Arrived at: [-1.200 -2.400 -5.400]
[19:01:38.851] Open shutter for 0.875s
[19:01:39.770] Shutter closed.

[19:01:39.771] Moving to: [-1.200 -3.000 -5.400]
[19:01:40.746] Arrived at: [-1.200 -3.000 -5.400]
[19:01:41.413] Open shutter for 0.875s
[19:01:42.325] Shutter closed.

[19:01:42.326] Moving to: [-0.600 -3.000 -5.400]
[19:01:43.304] Arrived at: [-0.600 -3.000 -5.400]
[19:01:43.963] Open shutter for 0.875s
[19:01:44.868] Shutter closed.

[19:01:44.869] Moving to: [-0.600 -2.400 -5.400]
[19:01:45.826] Arrived at: [-0.600 -2.400 -5.400]
[19:01:46.483] Open shutter for 0.875s
[19:01:47.386] Shutter closed.

[19:01:47.386] Moving to: [-3.000 -0.600 -5.400]
[19:01:51.065] Arrived at: [-3.000 -0.600 -5.400]
[19:01:51.731] Open shutter for 1.751s
[19:01:53.527] Shutter closed.

[19:01:53.528] Moving to: [-3.000 -1.200 -5.400]
[19:01:54.503] Arrived at: [-3.000 -1.200 -5.400]
[19:01:55.158] Open shutter for 1.751s
[19:01:56.939] Shutter closed.

[19:01:56.940] Moving to: [-2.400 -1.200 -5.400]
[19:01:57.888] Arrived at: [-2.400 -1.200 -5.400]
[19:01:58.538] Open shutter for 1.751s
[19:02:00.318] Shutter closed.

[19:02:00.318] Moving to: [-2.400 -0.600 -5.400]
[19:02:01.282] Arrived at: [-2.400 -0.600 -5.400]
[19:02:01.934] Open shutter for 1.751s
[19:02:03.710] Shutter closed.

[19:02:03.711] Moving to: [-3.000 -2.400 -5.400]
[19:02:06.185] Arrived at: [-3.000 -2.400 -5.400]
[19:02:06.842] Open shutter for 3.502s
[19:02:10.382] Shutter closed.

[19:02:10.383] Moving to: [-3.000 -3.000 -5.400]
[19:02:11.351] Arrived at: [-3.000 -3.000 -5.400]
[19:02:12.013] Open shutter for 3.502s
[19:02:15.537] Shutter closed.

[19:02:15.538] Moving to: [-2.400 -3.000 -5.400]
[19:02:16.485] Arrived at: [-2.400 -3.000 -5.400]
[19:02:17.144] Open shutter for 3.502s
[19:02:20.676] Shutter closed.

[19:02:20.676] Moving to: [-2.400 -2.400 -5.400]
[19:02:21.627] Arrived at: [-2.400 -2.400 -5.400]
[19:02:22.283] Open shutter for 3.502s
[19:02:25.819] Shutter closed.

[19:02:25.820] Moving to: [-4.800 -0.600 -5.400]
[19:02:29.497] Arrived at: [-4.800 -0.600 -5.400]
[19:02:30.152] Open shutter for 7.003s
[19:02:37.183] Shutter closed.

[19:02:37.183] Moving to: [-4.800 -1.200 -5.400]
[19:02:38.147] Arrived at: [-4.800 -1.200 -5.400]
[19:02:38.805] Open shutter for 7.003s
[19:02:45.848] Shutter closed.

[19:02:45.849] Moving to: [-4.190 -1.200 -5.400]
[19:02:46.803] Arrived at: [-4.190 -1.200 -5.400]
[19:02:47.471] Open shutter for 7.003s
[19:02:54.511] Shutter closed.

[19:02:54.511] Moving to: [-4.190 -0.600 -5.400]
[19:02:55.482] Arrived at: [-4.190 -0.600 -5.400]
[19:02:56.133] Open shutter for 7.003s
[19:03:03.163] Shutter closed.

[19:03:03.163] Moving to: [-4.800 -2.400 -5.400]
[19:03:05.640] Arrived at: [-4.800 -2.400 -5.400]
[19:03:06.400] Open shutter for 10.505s
[19:03:16.934] Shutter closed.

[19:03:16.935] Moving to: [-4.800 -3.000 -5.400]
[19:03:17.907] Arrived at: [-4.800 -3.000 -5.400]
[19:03:18.677] Open shutter for 10.505s
[19:03:29.228] Shutter closed.

[19:03:29.229] Moving to: [-4.190 -3.000 -5.400]
[19:03:30.200] Arrived at: [-4.190 -3.000 -5.400]
[19:03:30.952] Open shutter for 10.505s
[19:03:41.492] Shutter closed.

[19:03:41.493] Moving to: [-4.190 -2.400 -5.400]
[19:03:42.489] Arrived at: [-4.190 -2.400 -5.400]
[19:03:43.245] Open shutter for 10.505s
[19:03:53.795] Shutter closed.

[19:03:53.795] Plan irradiation finished.
