filetext[19:31:06.002] Starting plan irradiation...
	Plan name: Huevo 1
	Plan type: CONV
	PepperPot code: 1
	Air depth at stage position Z=0: 0.00 cm
	Absolut shift from X to (0,0) well: [0.000 0.000 0.000]
	Current intensity: 1.000 nA (planned for 0.500 nA)

[19:31:12.068] Moving to: [-0.250 0.250 0.000]
[19:31:12.860] Arrived at: [-0.250 0.250 0.000]
[19:31:13.117] Open shutter for 2.000s
[19:31:15.151] Shutter closed.

[19:31:15.152] Moving to: [-0.250 -0.250 0.000]
[19:31:16.517] Arrived at: [-0.250 -0.250 0.000]
[19:31:16.770] Open shutter for 2.000s
[19:31:18.797] Shutter closed.

[19:31:18.797] Moving to: [0.250 -0.250 0.000]
[19:31:19.681] Arrived at: [0.250 -0.250 0.000]
[19:31:19.938] Open shutter for 2.000s
[19:31:21.961] Shutter closed.

[19:31:21.961] Moving to: [0.250 0.250 0.000]
[19:31:22.848] Arrived at: [0.250 0.250 0.000]
[19:31:22.912] Open shutter for 2.000s
[19:31:24.965] Shutter closed.

[19:31:24.965] Plan irradiation finished.
