[13:13:25.297] Starting plan irradiation...
	Plan name: Gelatina
	Plan comment: Prueba sin haz
	Plan type: CONV
	PepperPot code: 1
	Air depth at stage position Z=0: 0.00 cm
	Absolut shift from X to (0,0) well: [0.000 0.000 0.000]
	Current intensity: 0.000 nA (planned for 0.020 nA)

[13:13:31.630] Moving to: [-0.240 0.240 -6.000]
[13:13:34.050] Moving to: [-0.240 0.240 -6.000]
[13:13:34.282] Arrived at: [-0.240 0.240 -6.000]
[13:13:34.966] Open shutter for 2.014s
[13:13:37.047] Shutter closed.

[13:13:37.052] Moving to: [-0.240 -0.240 -6.000]
[13:13:37.887] Arrived at: [-0.240 -0.240 -6.000]
[13:13:38.563] Open shutter for 2.014s
[13:13:40.647] Shutter closed.

[13:13:40.648] Moving to: [0.240 -0.240 -6.000]
[13:13:41.477] Arrived at: [0.240 -0.240 -6.000]
[13:13:42.167] Open shutter for 2.014s
[13:13:44.246] Shutter closed.

[13:13:44.246] Moving to: [0.240 0.240 -6.000]
[13:13:45.086] Arrived at: [0.240 0.240 -6.000]
[13:13:45.790] Open shutter for 2.014s
[13:13:47.869] Shutter closed.

[13:13:47.870] Plan irradiation finished.
