[17:44:44.155] Starting plan irradiation...
	Plan name: Prueba para RC
	Plan comment: H19 con pbs para detector local
	Plan type: CONV
	PepperPot code: 1
	Air depth at stage position Z=0: 0.00 cm
	Absolut shift from X to (0,0) well: [0.000 0.000 0.000]
	Current intensity: 6.000 nA (planned for 10.000 nA)

[17:44:59.316] Moving to: [-0.120 0.120 0.000]
[17:45:00.315] Moving to: [-0.120 0.120 0.000]
[17:45:00.555] Arrived at: [-0.120 0.120 0.000]
[17:45:01.440] Open shutter for 10.000s
[17:45:11.516] Shutter closed.

[17:45:11.517] Moving to: [-0.120 0.000 0.000]
[17:45:12.108] Arrived at: [-0.120 0.000 0.000]
[17:45:12.990] Open shutter for 10.000s
[17:45:23.054] Shutter closed.

[17:45:23.055] Moving to: [-0.120 -0.120 0.000]
[17:45:23.634] Arrived at: [-0.120 -0.120 0.000]
[17:45:24.525] Open shutter for 10.000s
[17:45:34.601] Shutter closed.

[17:45:34.601] Moving to: [0.000 0.120 0.000]
[17:45:35.603] Arrived at: [0.000 0.120 0.000]
[17:45:36.476] Open shutter for 10.000s
[17:45:46.551] Shutter closed.

[17:45:46.552] Moving to: [0.000 0.000 0.000]
[17:45:47.133] Arrived at: [0.000 0.000 0.000]
[17:45:48.016] Open shutter for 10.000s
[17:45:58.094] Shutter closed.

[17:45:58.095] Moving to: [0.000 -0.120 0.000]
[17:45:58.675] Arrived at: [0.000 -0.120 0.000]
[17:45:59.567] Open shutter for 10.000s
[17:46:09.643] Shutter closed.

[17:46:09.643] Moving to: [0.120 0.120 0.000]
[17:46:10.644] Arrived at: [0.120 0.120 0.000]
[17:46:11.518] Open shutter for 10.000s
[17:46:21.573] Shutter closed.

[17:46:21.573] Moving to: [0.120 0.000 0.000]
[17:46:22.153] Arrived at: [0.120 0.000 0.000]
[17:46:23.029] Open shutter for 10.000s
[17:46:33.086] Shutter closed.

[17:46:33.087] Moving to: [0.120 -0.120 0.000]
[17:46:33.667] Arrived at: [0.120 -0.120 0.000]
[17:46:34.537] Open shutter for 10.000s
[17:46:44.618] Shutter closed.

[17:46:44.619] Plan irradiation finished.
