[17:31:10.269] Starting plan irradiation...
	Plan name: CONV Placa
	Plan type: CONV
	PepperPot code: PP2capas
	Air depth at stage position Z=0: 4.40 cm
	Absolut shift from X to (0,0) well: [0.000 0.000 0.000]
	Current intensity: 0.119 nA (planned for 0.100 nA)

[17:31:19.119] Moving to: [-1.180 -2.410 -5.600]
[17:31:21.929] Moving to: [-1.180 -2.410 -5.600]
[17:31:22.409] Arrived at: [-1.180 -2.410 -5.600]
[17:31:23.064] Open shutter for 0.642s
[17:31:23.743] Shutter closed.

[17:31:23.743] Moving to: [-1.180 -2.980 -5.600]
[17:31:24.917] Arrived at: [-1.180 -2.980 -5.600]
[17:31:24.966] Open shutter for 0.642s
[17:31:25.653] Shutter closed.

[17:31:25.654] Moving to: [-0.610 -2.980 -5.600]
[17:31:26.849] Arrived at: [-0.610 -2.980 -5.600]
[17:31:27.510] Open shutter for 0.642s
[17:31:28.177] Shutter closed.

[17:31:28.177] Moving to: [-0.610 -2.410 -5.600]
[17:31:29.376] Arrived at: [-0.610 -2.410 -5.600]
[17:31:30.032] Open shutter for 0.642s
[17:31:30.715] Shutter closed.

[17:31:30.715] Moving to: [-2.980 -0.610 -5.600]
[17:31:34.606] Arrived at: [-2.980 -0.610 -5.600]
[17:31:35.255] Open shutter for 1.284s
[17:31:36.570] Shutter closed.

[17:31:36.571] Moving to: [-2.980 -1.180 -5.600]
[17:31:37.741] Arrived at: [-2.980 -1.180 -5.600]
[17:31:38.402] Open shutter for 1.284s
[17:31:39.720] Shutter closed.

[17:31:39.720] Moving to: [-2.410 -1.180 -5.600]
[17:31:40.904] Arrived at: [-2.410 -1.180 -5.600]
[17:31:41.555] Open shutter for 1.284s
[17:31:42.867] Shutter closed.

[17:31:42.867] Moving to: [-2.410 -0.610 -5.600]
[17:31:44.048] Arrived at: [-2.410 -0.610 -5.600]
[17:31:44.711] Open shutter for 1.284s
[17:31:46.026] Shutter closed.

[17:31:46.027] Moving to: [-2.980 -2.410 -5.600]
[17:31:48.706] Arrived at: [-2.980 -2.410 -5.600]
[17:31:49.375] Open shutter for 2.567s
[17:31:51.968] Shutter closed.

[17:31:51.968] Moving to: [-2.980 -2.980 -5.600]
[17:31:53.143] Arrived at: [-2.980 -2.980 -5.600]
[17:31:53.793] Open shutter for 2.567s
[17:31:56.390] Shutter closed.

[17:31:56.390] Moving to: [-2.410 -2.980 -5.600]
[17:31:57.573] Arrived at: [-2.410 -2.980 -5.600]
[17:31:58.231] Open shutter for 2.567s
[17:32:00.813] Shutter closed.

[17:32:00.813] Moving to: [-2.410 -2.410 -5.600]
[17:32:01.977] Arrived at: [-2.410 -2.410 -5.600]
[17:32:02.632] Open shutter for 2.567s
[17:32:05.219] Shutter closed.

[17:32:05.219] Moving to: [-4.780 -0.610 -5.600]
[17:32:09.092] Arrived at: [-4.780 -0.610 -5.600]
[17:32:09.746] Open shutter for 5.134s
[17:32:14.904] Shutter closed.

[17:32:14.904] Moving to: [-4.780 -1.180 -5.600]
[17:32:16.098] Arrived at: [-4.780 -1.180 -5.600]
[17:32:16.753] Open shutter for 5.134s
[17:32:21.921] Shutter closed.

[17:32:21.921] Moving to: [-4.210 -1.180 -5.600]
[17:32:23.107] Arrived at: [-4.210 -1.180 -5.600]
[17:32:23.759] Open shutter for 5.134s
[17:32:28.925] Shutter closed.

[17:32:28.925] Moving to: [-4.210 -0.610 -5.600]
[17:32:30.076] Arrived at: [-4.210 -0.610 -5.600]
[17:32:30.733] Open shutter for 5.134s
[17:32:35.891] Shutter closed.

[17:32:35.892] Moving to: [-4.780 -2.410 -5.600]
[17:32:38.578] Arrived at: [-4.780 -2.410 -5.600]
[17:32:39.235] Open shutter for 7.702s
[17:32:46.977] Shutter closed.

[17:32:46.977] Moving to: [-4.780 -2.980 -5.600]
[17:32:48.179] Arrived at: [-4.780 -2.980 -5.600]
[17:32:48.832] Open shutter for 7.702s
[17:32:56.565] Shutter closed.

[17:32:56.565] Moving to: [-4.210 -2.980 -5.600]
[17:32:57.739] Arrived at: [-4.210 -2.980 -5.600]
[17:32:58.409] Open shutter for 7.702s
[17:33:06.149] Shutter closed.

[17:33:06.149] Moving to: [-4.210 -2.410 -5.600]
[17:33:07.335] Arrived at: [-4.210 -2.410 -5.600]
[17:33:07.990] Open shutter for 7.702s
[17:33:15.723] Shutter closed.

[17:33:15.723] Plan irradiation finished.
