[13:16:30.164] Starting plan irradiation...
	Plan name: Gelatina
	Plan comment: RC para plan 10 Gy
	Plan type: CONV
	PepperPot code: 1
	Air depth at stage position Z=0: 0.00 cm
	Absolut shift from X to (0,0) well: [0.000 0.000 0.000]
	Current intensity: 0.020 nA (planned for 0.020 nA)

[13:16:44.806] Moving to: [-0.240 0.240 -6.000]
[13:16:45.663] Moving to: [-0.240 0.240 -6.000]
[13:16:45.891] Arrived at: [-0.240 0.240 -6.000]
[13:16:46.584] Open shutter for 2.014s
[13:16:48.663] Shutter closed.

[13:16:48.669] Moving to: [-0.240 -0.240 -6.000]
[13:16:49.520] Arrived at: [-0.240 -0.240 -6.000]
[13:16:50.189] Open shutter for 2.014s
[13:16:52.269] Shutter closed.

[13:16:52.270] Moving to: [0.240 -0.240 -6.000]
[13:16:53.116] Arrived at: [0.240 -0.240 -6.000]
[13:16:53.815] Open shutter for 2.014s
[13:16:55.892] Shutter closed.

[13:16:55.893] Moving to: [0.240 0.240 -6.000]
[13:16:56.730] Arrived at: [0.240 0.240 -6.000]
[13:16:57.417] Open shutter for 2.014s
[13:16:59.499] Shutter closed.

[13:16:59.499] Plan irradiation finished.
