[17:14:32.083] Starting plan irradiation...
	Plan name: Gelatina
	Plan comment: Huevo 4 sin difusor mas cerca en manual
	Plan type: CONV
	PepperPot code: 1
	Air depth at stage position Z=0: 0.00 cm
	Absolut shift from X to (0,0) well: [0.000 0.000 0.000]
	Current intensity: 0.090 nA (planned for 0.300 nA)

[17:14:53.117] Moving to: [-0.240 0.240 0.000]
[17:14:54.328] Moving to: [-0.240 0.240 0.000]
[17:14:54.988] Arrived at: [-0.240 0.240 0.000]
[17:14:55.866] Open shutter for 30.000s
[17:15:25.969] Shutter closed.

[17:15:25.970] Moving to: [-0.240 -0.240 0.000]
[17:15:26.792] Arrived at: [-0.240 -0.240 0.000]
[17:15:27.671] Open shutter for 30.000s
[17:15:57.761] Shutter closed.

[17:15:57.762] Moving to: [0.240 -0.240 0.000]
[17:15:58.596] Arrived at: [0.240 -0.240 0.000]
[17:15:59.496] Open shutter for 30.000s
[17:16:29.589] Shutter closed.

[17:16:29.590] Moving to: [0.240 0.240 0.000]
[17:16:30.542] Arrived at: [0.240 0.240 0.000]
[17:16:31.422] Open shutter for 30.000s
[17:17:01.499] Shutter closed.

[17:17:01.500] Plan irradiation finished.
