[10:58:03.334] Starting plan irradiation...
	Plan name: Plan de commissioning para CONV
	Plan type: CONV
	PepperPot code: 1
	Air depth at stage position Z=0: 4.40 cm
	Absolut shift from X to (0,0) well: [-4.944 -3.147 0.000]
	Current intensity: 5.800 nA (planned for 8.000 nA)

[10:58:10.123] Moving to: [-1.944 -1.147 0.000]
[10:58:13.532] Moving to: [-1.944 -1.147 0.000]
[10:58:15.249] Arrived at: [-1.944 -1.147 0.000]
[10:58:15.817] Open shutter for 0.040s
[10:58:15.884] Shutter closed.

[10:58:15.885] Moving to: [-1.944 -3.147 -1.500]
[10:58:19.330] Arrived at: [-1.944 -3.147 -1.500]
[10:58:19.878] Open shutter for 0.040s
[10:58:19.945] Shutter closed.

[10:58:19.945] Moving to: [-1.944 -5.146 -3.000]
[10:58:23.396] Arrived at: [-1.944 -5.146 -3.000]
[10:58:23.973] Open shutter for 0.040s
[10:58:24.040] Shutter closed.

[10:58:24.041] Moving to: [-3.944 -1.147 -4.500]
[10:58:29.835] Arrived at: [-3.944 -1.147 -4.500]
[10:58:30.403] Open shutter for 0.040s
[10:58:30.465] Shutter closed.

[10:58:30.466] Moving to: [-3.944 -3.147 -6.000]
[10:58:33.059] Arrived at: [-3.944 -3.147 -6.000]
[10:58:33.612] Open shutter for 0.040s
[10:58:33.683] Shutter closed.

[10:58:33.684] Moving to: [-3.944 -5.146 -7.500]
[10:58:36.266] Arrived at: [-3.944 -5.146 -7.500]
[10:58:36.815] Open shutter for 0.040s
[10:58:36.883] Shutter closed.

[10:58:36.884] Moving to: [-5.944 -1.147 0.000]
[10:58:44.521] Arrived at: [-5.944 -1.147 0.000]
[10:58:45.085] Open shutter for 0.160s
[10:58:45.262] Shutter closed.

[10:58:45.263] Moving to: [-5.944 -3.147 -1.500]
[10:58:48.709] Arrived at: [-5.944 -3.147 -1.500]
[10:58:49.276] Open shutter for 0.160s
[10:58:49.461] Shutter closed.

[10:58:49.462] Moving to: [-5.944 -5.146 -3.000]
[10:58:52.905] Arrived at: [-5.944 -5.146 -3.000]
[10:58:53.464] Open shutter for 0.160s
[10:58:53.667] Shutter closed.

[10:58:53.667] Moving to: [-7.944 -1.147 -4.500]
[10:58:59.463] Arrived at: [-7.944 -1.147 -4.500]
[10:59:00.010] Open shutter for 0.160s
[10:59:00.209] Shutter closed.

[10:59:00.210] Moving to: [-7.944 -3.147 -6.000]
[10:59:02.779] Arrived at: [-7.944 -3.147 -6.000]
[10:59:03.342] Open shutter for 0.160s
[10:59:03.527] Shutter closed.

[10:59:03.527] Moving to: [-7.944 -5.146 -7.500]
[10:59:06.133] Arrived at: [-7.944 -5.146 -7.500]
[10:59:06.681] Open shutter for 0.160s
[10:59:06.882] Shutter closed.

[10:59:06.883] Plan irradiation finished.
