[19:39:59.702] Starting plan irradiation...
	Plan name: CONV Placa
	Plan type: CONV
	PepperPot code: PP2capas
	Air depth at stage position Z=0: 4.60 cm
	Absolut shift from X to (0,0) well: [0.000 0.000 0.000]
	Current intensity: 0.071 nA (planned for 0.076 nA)

[19:40:02.943] Moving to: [-1.200 -2.400 -5.400]
[19:40:05.512] Moving to: [-1.200 -2.400 -5.400]
[19:40:05.765] Arrived at: [-1.200 -2.400 -5.400]
[19:40:06.423] Open shutter for 0.875s
[19:40:07.314] Shutter closed.

[19:40:07.315] Moving to: [-1.200 -3.000 -5.400]
[19:40:08.301] Arrived at: [-1.200 -3.000 -5.400]
[19:40:08.967] Open shutter for 0.875s
[19:40:09.877] Shutter closed.

[19:40:09.878] Moving to: [-0.600 -3.000 -5.400]
[19:40:10.878] Arrived at: [-0.600 -3.000 -5.400]
[19:40:10.928] Open shutter for 0.875s
[19:40:11.862] Shutter closed.

[19:40:11.863] Moving to: [-0.600 -2.400 -5.400]
[19:40:12.864] Arrived at: [-0.600 -2.400 -5.400]
[19:40:13.517] Open shutter for 0.875s
[19:40:14.422] Shutter closed.

[19:40:14.422] Moving to: [-3.000 -0.600 -5.400]
[19:40:18.152] Arrived at: [-3.000 -0.600 -5.400]
[19:40:18.211] Open shutter for 1.751s
[19:40:19.133] Shutter closed.

[19:40:19.133] Moving to: [-3.000 -1.200 -5.400]
[19:40:20.134] Arrived at: [-3.000 -1.200 -5.400]
[19:40:20.786] Open shutter for 1.751s
[19:40:22.555] Shutter closed.

[19:40:22.556] Moving to: [-2.400 -1.200 -5.400]
[19:40:23.560] Arrived at: [-2.400 -1.200 -5.400]
[19:40:24.226] Open shutter for 1.751s
[19:40:26.019] Shutter closed.

[19:40:26.019] Moving to: [-2.400 -0.600 -5.400]
[19:40:26.995] Arrived at: [-2.400 -0.600 -5.400]
[19:40:27.053] Open shutter for 1.751s
[19:40:28.849] Shutter closed.

[19:40:28.849] Moving to: [-3.000 -2.400 -5.400]
[19:40:31.364] Arrived at: [-3.000 -2.400 -5.400]
[19:40:32.021] Open shutter for 3.502s
[19:40:35.547] Shutter closed.

[19:40:35.547] Moving to: [-3.000 -3.000 -5.400]
[19:40:36.541] Arrived at: [-3.000 -3.000 -5.400]
[19:40:36.596] Open shutter for 3.502s
[19:40:40.143] Shutter closed.

[19:40:40.143] Moving to: [-2.400 -3.000 -5.400]
[19:40:41.153] Arrived at: [-2.400 -3.000 -5.400]
[19:40:41.812] Open shutter for 3.502s
[19:40:45.339] Shutter closed.

[19:40:45.339] Moving to: [-2.400 -2.400 -5.400]
[19:40:46.315] Arrived at: [-2.400 -2.400 -5.400]
[19:40:46.971] Open shutter for 3.502s
[19:40:50.495] Shutter closed.

[19:40:50.495] Moving to: [-4.800 -0.600 -5.400]
[19:40:54.205] Arrived at: [-4.800 -0.600 -5.400]
[19:40:54.858] Open shutter for 7.003s
[19:41:01.896] Shutter closed.

[19:41:01.896] Moving to: [-4.800 -1.200 -5.400]
[19:41:02.874] Arrived at: [-4.800 -1.200 -5.400]
[19:41:03.528] Open shutter for 7.003s
[19:41:10.561] Shutter closed.

[19:41:10.561] Moving to: [-4.190 -1.200 -5.400]
[19:41:11.552] Arrived at: [-4.190 -1.200 -5.400]
[19:41:12.213] Open shutter for 7.003s
[19:41:19.254] Shutter closed.

[19:41:19.254] Moving to: [-4.190 -0.600 -5.400]
[19:41:20.243] Arrived at: [-4.190 -0.600 -5.400]
[19:41:20.900] Open shutter for 7.003s
[19:41:27.937] Shutter closed.

[19:41:27.937] Moving to: [-4.800 -2.400 -5.400]
[19:41:30.469] Arrived at: [-4.800 -2.400 -5.400]
[19:41:31.234] Open shutter for 10.505s
[19:41:41.790] Shutter closed.

[19:41:41.791] Moving to: [-4.800 -3.000 -5.400]
[19:41:42.785] Arrived at: [-4.800 -3.000 -5.400]
[19:41:42.841] Open shutter for 10.505s
[19:41:53.413] Shutter closed.

[19:41:53.413] Moving to: [-4.190 -3.000 -5.400]
[19:41:54.369] Arrived at: [-4.190 -3.000 -5.400]
[19:41:55.120] Open shutter for 10.505s
[19:42:05.670] Shutter closed.

[19:42:05.671] Moving to: [-4.190 -2.400 -5.400]
[19:42:06.650] Arrived at: [-4.190 -2.400 -5.400]
[19:42:07.409] Open shutter for 10.505s
[19:42:17.959] Shutter closed.

[19:42:17.959] Plan irradiation finished.
