[18:57:37.552] Starting plan irradiation...
	Plan name: CONV Placa
	Plan type: CONV
	PepperPot code: PP2capas
	Air depth at stage position Z=0: 4.60 cm
	Absolut shift from X to (0,0) well: [0.000 0.000 0.000]
	Current intensity: 0.076 nA (planned for 0.076 nA)

[18:57:42.786] Moving to: [-1.200 -2.400 -5.400]
[18:57:45.349] Moving to: [-1.200 -2.400 -5.400]
[18:57:45.595] Arrived at: [-1.200 -2.400 -5.400]
[18:57:46.252] Open shutter for 0.875s
[18:57:47.168] Shutter closed.

[18:57:47.168] Moving to: [-1.200 -3.000 -5.400]
[18:57:48.138] Arrived at: [-1.200 -3.000 -5.400]
[18:57:48.791] Open shutter for 0.875s
[18:57:49.705] Shutter closed.

[18:57:49.706] Moving to: [-0.600 -3.000 -5.400]
[18:57:50.656] Arrived at: [-0.600 -3.000 -5.400]
[18:57:51.321] Open shutter for 0.875s
[18:57:52.235] Shutter closed.

[18:57:52.235] Moving to: [-0.600 -2.400 -5.400]
[18:57:53.209] Arrived at: [-0.600 -2.400 -5.400]
[18:57:53.877] Open shutter for 0.875s
[18:57:54.794] Shutter closed.

[18:57:54.794] Moving to: [-3.000 -0.600 -5.400]
[18:57:58.477] Arrived at: [-3.000 -0.600 -5.400]
[18:57:58.531] Open shutter for 1.751s
[18:57:59.460] Shutter closed.

[18:57:59.460] Moving to: [-3.000 -1.200 -5.400]
[18:58:00.427] Arrived at: [-3.000 -1.200 -5.400]
[18:58:01.101] Open shutter for 1.751s
[18:58:02.880] Shutter closed.

[18:58:02.880] Moving to: [-2.400 -1.200 -5.400]
[18:58:03.836] Arrived at: [-2.400 -1.200 -5.400]
[18:58:04.496] Open shutter for 1.751s
[18:58:06.278] Shutter closed.

[18:58:06.278] Moving to: [-2.400 -0.600 -5.400]
[18:58:07.221] Arrived at: [-2.400 -0.600 -5.400]
[18:58:07.885] Open shutter for 1.751s
[18:58:09.680] Shutter closed.

[18:58:09.680] Moving to: [-3.000 -2.400 -5.400]
[18:58:12.128] Arrived at: [-3.000 -2.400 -5.400]
[18:58:12.778] Open shutter for 3.502s
[18:58:16.306] Shutter closed.

[18:58:16.307] Moving to: [-3.000 -3.000 -5.400]
[18:58:17.275] Arrived at: [-3.000 -3.000 -5.400]
[18:58:17.923] Open shutter for 3.502s
[18:58:21.464] Shutter closed.

[18:58:21.464] Moving to: [-2.400 -3.000 -5.400]
[18:58:22.452] Arrived at: [-2.400 -3.000 -5.400]
[18:58:23.105] Open shutter for 3.502s
[18:58:26.642] Shutter closed.

[18:58:26.642] Moving to: [-2.400 -2.400 -5.400]
[18:58:27.605] Arrived at: [-2.400 -2.400 -5.400]
[18:58:28.281] Open shutter for 3.502s
[18:58:31.820] Shutter closed.

[18:58:31.821] Moving to: [-4.800 -0.600 -5.400]
[18:58:35.467] Arrived at: [-4.800 -0.600 -5.400]
[18:58:36.134] Open shutter for 7.003s
[18:58:43.172] Shutter closed.

[18:58:43.173] Moving to: [-4.800 -1.200 -5.400]
[18:58:44.127] Arrived at: [-4.800 -1.200 -5.400]
[18:58:44.784] Open shutter for 7.003s
[18:58:51.820] Shutter closed.

[18:58:51.820] Moving to: [-4.190 -1.200 -5.400]
[18:58:52.768] Arrived at: [-4.190 -1.200 -5.400]
[18:58:53.420] Open shutter for 7.003s
[18:59:00.458] Shutter closed.

[18:59:00.458] Moving to: [-4.190 -0.600 -5.400]
[18:59:01.428] Arrived at: [-4.190 -0.600 -5.400]
[18:59:02.091] Open shutter for 7.003s
[18:59:09.143] Shutter closed.

[18:59:09.143] Moving to: [-4.800 -2.400 -5.400]
[18:59:11.626] Arrived at: [-4.800 -2.400 -5.400]
[18:59:12.395] Open shutter for 10.505s
[18:59:22.944] Shutter closed.

[18:59:22.944] Moving to: [-4.800 -3.000 -5.400]
[18:59:23.907] Arrived at: [-4.800 -3.000 -5.400]
[18:59:24.658] Open shutter for 10.505s
[18:59:35.197] Shutter closed.

[18:59:35.197] Moving to: [-4.190 -3.000 -5.400]
[18:59:36.170] Arrived at: [-4.190 -3.000 -5.400]
[18:59:36.232] Open shutter for 10.505s
[18:59:46.802] Shutter closed.

[18:59:46.802] Moving to: [-4.190 -2.400 -5.400]
[18:59:47.784] Arrived at: [-4.190 -2.400 -5.400]
[18:59:48.543] Open shutter for 10.505s
[18:59:59.096] Shutter closed.

[18:59:59.097] Plan irradiation finished.
