[12:09:54.350] Starting plan irradiation...
	Plan name: Plan de commissioning para CONV
	Plan comment: prueba movimiento
	Plan type: CONV
	PepperPot code: 1
	Air depth at stage position Z=0: 0.00 cm
	Absolut shift from X to (0,0) well: [0.000 0.000 0.000]
	Current intensity: 0.000 nA (planned for 0.050 nA)

[12:10:01.270] Moving to: [0.600 1.900 0.000]
[12:10:10.164] Moving to: [0.600 1.900 0.000]
[12:10:11.032] Arrived at: [0.600 1.900 0.000]
[12:10:11.513] Open shutter for 0.200s
[12:10:11.768] Shutter closed.

[12:10:11.769] Moving to: [0.600 -0.100 -1.000]
[12:10:14.558] Arrived at: [0.600 -0.100 -1.000]
[12:10:15.041] Open shutter for 0.200s
[12:10:15.299] Shutter closed.

[12:10:15.300] Moving to: [0.600 -2.200 -2.000]
[12:10:18.173] Arrived at: [0.600 -2.200 -2.000]
[12:10:18.656] Open shutter for 0.200s
[12:10:18.914] Shutter closed.

[12:10:18.915] Moving to: [3.000 1.900 -3.000]
[12:10:25.025] Arrived at: [3.000 1.900 -3.000]
[12:10:25.510] Open shutter for 0.200s
[12:10:25.768] Shutter closed.

[12:10:25.769] Moving to: [3.000 -0.100 -4.000]
[12:10:28.587] Arrived at: [3.000 -0.100 -4.000]
[12:10:29.067] Open shutter for 0.200s
[12:10:29.327] Shutter closed.

[12:10:29.327] Moving to: [3.000 -2.200 -5.000]
[12:10:32.228] Arrived at: [3.000 -2.200 -5.000]
[12:10:32.720] Open shutter for 0.200s
[12:10:32.976] Shutter closed.

[12:10:32.978] Plan irradiation finished.
