[18:49:50.614] Starting plan irradiation...
	Plan name: CONV Placa
	Plan type: CONV
	PepperPot code: PP2capas
	Air depth at stage position Z=0: 4.60 cm
	Absolut shift from X to (0,0) well: [0.000 0.000 0.000]
	Current intensity: 0.074 nA (planned for 0.076 nA)

[18:49:54.638] Moving to: [-1.200 -2.400 -5.400]
[18:49:57.480] Moving to: [-1.200 -2.400 -5.400]
[18:49:57.735] Arrived at: [-1.200 -2.400 -5.400]
[18:49:58.399] Open shutter for 0.875s
[18:49:59.305] Shutter closed.

[18:49:59.305] Moving to: [-1.200 -3.000 -5.400]
[18:50:00.275] Arrived at: [-1.200 -3.000 -5.400]
[18:50:00.937] Open shutter for 0.875s
[18:50:01.831] Shutter closed.

[18:50:01.831] Moving to: [-0.600 -3.000 -5.400]
[18:50:02.775] Arrived at: [-0.600 -3.000 -5.400]
[18:50:03.425] Open shutter for 0.875s
[18:50:04.339] Shutter closed.

[18:50:04.339] Moving to: [-0.600 -2.400 -5.400]
[18:50:05.288] Arrived at: [-0.600 -2.400 -5.400]
[18:50:05.950] Open shutter for 0.875s
[18:50:06.850] Shutter closed.

[18:50:06.850] Moving to: [-3.000 -0.600 -5.400]
[18:50:10.519] Arrived at: [-3.000 -0.600 -5.400]
[18:50:11.173] Open shutter for 1.751s
[18:50:12.951] Shutter closed.

[18:50:12.951] Moving to: [-3.000 -1.200 -5.400]
[18:50:13.913] Arrived at: [-3.000 -1.200 -5.400]
[18:50:14.565] Open shutter for 1.751s
[18:50:16.354] Shutter closed.

[18:50:16.355] Moving to: [-2.400 -1.200 -5.400]
[18:50:17.327] Arrived at: [-2.400 -1.200 -5.400]
[18:50:17.977] Open shutter for 1.751s
[18:50:19.762] Shutter closed.

[18:50:19.763] Moving to: [-2.400 -0.600 -5.400]
[18:50:20.723] Arrived at: [-2.400 -0.600 -5.400]
[18:50:21.394] Open shutter for 1.751s
[18:50:23.174] Shutter closed.

[18:50:23.174] Moving to: [-3.000 -2.400 -5.400]
[18:50:25.650] Arrived at: [-3.000 -2.400 -5.400]
[18:50:26.323] Open shutter for 3.502s
[18:50:29.872] Shutter closed.

[18:50:29.872] Moving to: [-3.000 -3.000 -5.400]
[18:50:30.871] Arrived at: [-3.000 -3.000 -5.400]
[18:50:31.538] Open shutter for 3.502s
[18:50:35.063] Shutter closed.

[18:50:35.064] Moving to: [-2.400 -3.000 -5.400]
[18:50:36.017] Arrived at: [-2.400 -3.000 -5.400]
[18:50:36.061] Open shutter for 3.502s
[18:50:39.614] Shutter closed.

[18:50:39.614] Moving to: [-2.400 -2.400 -5.400]
[18:50:40.584] Arrived at: [-2.400 -2.400 -5.400]
[18:50:41.238] Open shutter for 3.502s
[18:50:44.777] Shutter closed.

[18:50:44.777] Moving to: [-4.800 -0.600 -5.400]
[18:50:48.437] Arrived at: [-4.800 -0.600 -5.400]
[18:50:48.500] Open shutter for 7.003s
[18:50:52.069] Shutter closed.

[18:50:52.070] Moving to: [-4.800 -1.200 -5.400]
[18:50:53.005] Arrived at: [-4.800 -1.200 -5.400]
[18:50:53.061] Open shutter for 7.003s
[18:50:56.613] Shutter closed.

[18:50:56.613] Moving to: [-4.190 -1.200 -5.400]
[18:50:57.602] Arrived at: [-4.190 -1.200 -5.400]
[18:50:58.262] Open shutter for 7.003s
[18:51:05.306] Shutter closed.

[18:51:05.307] Moving to: [-4.190 -0.600 -5.400]
[18:51:06.259] Arrived at: [-4.190 -0.600 -5.400]
[18:51:06.912] Open shutter for 7.003s
[18:51:13.959] Shutter closed.

[18:51:13.959] Moving to: [-4.800 -2.400 -5.400]
[18:51:16.450] Arrived at: [-4.800 -2.400 -5.400]
[18:51:17.201] Open shutter for 10.505s
[18:51:27.736] Shutter closed.

[18:51:27.736] Moving to: [-4.800 -3.000 -5.400]
[18:51:28.699] Arrived at: [-4.800 -3.000 -5.400]
[18:51:29.450] Open shutter for 10.505s
[18:51:39.999] Shutter closed.

[18:51:39.999] Moving to: [-4.190 -3.000 -5.400]
[18:51:40.959] Arrived at: [-4.190 -3.000 -5.400]
[18:51:41.724] Open shutter for 10.505s
[18:51:52.260] Shutter closed.

[18:51:52.261] Moving to: [-4.190 -2.400 -5.400]
[18:51:53.229] Arrived at: [-4.190 -2.400 -5.400]
[18:51:53.990] Open shutter for 10.505s
[18:52:04.538] Shutter closed.

[18:52:04.538] Plan irradiation finished.
