[18:01:40.783] Starting plan irradiation...
	Plan name: Gelatina
	Plan comment: Agua 100ul con el mismo plan
	Plan type: CONV
	PepperPot code: 1
	Air depth at stage position Z=0: 0.00 cm
	Absolut shift from X to (0,0) well: [0.000 0.000 0.000]
	Current intensity: 0.360 nA (planned for 0.300 nA)

[18:02:06.268] Moving to: [-0.060 0.060 0.000]
[18:02:07.133] Moving to: [-0.060 0.060 0.000]
[18:02:07.369] Arrived at: [-0.060 0.060 0.000]
[18:02:08.250] Open shutter for 30.000s
[18:02:38.347] Shutter closed.

[18:02:38.347] Moving to: [-0.060 -0.060 0.000]
[18:02:38.954] Arrived at: [-0.060 -0.060 0.000]
[18:02:39.837] Open shutter for 30.000s
[18:03:09.917] Shutter closed.

[18:03:09.917] Moving to: [0.060 -0.060 0.000]
[18:03:10.512] Arrived at: [0.060 -0.060 0.000]
[18:03:11.411] Open shutter for 30.000s
[18:03:41.511] Shutter closed.

[18:03:41.511] Moving to: [0.060 0.060 0.000]
[18:03:42.111] Arrived at: [0.060 0.060 0.000]
[18:03:42.994] Open shutter for 30.000s
[18:04:13.088] Shutter closed.

[18:04:13.088] Plan irradiation finished.
