[18:43:31.197] Starting plan irradiation...
	Plan name: Prueba para RC
	Plan comment: T5 con PBS
	Plan type: CONV
	PepperPot code: 1
	Air depth at stage position Z=0: 0.00 cm
	Absolut shift from X to (0,0) well: [0.000 0.000 0.000]
	Current intensity: 6.000 nA (planned for 7.000 nA)

[18:44:41.255] Moving to: [-0.060 0.060 0.000]
[18:44:42.091] Moving to: [-0.060 0.060 0.000]
[18:44:42.315] Arrived at: [-0.060 0.060 0.000]
[18:44:43.210] Open shutter for 10.000s
[18:44:53.286] Shutter closed.

[18:44:53.292] Moving to: [-0.060 -0.060 0.000]
[18:44:53.859] Arrived at: [-0.060 -0.060 0.000]
[18:44:54.753] Open shutter for 10.000s
[18:45:04.828] Shutter closed.

[18:45:04.828] Moving to: [0.060 -0.060 0.000]
[18:45:05.392] Arrived at: [0.060 -0.060 0.000]
[18:45:06.288] Open shutter for 10.000s
[18:45:16.364] Shutter closed.

[18:45:16.364] Moving to: [0.060 0.060 0.000]
[18:45:16.936] Arrived at: [0.060 0.060 0.000]
[18:45:17.811] Open shutter for 10.000s
[18:45:27.870] Shutter closed.

[18:45:27.871] Plan irradiation finished.
