[21:42:07.460] Starting plan irradiation...
	Plan name: Plan de calibración
	Plan type: CONV
	PepperPot code: 1
	Air depth at stage position Z=0: 4.40 cm
	Absolut shift from X to (0,0) well: [0.000 0.000 0.000]
	Current intensity: 0.400 nA (planned for 0.050 nA)

[21:42:10.498] Moving to: [-1.360 -0.430 -5.600]
[21:42:19.642] Arrived at: [-1.360 -0.430 -5.600]
[21:42:20.210] Open shutter for 0.030s
[21:42:20.276] Shutter closed.

[21:42:20.278] Moving to: [-1.360 -0.900 -5.600]
[21:42:21.401] Arrived at: [-1.360 -0.900 -5.600]
[21:42:21.953] Open shutter for 0.030s
[21:42:21.998] Shutter closed.

[21:42:21.999] Moving to: [-1.360 -1.360 -5.600]
[21:42:23.109] Arrived at: [-1.360 -1.360 -5.600]
[21:42:23.660] Open shutter for 0.030s
[21:42:23.730] Shutter closed.

[21:42:23.731] Moving to: [-0.900 -1.360 -5.600]
[21:42:24.815] Arrived at: [-0.900 -1.360 -5.600]
[21:42:25.362] Open shutter for 0.030s
[21:42:25.436] Shutter closed.

[21:42:25.436] Moving to: [-0.900 -0.900 -5.600]
[21:42:26.545] Arrived at: [-0.900 -0.900 -5.600]
[21:42:27.207] Open shutter for 0.027s
[21:42:27.255] Shutter closed.

[21:42:27.256] Moving to: [-0.900 -0.430 -5.600]
[21:42:28.357] Arrived at: [-0.900 -0.430 -5.600]
[21:42:28.908] Open shutter for 0.030s
[21:42:28.978] Shutter closed.

[21:42:28.979] Moving to: [-0.430 -0.430 -5.600]
[21:42:30.100] Arrived at: [-0.430 -0.430 -5.600]
[21:42:30.655] Open shutter for 0.030s
[21:42:30.703] Shutter closed.

[21:42:30.703] Moving to: [-0.430 -0.900 -5.600]
[21:42:31.814] Arrived at: [-0.430 -0.900 -5.600]
[21:42:32.363] Open shutter for 0.030s
[21:42:32.437] Shutter closed.

[21:42:32.437] Moving to: [-0.430 -1.360 -5.600]
[21:42:33.536] Arrived at: [-0.430 -1.360 -5.600]
[21:42:34.099] Open shutter for 0.030s
[21:42:34.163] Shutter closed.

[21:42:34.163] Moving to: [-1.360 -3.130 -5.600]
[21:42:37.051] Arrived at: [-1.360 -3.130 -5.600]
[21:42:37.702] Open shutter for 0.152s
[21:42:37.879] Shutter closed.

[21:42:37.879] Moving to: [-1.360 -3.600 -5.600]
[21:42:39.010] Arrived at: [-1.360 -3.600 -5.600]
[21:42:39.664] Open shutter for 0.152s
[21:42:39.843] Shutter closed.

[21:42:39.843] Moving to: [-1.360 -4.060 -5.600]
[21:42:40.950] Arrived at: [-1.360 -4.060 -5.600]
[21:42:41.604] Open shutter for 0.152s
[21:42:41.784] Shutter closed.

[21:42:41.784] Moving to: [-0.900 -4.060 -5.600]
[21:42:43.124] Arrived at: [-0.900 -4.060 -5.600]
[21:42:43.790] Open shutter for 0.152s
[21:42:43.968] Shutter closed.

[21:42:43.968] Moving to: [-0.900 -3.600 -5.600]
[21:42:45.048] Arrived at: [-0.900 -3.600 -5.600]
[21:42:45.699] Open shutter for 0.136s
[21:42:45.857] Shutter closed.

[21:42:45.857] Moving to: [-0.900 -3.130 -5.600]
[21:42:46.980] Arrived at: [-0.900 -3.130 -5.600]
[21:42:47.636] Open shutter for 0.152s
[21:42:47.820] Shutter closed.

[21:42:47.820] Moving to: [-0.430 -3.130 -5.600]
[21:42:48.937] Arrived at: [-0.430 -3.130 -5.600]
[21:42:49.585] Open shutter for 0.152s
[21:42:49.761] Shutter closed.

[21:42:49.761] Moving to: [-0.430 -3.600 -5.600]
[21:42:50.883] Arrived at: [-0.430 -3.600 -5.600]
[21:42:51.529] Open shutter for 0.152s
[21:42:51.710] Shutter closed.

[21:42:51.710] Moving to: [-0.430 -4.060 -5.600]
[21:42:52.826] Arrived at: [-0.430 -4.060 -5.600]
[21:42:53.484] Open shutter for 0.152s
[21:42:53.668] Shutter closed.

[21:42:53.668] Moving to: [-1.360 -5.830 -5.600]
[21:42:56.576] Arrived at: [-1.360 -5.830 -5.600]
[21:42:57.236] Open shutter for 0.273s
[21:42:57.532] Shutter closed.

[21:42:57.532] Moving to: [-1.360 -6.290 -5.600]
[21:42:58.641] Arrived at: [-1.360 -6.290 -5.600]
[21:42:59.300] Open shutter for 0.273s
[21:42:59.597] Shutter closed.

[21:42:59.597] Moving to: [-1.360 -6.760 -5.600]
[21:43:00.711] Arrived at: [-1.360 -6.760 -5.600]
[21:43:01.362] Open shutter for 0.273s
[21:43:01.671] Shutter closed.

[21:43:01.671] Moving to: [-0.900 -6.760 -5.600]
[21:43:02.792] Arrived at: [-0.900 -6.760 -5.600]
[21:43:02.853] Open shutter for 0.273s
[21:43:03.186] Shutter closed.

[21:43:03.186] Moving to: [-0.900 -6.290 -5.600]
[21:43:04.287] Arrived at: [-0.900 -6.290 -5.600]
[21:43:04.954] Open shutter for 0.246s
[21:43:05.230] Shutter closed.

[21:43:05.230] Moving to: [-0.900 -5.830 -5.600]
[21:43:06.342] Arrived at: [-0.900 -5.830 -5.600]
[21:43:06.999] Open shutter for 0.273s
[21:43:07.304] Shutter closed.

[21:43:07.304] Moving to: [-0.430 -5.830 -5.600]
[21:43:08.407] Arrived at: [-0.430 -5.830 -5.600]
[21:43:09.075] Open shutter for 0.273s
[21:43:09.374] Shutter closed.

[21:43:09.374] Moving to: [-0.430 -6.290 -5.600]
[21:43:10.470] Arrived at: [-0.430 -6.290 -5.600]
[21:43:11.133] Open shutter for 0.273s
[21:43:11.430] Shutter closed.

[21:43:11.430] Moving to: [-0.430 -6.760 -5.600]
[21:43:12.521] Arrived at: [-0.430 -6.760 -5.600]
[21:43:13.174] Open shutter for 0.273s
[21:43:13.486] Shutter closed.

[21:43:13.486] Moving to: [-4.060 -0.430 -5.600]
[21:43:21.242] Arrived at: [-4.060 -0.430 -5.600]
[21:43:21.893] Open shutter for 0.061s
[21:43:21.983] Shutter closed.

[21:43:21.983] Moving to: [-4.060 -0.900 -5.600]
[21:43:23.355] Arrived at: [-4.060 -0.900 -5.600]
[21:43:24.021] Open shutter for 0.061s
[21:43:24.117] Shutter closed.

[21:43:24.118] Moving to: [-4.060 -1.360 -5.600]
[21:43:25.463] Arrived at: [-4.060 -1.360 -5.600]
[21:43:26.123] Open shutter for 0.061s
[21:43:26.213] Shutter closed.

[21:43:26.213] Moving to: [-3.600 -1.360 -5.600]
[21:43:27.334] Arrived at: [-3.600 -1.360 -5.600]
[21:43:28.002] Open shutter for 0.061s
[21:43:28.087] Shutter closed.

[21:43:28.087] Moving to: [-3.600 -0.900 -5.600]
[21:43:29.174] Arrived at: [-3.600 -0.900 -5.600]
[21:43:29.821] Open shutter for 0.055s
[21:43:29.891] Shutter closed.

[21:43:29.892] Moving to: [-3.600 -0.430 -5.600]
[21:43:30.983] Arrived at: [-3.600 -0.430 -5.600]
[21:43:31.641] Open shutter for 0.061s
[21:43:31.735] Shutter closed.

[21:43:31.735] Moving to: [-3.130 -0.430 -5.600]
[21:43:32.863] Arrived at: [-3.130 -0.430 -5.600]
[21:43:33.531] Open shutter for 0.061s
[21:43:33.619] Shutter closed.

[21:43:33.619] Moving to: [-3.130 -0.900 -5.600]
[21:43:34.753] Arrived at: [-3.130 -0.900 -5.600]
[21:43:35.410] Open shutter for 0.061s
[21:43:35.502] Shutter closed.

[21:43:35.502] Moving to: [-3.130 -1.360 -5.600]
[21:43:36.590] Arrived at: [-3.130 -1.360 -5.600]
[21:43:37.248] Open shutter for 0.061s
[21:43:37.348] Shutter closed.

[21:43:37.348] Moving to: [-4.060 -3.130 -5.600]
[21:43:40.264] Arrived at: [-4.060 -3.130 -5.600]
[21:43:40.914] Open shutter for 0.182s
[21:43:41.116] Shutter closed.

[21:43:41.116] Moving to: [-4.060 -3.600 -5.600]
[21:43:42.461] Arrived at: [-4.060 -3.600 -5.600]
[21:43:43.122] Open shutter for 0.182s
[21:43:43.340] Shutter closed.

[21:43:43.341] Moving to: [-4.060 -4.060 -5.600]
[21:43:44.683] Arrived at: [-4.060 -4.060 -5.600]
[21:43:45.357] Open shutter for 0.182s
[21:43:45.554] Shutter closed.

[21:43:45.554] Moving to: [-3.600 -4.060 -5.600]
[21:43:46.924] Arrived at: [-3.600 -4.060 -5.600]
[21:43:47.593] Open shutter for 0.182s
[21:43:47.791] Shutter closed.

[21:43:47.791] Moving to: [-3.600 -3.600 -5.600]
[21:43:48.903] Arrived at: [-3.600 -3.600 -5.600]
[21:43:49.562] Open shutter for 0.164s
[21:43:49.755] Shutter closed.

[21:43:49.756] Moving to: [-3.600 -3.130 -5.600]
[21:43:50.878] Arrived at: [-3.600 -3.130 -5.600]
[21:43:51.545] Open shutter for 0.182s
[21:43:51.751] Shutter closed.

[21:43:51.751] Moving to: [-3.130 -3.130 -5.600]
[21:43:52.887] Arrived at: [-3.130 -3.130 -5.600]
[21:43:53.543] Open shutter for 0.182s
[21:43:53.769] Shutter closed.

[21:43:53.769] Moving to: [-3.130 -3.600 -5.600]
[21:43:54.889] Arrived at: [-3.130 -3.600 -5.600]
[21:43:55.543] Open shutter for 0.182s
[21:43:55.752] Shutter closed.

[21:43:55.752] Moving to: [-3.130 -4.060 -5.600]
[21:43:56.858] Arrived at: [-3.130 -4.060 -5.600]
[21:43:57.524] Open shutter for 0.182s
[21:43:57.724] Shutter closed.

[21:43:57.724] Moving to: [-4.060 -5.830 -5.600]
[21:44:00.645] Arrived at: [-4.060 -5.830 -5.600]
[21:44:01.316] Open shutter for 0.303s
[21:44:01.650] Shutter closed.

[21:44:01.650] Moving to: [-4.060 -6.290 -5.600]
[21:44:02.982] Arrived at: [-4.060 -6.290 -5.600]
[21:44:03.654] Open shutter for 0.303s
[21:44:03.992] Shutter closed.

[21:44:03.992] Moving to: [-4.060 -6.760 -5.600]
[21:44:05.373] Arrived at: [-4.060 -6.760 -5.600]
[21:44:06.027] Open shutter for 0.303s
[21:44:06.359] Shutter closed.

[21:44:06.359] Moving to: [-3.600 -6.760 -5.600]
[21:44:07.464] Arrived at: [-3.600 -6.760 -5.600]
[21:44:08.120] Open shutter for 0.303s
[21:44:08.445] Shutter closed.

[21:44:08.445] Moving to: [-3.600 -6.290 -5.600]
[21:44:09.559] Arrived at: [-3.600 -6.290 -5.600]
[21:44:09.609] Open shutter for 0.273s
[21:44:09.951] Shutter closed.

[21:44:09.952] Moving to: [-3.600 -5.830 -5.600]
[21:44:11.065] Arrived at: [-3.600 -5.830 -5.600]
[21:44:11.714] Open shutter for 0.303s
[21:44:12.048] Shutter closed.

[21:44:12.048] Moving to: [-3.130 -5.830 -5.600]
[21:44:13.165] Arrived at: [-3.130 -5.830 -5.600]
[21:44:13.827] Open shutter for 0.303s
[21:44:14.164] Shutter closed.

[21:44:14.164] Moving to: [-3.130 -6.290 -5.600]
[21:44:15.256] Arrived at: [-3.130 -6.290 -5.600]
[21:44:15.922] Open shutter for 0.303s
[21:44:16.253] Shutter closed.

[21:44:16.254] Moving to: [-3.130 -6.760 -5.600]
[21:44:17.367] Arrived at: [-3.130 -6.760 -5.600]
[21:44:18.024] Open shutter for 0.303s
[21:44:18.362] Shutter closed.

[21:44:18.362] Moving to: [-6.760 -0.430 -5.600]
[21:44:26.105] Arrived at: [-6.760 -0.430 -5.600]
[21:44:26.754] Open shutter for 0.091s
[21:44:26.866] Shutter closed.

[21:44:26.867] Moving to: [-6.760 -0.900 -5.600]
[21:44:27.970] Arrived at: [-6.760 -0.900 -5.600]
[21:44:28.616] Open shutter for 0.091s
[21:44:28.727] Shutter closed.

[21:44:28.727] Moving to: [-6.760 -1.360 -5.600]
[21:44:29.829] Arrived at: [-6.760 -1.360 -5.600]
[21:44:30.491] Open shutter for 0.091s
[21:44:30.612] Shutter closed.

[21:44:30.613] Moving to: [-6.290 -1.360 -5.600]
[21:44:31.718] Arrived at: [-6.290 -1.360 -5.600]
[21:44:32.379] Open shutter for 0.091s
[21:44:32.509] Shutter closed.

[21:44:32.510] Moving to: [-6.290 -0.900 -5.600]
[21:44:33.626] Arrived at: [-6.290 -0.900 -5.600]
[21:44:34.297] Open shutter for 0.082s
[21:44:34.405] Shutter closed.

[21:44:34.405] Moving to: [-6.290 -0.430 -5.600]
[21:44:35.529] Arrived at: [-6.290 -0.430 -5.600]
[21:44:36.194] Open shutter for 0.091s
[21:44:36.310] Shutter closed.

[21:44:36.310] Moving to: [-5.830 -0.430 -5.600]
[21:44:37.397] Arrived at: [-5.830 -0.430 -5.600]
[21:44:37.454] Open shutter for 0.091s
[21:44:37.592] Shutter closed.

[21:44:37.593] Moving to: [-5.830 -0.900 -5.600]
[21:44:38.711] Arrived at: [-5.830 -0.900 -5.600]
[21:44:39.374] Open shutter for 0.091s
[21:44:39.490] Shutter closed.

[21:44:39.490] Moving to: [-5.830 -1.360 -5.600]
[21:44:40.580] Arrived at: [-5.830 -1.360 -5.600]
[21:44:41.241] Open shutter for 0.091s
[21:44:41.354] Shutter closed.

[21:44:41.354] Moving to: [-6.760 -3.130 -5.600]
[21:44:44.265] Arrived at: [-6.760 -3.130 -5.600]
[21:44:44.920] Open shutter for 0.212s
[21:44:45.163] Shutter closed.

[21:44:45.163] Moving to: [-6.760 -3.600 -5.600]
[21:44:46.284] Arrived at: [-6.760 -3.600 -5.600]
[21:44:46.949] Open shutter for 0.212s
[21:44:47.196] Shutter closed.

[21:44:47.197] Moving to: [-6.760 -4.060 -5.600]
[21:44:48.302] Arrived at: [-6.760 -4.060 -5.600]
[21:44:48.956] Open shutter for 0.212s
[21:44:49.199] Shutter closed.

[21:44:49.199] Moving to: [-6.290 -4.060 -5.600]
[21:44:50.559] Arrived at: [-6.290 -4.060 -5.600]
[21:44:51.224] Open shutter for 0.212s
[21:44:51.464] Shutter closed.

[21:44:51.464] Moving to: [-6.290 -3.600 -5.600]
[21:44:52.575] Arrived at: [-6.290 -3.600 -5.600]
[21:44:53.245] Open shutter for 0.191s
[21:44:53.468] Shutter closed.

[21:44:53.469] Moving to: [-6.290 -3.130 -5.600]
[21:44:54.584] Arrived at: [-6.290 -3.130 -5.600]
[21:44:55.255] Open shutter for 0.212s
[21:44:55.505] Shutter closed.

[21:44:55.505] Moving to: [-5.830 -3.130 -5.600]
[21:44:56.611] Arrived at: [-5.830 -3.130 -5.600]
[21:44:56.659] Open shutter for 0.212s
[21:44:56.915] Shutter closed.

[21:44:56.915] Moving to: [-5.830 -3.600 -5.600]
[21:44:58.029] Arrived at: [-5.830 -3.600 -5.600]
[21:44:58.683] Open shutter for 0.212s
[21:44:58.917] Shutter closed.

[21:44:58.918] Moving to: [-5.830 -4.060 -5.600]
[21:45:00.042] Arrived at: [-5.830 -4.060 -5.600]
[21:45:00.700] Open shutter for 0.212s
[21:45:00.947] Shutter closed.

[21:45:00.947] Moving to: [-6.760 -5.830 -5.600]
[21:45:03.843] Arrived at: [-6.760 -5.830 -5.600]
[21:45:04.506] Open shutter for 0.333s
[21:45:04.872] Shutter closed.

[21:45:04.872] Moving to: [-6.760 -6.290 -5.600]
[21:45:05.993] Arrived at: [-6.760 -6.290 -5.600]
[21:45:06.643] Open shutter for 0.333s
[21:45:07.000] Shutter closed.

[21:45:07.001] Moving to: [-6.760 -6.760 -5.600]
[21:45:08.111] Arrived at: [-6.760 -6.760 -5.600]
[21:45:08.776] Open shutter for 0.333s
[21:45:09.129] Shutter closed.

[21:45:09.130] Moving to: [-6.290 -6.760 -5.600]
[21:45:10.234] Arrived at: [-6.290 -6.760 -5.600]
[21:45:10.896] Open shutter for 0.333s
[21:45:11.267] Shutter closed.

[21:45:11.268] Moving to: [-6.290 -6.290 -5.600]
[21:45:12.365] Arrived at: [-6.290 -6.290 -5.600]
[21:45:12.827] Open shutter for 0.300s
[21:45:13.150] Shutter closed.

[21:45:13.151] Moving to: [-6.290 -5.830 -5.600]
[21:45:14.255] Arrived at: [-6.290 -5.830 -5.600]
[21:45:14.922] Open shutter for 0.333s
[21:45:15.288] Shutter closed.

[21:45:15.288] Moving to: [-5.830 -5.830 -5.600]
[21:45:16.385] Arrived at: [-5.830 -5.830 -5.600]
[21:45:17.055] Open shutter for 0.333s
[21:45:17.413] Shutter closed.

[21:45:17.413] Moving to: [-5.830 -6.290 -5.600]
[21:45:18.534] Arrived at: [-5.830 -6.290 -5.600]
[21:45:19.204] Open shutter for 0.333s
[21:45:19.581] Shutter closed.

[21:45:19.581] Moving to: [-5.830 -6.760 -5.600]
[21:45:20.699] Arrived at: [-5.830 -6.760 -5.600]
[21:45:21.358] Open shutter for 0.333s
[21:45:21.719] Shutter closed.

[21:45:21.720] Moving to: [-9.460 -0.430 -5.600]
[21:45:29.457] Arrived at: [-9.460 -0.430 -5.600]
[21:45:30.124] Open shutter for 0.121s
[21:45:30.281] Shutter closed.

[21:45:30.282] Moving to: [-9.460 -0.900 -5.600]
[21:45:31.395] Arrived at: [-9.460 -0.900 -5.600]
[21:45:32.058] Open shutter for 0.121s
[21:45:32.215] Shutter closed.

[21:45:32.215] Moving to: [-9.460 -1.360 -5.600]
[21:45:33.325] Arrived at: [-9.460 -1.360 -5.600]
[21:45:33.975] Open shutter for 0.121s
[21:45:34.127] Shutter closed.

[21:45:34.127] Moving to: [-8.990 -1.360 -5.600]
[21:45:35.245] Arrived at: [-8.990 -1.360 -5.600]
[21:45:35.921] Open shutter for 0.121s
[21:45:36.063] Shutter closed.

[21:45:36.063] Moving to: [-8.990 -0.900 -5.600]
[21:45:37.173] Arrived at: [-8.990 -0.900 -5.600]
[21:45:37.823] Open shutter for 0.109s
[21:45:37.959] Shutter closed.

[21:45:37.959] Moving to: [-8.990 -0.430 -5.600]
[21:45:39.056] Arrived at: [-8.990 -0.430 -5.600]
[21:45:39.712] Open shutter for 0.121s
[21:45:39.854] Shutter closed.

[21:45:39.854] Moving to: [-8.520 -0.430 -5.600]
[21:45:40.964] Arrived at: [-8.520 -0.430 -5.600]
[21:45:41.610] Open shutter for 0.121s
[21:45:41.769] Shutter closed.

[21:45:41.769] Moving to: [-8.520 -0.900 -5.600]
[21:45:42.888] Arrived at: [-8.520 -0.900 -5.600]
[21:45:43.545] Open shutter for 0.121s
[21:45:43.685] Shutter closed.

[21:45:43.685] Moving to: [-8.520 -1.360 -5.600]
[21:45:44.792] Arrived at: [-8.520 -1.360 -5.600]
[21:45:45.460] Open shutter for 0.121s
[21:45:45.614] Shutter closed.

[21:45:45.614] Moving to: [-9.460 -3.130 -5.600]
[21:45:48.525] Arrived at: [-9.460 -3.130 -5.600]
[21:45:49.175] Open shutter for 0.243s
[21:45:49.443] Shutter closed.

[21:45:49.443] Moving to: [-9.460 -3.600 -5.600]
[21:45:50.568] Arrived at: [-9.460 -3.600 -5.600]
[21:45:51.220] Open shutter for 0.243s
[21:45:51.501] Shutter closed.

[21:45:51.501] Moving to: [-9.460 -4.060 -5.600]
[21:45:52.606] Arrived at: [-9.460 -4.060 -5.600]
[21:45:53.264] Open shutter for 0.243s
[21:45:53.533] Shutter closed.

[21:45:53.534] Moving to: [-8.990 -4.060 -5.600]
[21:45:54.874] Arrived at: [-8.990 -4.060 -5.600]
[21:45:55.533] Open shutter for 0.243s
[21:45:55.801] Shutter closed.

[21:45:55.801] Moving to: [-8.990 -3.600 -5.600]
[21:45:56.926] Arrived at: [-8.990 -3.600 -5.600]
[21:45:57.579] Open shutter for 0.218s
[21:45:57.825] Shutter closed.

[21:45:57.826] Moving to: [-8.990 -3.130 -5.600]
[21:45:58.937] Arrived at: [-8.990 -3.130 -5.600]
[21:45:59.600] Open shutter for 0.243s
[21:45:59.873] Shutter closed.

[21:45:59.874] Moving to: [-8.520 -3.130 -5.600]
[21:46:00.981] Arrived at: [-8.520 -3.130 -5.600]
[21:46:01.634] Open shutter for 0.243s
[21:46:01.914] Shutter closed.

[21:46:01.914] Moving to: [-8.520 -3.600 -5.600]
[21:46:03.029] Arrived at: [-8.520 -3.600 -5.600]
[21:46:03.685] Open shutter for 0.243s
[21:46:03.955] Shutter closed.

[21:46:03.955] Moving to: [-8.520 -4.060 -5.600]
[21:46:05.070] Arrived at: [-8.520 -4.060 -5.600]
[21:46:05.736] Open shutter for 0.243s
[21:46:06.008] Shutter closed.

[21:46:06.008] Moving to: [-9.460 -5.830 -5.600]
[21:46:08.931] Arrived at: [-9.460 -5.830 -5.600]
[21:46:08.990] Open shutter for 0.364s
[21:46:09.288] Shutter closed.

[21:46:09.288] Moving to: [-9.460 -6.290 -5.600]
[21:46:10.408] Arrived at: [-9.460 -6.290 -5.600]
[21:46:11.076] Open shutter for 0.364s
[21:46:11.460] Shutter closed.

[21:46:11.461] Moving to: [-9.460 -6.760 -5.600]
[21:46:12.573] Arrived at: [-9.460 -6.760 -5.600]
[21:46:13.238] Open shutter for 0.364s
[21:46:13.620] Shutter closed.

[21:46:13.621] Moving to: [-8.990 -6.760 -5.600]
[21:46:14.747] Arrived at: [-8.990 -6.760 -5.600]
[21:46:15.416] Open shutter for 0.364s
[21:46:15.800] Shutter closed.

[21:46:15.800] Moving to: [-8.990 -6.290 -5.600]
[21:46:16.910] Arrived at: [-8.990 -6.290 -5.600]
[21:46:17.555] Open shutter for 0.327s
[21:46:17.913] Shutter closed.

[21:46:17.913] Moving to: [-8.990 -5.830 -5.600]
[21:46:19.017] Arrived at: [-8.990 -5.830 -5.600]
[21:46:19.689] Open shutter for 0.364s
[21:46:20.088] Shutter closed.

[21:46:20.088] Moving to: [-8.520 -5.830 -5.600]
[21:46:21.215] Arrived at: [-8.520 -5.830 -5.600]
[21:46:21.885] Open shutter for 0.364s
[21:46:22.292] Shutter closed.

[21:46:22.292] Moving to: [-8.520 -6.290 -5.600]
[21:46:23.389] Arrived at: [-8.520 -6.290 -5.600]
[21:46:24.060] Open shutter for 0.364s
[21:46:24.462] Shutter closed.

[21:46:24.462] Moving to: [-8.520 -6.760 -5.600]
[21:46:25.599] Arrived at: [-8.520 -6.760 -5.600]
[21:46:26.253] Open shutter for 0.364s
[21:46:26.648] Shutter closed.

[21:46:26.649] Plan irradiation finished.
