[12:27:20.554] Starting plan irradiation...
	Plan name: Plan de commissioning para CONV
	Plan comment: Medida RC intento 2
	Plan type: CONV
	PepperPot code: 1
	Air depth at stage position Z=0: 0.00 cm
	Absolut shift from X to (0,0) well: [0.000 0.000 0.000]
	Current intensity: 0.020 nA (planned for 0.050 nA)

[12:27:37.786] Moving to: [0.600 1.900 0.000]
[12:27:48.328] Moving to: [0.600 1.900 0.000]
[12:27:49.178] Arrived at: [0.600 1.900 0.000]
[12:27:49.661] Open shutter for 0.200s
[12:27:49.918] Shutter closed.

[12:27:49.918] Moving to: [0.600 -0.100 -1.500]
[12:27:53.062] Arrived at: [0.600 -0.100 -1.500]
[12:27:53.543] Open shutter for 0.200s
[12:27:53.801] Shutter closed.

[12:27:53.802] Moving to: [0.600 -2.200 -3.000]
[12:27:57.029] Arrived at: [0.600 -2.200 -3.000]
[12:27:57.515] Open shutter for 0.200s
[12:27:57.772] Shutter closed.

[12:27:57.773] Moving to: [3.000 1.900 -4.500]
[12:28:04.240] Arrived at: [3.000 1.900 -4.500]
[12:28:04.721] Open shutter for 0.200s
[12:28:04.980] Shutter closed.

[12:28:04.980] Moving to: [3.000 -0.100 -6.000]
[12:28:08.136] Arrived at: [3.000 -0.100 -6.000]
[12:28:08.621] Open shutter for 0.200s
[12:28:08.878] Shutter closed.

[12:28:08.878] Moving to: [3.000 -2.200 -7.500]
[12:28:12.072] Arrived at: [3.000 -2.200 -7.500]
[12:28:12.552] Open shutter for 0.200s
[12:28:12.810] Shutter closed.

[12:28:12.811] Plan irradiation finished.
