[21:36:10.467] Starting plan irradiation...
	Plan name: Plan de commissioning para FLASH
	Plan comment: prueba mov sin haz
	Plan type: FLASH
	Expected slit time: 7.500000e-01
	Air depth at stage position Z=0: 5.10 cm
	Absolut shift from X to (0,0) well: [0.000 0.000 0.000]
	Current intensity: 0.000 nA (planned for 7.000 nA)

[21:36:16.834] Moving to: [0.000 0.000 0.000]
[21:36:20.031] Moving to: [0.000 0.000 0.000]
[21:36:20.257] Arrived at: [0.000 0.000 0.000]
[21:36:20.275] Deliver: 4 FLASH shots
[21:36:21.757] Finished.

[21:36:21.766] Moving to: [-1.800 0.000 -1.500]
[21:36:24.763] Arrived at: [-1.800 0.000 -1.500]
[21:36:24.765] Deliver: 4 FLASH shots
[21:36:26.252] Finished.

[21:36:26.252] Moving to: [-3.600 0.000 -3.000]
[21:36:29.271] Arrived at: [-3.600 0.000 -3.000]
[21:36:29.271] Deliver: 4 FLASH shots
[21:36:30.724] Finished.

[21:36:30.724] Moving to: [-3.600 -2.000 -4.500]
[21:36:33.824] Arrived at: [-3.600 -2.000 -4.500]
[21:36:33.824] Deliver: 4 FLASH shots
[21:36:35.264] Finished.

[21:36:35.264] Moving to: [-1.800 -2.000 -6.000]
[21:36:38.317] Arrived at: [-1.800 -2.000 -6.000]
[21:36:38.324] Deliver: 4 FLASH shots
[21:36:39.784] Finished.

[21:36:39.789] Moving to: [1.000 -2.000 -7.500]
[21:36:43.207] Arrived at: [1.000 -2.000 -7.500]
[21:36:43.207] Deliver: 4 FLASH shots
[21:36:44.668] Finished.

[21:36:44.669] Plan irradiation finished.
