[22:08:58.715] Starting plan irradiation...
	Plan name: Plan de commissioning para CONV
	Plan type: CONV
	PepperPot code: PP100
	Air depth at stage position Z=0: 4.40 cm
	Absolut shift from X to (0,0) well: [-4.944 -3.147 0.000]
	Current intensity: 0.040 nA (planned for 1.000 nA)

[22:09:07.083] Moving to: [-1.944 -1.147 0.000]
[22:09:12.928] Arrived at: [-1.944 -1.147 0.000]
[22:09:13.182] Open shutter for 1.000s
[22:09:14.213] Shutter closed.

[22:09:14.213] Moving to: [-1.944 -3.147 -1.500]
[22:09:17.716] Arrived at: [-1.944 -3.147 -1.500]
[22:09:17.966] Open shutter for 1.000s
[22:09:19.002] Shutter closed.

[22:09:19.003] Moving to: [-1.944 -5.146 -3.000]
[22:09:22.475] Arrived at: [-1.944 -5.146 -3.000]
[22:09:22.736] Open shutter for 1.000s
[22:09:23.777] Shutter closed.

[22:09:23.778] Moving to: [-3.944 -1.147 -4.500]
[22:09:29.996] Arrived at: [-3.944 -1.147 -4.500]
[22:09:30.260] Open shutter for 1.000s
[22:09:31.288] Shutter closed.

[22:09:31.288] Moving to: [-3.944 -3.147 -6.000]
[22:09:34.810] Arrived at: [-3.944 -3.147 -6.000]
[22:09:35.181] Open shutter for 10.000s
[22:09:45.221] Shutter closed.

[22:09:45.221] Moving to: [-3.944 -5.146 -7.500]
[22:09:48.691] Arrived at: [-3.944 -5.146 -7.500]
[22:09:49.041] Open shutter for 10.000s
[22:09:59.072] Shutter closed.

[22:09:59.072] Moving to: [-5.944 -1.147 0.000]
[22:10:09.301] Arrived at: [-5.944 -1.147 0.000]
[22:10:09.659] Open shutter for 10.000s
[22:10:19.693] Shutter closed.

[22:10:19.694] Moving to: [-5.944 -3.147 -1.500]
[22:10:23.195] Arrived at: [-5.944 -3.147 -1.500]
[22:10:23.549] Open shutter for 10.000s
