[13:42:19.395] Starting plan irradiation...
	Plan name: FLASH Placa 3 duplicados
	Plan type: FLASH
	Expected slit time: 4.500000e-01
	Air depth at stage position Z=0: 4.60 cm
	Absolut shift from X to (0,0) well: [0.000 0.000 0.000]
	Current intensity: 6.200 nA (planned for 6.100 nA)

[13:42:22.492] Moving to: [-1.200 -2.400 -5.400]
[13:42:23.287] Moving to: [-1.200 -2.400 -5.400]
[13:42:29.609] Arrived at: [-1.200 -2.400 -5.400]
[13:42:29.610] Deliver: 1 FLASH shots
[13:42:29.931] Finished.

[13:42:29.931] Moving to: [-1.200 -3.000 -5.400]
[13:42:30.902] Arrived at: [-1.200 -3.000 -5.400]
[13:42:30.903] Deliver: 1 FLASH shots
[13:42:31.239] Finished.

[13:42:31.239] Moving to: [-0.600 -3.000 -5.400]
[13:42:32.224] Arrived at: [-0.600 -3.000 -5.400]
[13:42:32.225] Deliver: 1 FLASH shots
[13:42:32.551] Finished.

[13:42:32.552] Moving to: [-0.600 -2.400 -5.400]
[13:42:33.523] Arrived at: [-0.600 -2.400 -5.400]
[13:42:33.523] Deliver: 1 FLASH shots
[13:42:33.857] Finished.

[13:42:33.857] Moving to: [-3.000 -0.600 -5.400]
[13:42:37.552] Arrived at: [-3.000 -0.600 -5.400]
[13:42:37.552] Deliver: 2 FLASH shots
[13:42:38.208] Finished.

[13:42:38.208] Moving to: [-3.000 -1.200 -5.400]
[13:42:39.187] Arrived at: [-3.000 -1.200 -5.400]
[13:42:39.188] Deliver: 2 FLASH shots
[13:42:39.846] Finished.

[13:42:39.846] Moving to: [-2.400 -1.200 -5.400]
[13:42:40.812] Arrived at: [-2.400 -1.200 -5.400]
[13:42:40.812] Deliver: 2 FLASH shots
[13:42:41.469] Finished.

[13:42:41.470] Moving to: [-2.400 -0.600 -5.400]
[13:42:42.419] Arrived at: [-2.400 -0.600 -5.400]
[13:42:42.419] Deliver: 2 FLASH shots
[13:42:43.083] Finished.

[13:42:43.083] Moving to: [-3.000 -2.400 -5.400]
[13:42:45.570] Arrived at: [-3.000 -2.400 -5.400]
[13:42:45.571] Deliver: 4 FLASH shots
[13:42:46.876] Finished.

[13:42:46.876] Moving to: [-3.000 -3.000 -5.400]
[13:42:47.839] Arrived at: [-3.000 -3.000 -5.400]
[13:42:47.839] Deliver: 4 FLASH shots
[13:42:49.134] Finished.

[13:42:49.135] Moving to: [-2.400 -3.000 -5.400]
[13:42:50.096] Arrived at: [-2.400 -3.000 -5.400]
[13:42:50.097] Deliver: 4 FLASH shots
[13:42:51.404] Finished.

[13:42:51.405] Moving to: [-2.400 -2.400 -5.400]
[13:42:52.361] Arrived at: [-2.400 -2.400 -5.400]
[13:42:52.361] Deliver: 4 FLASH shots
[13:42:53.681] Finished.

[13:42:53.681] Moving to: [-4.800 -0.600 -5.400]
[13:42:57.365] Arrived at: [-4.800 -0.600 -5.400]
[13:42:57.366] Deliver: 8 FLASH shots
[13:43:00.003] Finished.

[13:43:00.004] Moving to: [-4.800 -1.200 -5.400]
[13:43:00.962] Arrived at: [-4.800 -1.200 -5.400]
[13:43:00.962] Deliver: 8 FLASH shots
[13:43:03.581] Finished.

[13:43:03.581] Moving to: [-4.190 -1.200 -5.400]
[13:43:04.557] Arrived at: [-4.190 -1.200 -5.400]
[13:43:04.557] Deliver: 8 FLASH shots
[13:43:07.166] Finished.

[13:43:07.167] Moving to: [-4.190 -0.600 -5.400]
[13:43:08.135] Arrived at: [-4.190 -0.600 -5.400]
[13:43:08.136] Deliver: 8 FLASH shots
[13:43:10.719] Finished.

[13:43:10.719] Moving to: [-4.800 -2.400 -5.400]
[13:43:13.199] Arrived at: [-4.800 -2.400 -5.400]
[13:43:13.199] Deliver: 12 FLASH shots
[13:43:17.116] Finished.

[13:43:17.116] Moving to: [-4.800 -3.000 -5.400]
[13:43:18.091] Arrived at: [-4.800 -3.000 -5.400]
[13:43:18.091] Deliver: 12 FLASH shots
[13:43:22.002] Finished.

[13:43:22.002] Moving to: [-4.190 -3.000 -5.400]
[13:43:22.974] Arrived at: [-4.190 -3.000 -5.400]
[13:43:22.974] Deliver: 12 FLASH shots
[13:43:26.901] Finished.

[13:43:26.901] Moving to: [-4.190 -2.400 -5.400]
[13:43:27.868] Arrived at: [-4.190 -2.400 -5.400]
[13:43:27.869] Deliver: 12 FLASH shots
[13:43:31.778] Finished.

[13:43:31.779] Moving to: [-6.590 -2.400 -5.400]
[13:43:33.938] Arrived at: [-6.590 -2.400 -5.400]
[13:43:33.938] Deliver: 1 FLASH shots
[13:43:34.272] Finished.

[13:43:34.273] Moving to: [-6.590 -3.000 -5.400]
[13:43:35.234] Arrived at: [-6.590 -3.000 -5.400]
[13:43:35.234] Deliver: 1 FLASH shots
[13:43:35.559] Finished.

[13:43:35.560] Moving to: [-5.990 -3.000 -5.400]
[13:43:36.505] Arrived at: [-5.990 -3.000 -5.400]
[13:43:36.506] Deliver: 1 FLASH shots
[13:43:36.830] Finished.

[13:43:36.830] Moving to: [-5.990 -2.400 -5.400]
[13:43:37.792] Arrived at: [-5.990 -2.400 -5.400]
[13:43:37.793] Deliver: 1 FLASH shots
[13:43:38.118] Finished.

[13:43:38.118] Moving to: [-8.390 -0.600 -5.400]
[13:43:41.810] Arrived at: [-8.390 -0.600 -5.400]
[13:43:41.811] Deliver: 2 FLASH shots
[13:43:42.464] Finished.

[13:43:42.465] Moving to: [-8.390 -1.200 -5.400]
[13:43:43.416] Arrived at: [-8.390 -1.200 -5.400]
[13:43:43.416] Deliver: 2 FLASH shots
[13:43:44.075] Finished.

[13:43:44.075] Moving to: [-7.790 -1.200 -5.400]
[13:43:45.028] Arrived at: [-7.790 -1.200 -5.400]
[13:43:45.028] Deliver: 2 FLASH shots
[13:43:45.678] Finished.

[13:43:45.678] Moving to: [-7.790 -0.600 -5.400]
[13:43:46.633] Arrived at: [-7.790 -0.600 -5.400]
[13:43:46.633] Deliver: 2 FLASH shots
[13:43:47.277] Finished.

[13:43:47.277] Moving to: [-8.390 -2.400 -5.400]
[13:43:49.733] Arrived at: [-8.390 -2.400 -5.400]
[13:43:49.733] Deliver: 4 FLASH shots
[13:43:51.035] Finished.

[13:43:51.035] Moving to: [-8.390 -3.000 -5.400]
[13:43:51.996] Arrived at: [-8.390 -3.000 -5.400]
[13:43:51.997] Deliver: 4 FLASH shots
[13:43:53.294] Finished.

[13:43:53.294] Moving to: [-7.790 -3.000 -5.400]
[13:43:54.263] Arrived at: [-7.790 -3.000 -5.400]
[13:43:54.263] Deliver: 4 FLASH shots
[13:43:55.595] Finished.

[13:43:55.595] Moving to: [-7.790 -2.400 -5.400]
[13:43:56.567] Arrived at: [-7.790 -2.400 -5.400]
[13:43:56.568] Deliver: 4 FLASH shots
[13:43:57.872] Finished.

[13:43:57.872] Moving to: [-10.190 -0.600 -5.400]
[13:44:01.535] Arrived at: [-10.190 -0.600 -5.400]
[13:44:01.536] Deliver: 8 FLASH shots
[13:44:04.136] Finished.

[13:44:04.137] Moving to: [-10.190 -1.200 -5.400]
[13:44:05.096] Arrived at: [-10.190 -1.200 -5.400]
[13:44:05.096] Deliver: 8 FLASH shots
[13:44:07.738] Finished.

[13:44:07.739] Moving to: [-9.590 -1.200 -5.400]
[13:44:08.705] Arrived at: [-9.590 -1.200 -5.400]
[13:44:08.705] Deliver: 8 FLASH shots
[13:44:11.323] Finished.

[13:44:11.324] Moving to: [-9.590 -0.600 -5.400]
[13:44:12.291] Arrived at: [-9.590 -0.600 -5.400]
[13:44:12.291] Deliver: 8 FLASH shots
[13:44:14.917] Finished.

[13:44:14.917] Moving to: [-10.190 -2.400 -5.400]
[13:44:17.438] Arrived at: [-10.190 -2.400 -5.400]
[13:44:17.438] Deliver: 12 FLASH shots
[13:44:21.339] Finished.

[13:44:21.339] Moving to: [-10.190 -3.000 -5.400]
[13:44:22.295] Arrived at: [-10.190 -3.000 -5.400]
[13:44:22.295] Deliver: 12 FLASH shots
[13:44:26.249] Finished.

[13:44:26.249] Moving to: [-9.590 -3.000 -5.400]
[13:44:27.184] Arrived at: [-9.590 -3.000 -5.400]
[13:44:27.184] Deliver: 12 FLASH shots
[13:44:31.103] Finished.

[13:44:31.103] Moving to: [-9.590 -2.400 -5.400]
[13:44:32.051] Arrived at: [-9.590 -2.400 -5.400]
[13:44:32.052] Deliver: 12 FLASH shots
[13:44:35.966] Finished.

[13:44:35.967] Plan irradiation finished.
