[15:39:49.134] Starting plan irradiation...
	Plan name: Prueba para RC
	Plan comment: H14 con w18 para imagen
	Plan type: CONV
	PepperPot code: 1
	Air depth at stage position Z=0: 0.00 cm
	Absolut shift from X to (0,0) well: [0.000 0.000 0.000]
	Current intensity: 6.570 nA (planned for 10.000 nA)

[15:40:16.575] Moving to: [-0.120 0.120 0.000]
[15:40:17.510] Moving to: [-0.120 0.120 0.000]
[15:40:17.726] Arrived at: [-0.120 0.120 0.000]
[15:40:18.601] Open shutter for 10.000s
[15:40:28.661] Shutter closed.

[15:40:28.661] Moving to: [-0.120 0.000 0.000]
[15:40:29.254] Arrived at: [-0.120 0.000 0.000]
[15:40:30.148] Open shutter for 10.000s
[15:40:40.224] Shutter closed.

[15:40:40.224] Moving to: [-0.120 -0.120 0.000]
[15:40:40.806] Arrived at: [-0.120 -0.120 0.000]
[15:40:41.370] Open shutter for 10.000s
[15:40:51.446] Shutter closed.

[15:40:51.446] Moving to: [0.000 0.120 0.000]
[15:40:52.436] Arrived at: [0.000 0.120 0.000]
[15:40:53.319] Open shutter for 10.000s
[15:41:03.375] Shutter closed.

[15:41:03.376] Moving to: [0.000 0.000 0.000]
[15:41:03.955] Arrived at: [0.000 0.000 0.000]
[15:41:04.832] Open shutter for 10.000s
[15:41:14.897] Shutter closed.

[15:41:14.898] Moving to: [0.000 -0.120 0.000]
[15:41:15.470] Arrived at: [0.000 -0.120 0.000]
[15:41:16.350] Open shutter for 10.000s
[15:41:26.411] Shutter closed.

[15:41:26.412] Moving to: [0.120 0.120 0.000]
[15:41:27.405] Arrived at: [0.120 0.120 0.000]
[15:41:28.275] Open shutter for 10.000s
[15:41:38.354] Shutter closed.

[15:41:38.355] Moving to: [0.120 0.000 0.000]
[15:41:38.935] Arrived at: [0.120 0.000 0.000]
[15:41:39.808] Open shutter for 10.000s
[15:41:49.881] Shutter closed.

[15:41:49.882] Moving to: [0.120 -0.120 0.000]
[15:41:50.478] Arrived at: [0.120 -0.120 0.000]
[15:41:51.350] Open shutter for 10.000s
[15:42:01.420] Shutter closed.

[15:42:01.421] Plan irradiation finished.
