[12:48:57.298] Starting plan irradiation...
	Plan name: Plan de calibración
	Plan type: CONV
	PepperPot code: 1
	Air depth at stage position Z=0: 4.40 cm
	Absolut shift from X to (0,0) well: [0.000 0.000 0.000]
	Current intensity: 0.050 nA (planned for 0.050 nA)

[12:49:00.558] Moving to: [-1.360 -1.360 -5.600]
[12:49:05.596] Arrived at: [-1.360 -1.360 -5.600]
[12:49:06.053] Open shutter for 0.300s
[12:49:06.391] Shutter closed.

[12:49:06.391] Moving to: [-1.360 -0.900 -5.600]
[12:49:13.466] Arrived at: [-1.360 -0.900 -5.600]
[12:49:13.924] Open shutter for 0.300s
[12:49:14.248] Shutter closed.

[12:49:14.248] Moving to: [-1.360 -0.430 -5.600]
[12:49:15.353] Arrived at: [-1.360 -0.430 -5.600]
[12:49:15.810] Open shutter for 0.300s
[12:49:16.133] Shutter closed.

[12:49:16.133] Moving to: [-0.900 -0.430 -5.600]
[12:49:17.220] Arrived at: [-0.900 -0.430 -5.600]
[12:49:17.674] Open shutter for 0.300s
[12:49:17.996] Shutter closed.

[12:49:17.996] Moving to: [-0.900 -0.900 -5.600]
[12:49:19.115] Arrived at: [-0.900 -0.900 -5.600]
[12:49:19.682] Open shutter for 0.270s
[12:49:19.980] Shutter closed.

[12:49:19.981] Moving to: [-0.900 -1.360 -5.600]
[12:49:21.106] Arrived at: [-0.900 -1.360 -5.600]
[12:49:21.577] Open shutter for 0.300s
[12:49:21.899] Shutter closed.

[12:49:21.899] Moving to: [-0.430 -1.360 -5.600]
[12:49:23.020] Arrived at: [-0.430 -1.360 -5.600]
[12:49:23.474] Open shutter for 0.300s
[12:49:23.809] Shutter closed.

[12:49:23.809] Moving to: [-0.430 -0.900 -5.600]
[12:49:24.896] Arrived at: [-0.430 -0.900 -5.600]
[12:49:25.347] Open shutter for 0.300s
[12:49:25.673] Shutter closed.

[12:49:25.673] Moving to: [-0.430 -0.430 -5.600]
[12:49:26.780] Arrived at: [-0.430 -0.430 -5.600]
[12:49:27.249] Open shutter for 0.300s
[12:49:27.573] Shutter closed.

[12:49:27.573] Moving to: [-1.360 -4.060 -5.600]
[12:49:31.745] Arrived at: [-1.360 -4.060 -5.600]
[12:49:31.801] Open shutter for 1.520s
[12:49:32.141] Shutter closed.

[12:49:32.141] Moving to: [-1.360 -3.600 -5.600]
[12:49:33.235] Arrived at: [-1.360 -3.600 -5.600]
[12:49:33.799] Open shutter for 1.520s
[12:49:35.348] Shutter closed.

[12:49:35.348] Moving to: [-1.360 -3.130 -5.600]
[12:49:36.481] Arrived at: [-1.360 -3.130 -5.600]
[12:49:37.031] Open shutter for 1.520s
[12:49:38.593] Shutter closed.

[12:49:38.594] Moving to: [-0.900 -3.130 -5.600]
[12:49:39.699] Arrived at: [-0.900 -3.130 -5.600]
[12:49:40.266] Open shutter for 1.520s
[12:49:41.833] Shutter closed.

[12:49:41.834] Moving to: [-0.900 -3.600 -5.600]
[12:49:42.960] Arrived at: [-0.900 -3.600 -5.600]
[12:49:43.512] Open shutter for 1.360s
[12:49:44.897] Shutter closed.

[12:49:44.897] Moving to: [-0.900 -4.060 -5.600]
[12:49:45.992] Arrived at: [-0.900 -4.060 -5.600]
[12:49:46.565] Open shutter for 1.520s
[12:49:48.119] Shutter closed.

[12:49:48.119] Moving to: [-0.430 -4.060 -5.600]
[12:49:49.491] Arrived at: [-0.430 -4.060 -5.600]
[12:49:50.059] Open shutter for 1.520s
[12:49:51.606] Shutter closed.

[12:49:51.606] Moving to: [-0.430 -3.600 -5.600]
[12:49:52.689] Arrived at: [-0.430 -3.600 -5.600]
[12:49:53.259] Open shutter for 1.520s
[12:49:54.816] Shutter closed.

[12:49:54.816] Moving to: [-0.430 -3.130 -5.600]
[12:49:55.932] Arrived at: [-0.430 -3.130 -5.600]
[12:49:56.483] Open shutter for 1.520s
[12:49:58.037] Shutter closed.

[12:49:58.037] Moving to: [-1.360 -6.760 -5.600]
[12:50:02.165] Arrived at: [-1.360 -6.760 -5.600]
[12:50:02.224] Open shutter for 2.730s
[12:50:03.777] Shutter closed.

[12:50:03.777] Moving to: [-1.360 -6.290 -5.600]
[12:50:04.870] Arrived at: [-1.360 -6.290 -5.600]
[12:50:05.435] Open shutter for 2.730s
[12:50:08.204] Shutter closed.

[12:50:08.205] Moving to: [-1.360 -5.830 -5.600]
[12:50:09.313] Arrived at: [-1.360 -5.830 -5.600]
[12:50:09.877] Open shutter for 2.730s
[12:50:12.640] Shutter closed.

[12:50:12.640] Moving to: [-0.900 -5.830 -5.600]
[12:50:13.750] Arrived at: [-0.900 -5.830 -5.600]
[12:50:14.314] Open shutter for 2.730s
[12:50:17.086] Shutter closed.

[12:50:17.086] Moving to: [-0.900 -6.290 -5.600]
[12:50:18.195] Arrived at: [-0.900 -6.290 -5.600]
[12:50:18.758] Open shutter for 2.460s
[12:50:21.259] Shutter closed.

[12:50:21.259] Moving to: [-0.900 -6.760 -5.600]
[12:50:22.388] Arrived at: [-0.900 -6.760 -5.600]
[12:50:22.950] Open shutter for 2.730s
[12:50:25.714] Shutter closed.

[12:50:25.715] Moving to: [-0.430 -6.760 -5.600]
[12:50:26.817] Arrived at: [-0.430 -6.760 -5.600]
[12:50:27.380] Open shutter for 2.730s
[12:50:30.134] Shutter closed.

[12:50:30.134] Moving to: [-0.430 -6.290 -5.600]
[12:50:31.234] Arrived at: [-0.430 -6.290 -5.600]
[12:50:31.799] Open shutter for 2.730s
[12:50:34.568] Shutter closed.

[12:50:34.568] Moving to: [-0.430 -5.830 -5.600]
[12:50:35.669] Arrived at: [-0.430 -5.830 -5.600]
[12:50:36.230] Open shutter for 2.730s
[12:50:38.986] Shutter closed.

[12:50:38.986] Moving to: [-4.060 -1.360 -5.600]
[12:50:45.494] Arrived at: [-4.060 -1.360 -5.600]
[12:50:46.063] Open shutter for 0.610s
[12:50:46.703] Shutter closed.

[12:50:46.704] Moving to: [-4.060 -0.900 -5.600]
[12:50:48.067] Arrived at: [-4.060 -0.900 -5.600]
[12:50:48.634] Open shutter for 0.610s
[12:50:49.271] Shutter closed.

[12:50:49.271] Moving to: [-4.060 -0.430 -5.600]
[12:50:50.636] Arrived at: [-4.060 -0.430 -5.600]
[12:50:51.199] Open shutter for 0.610s
[12:50:51.830] Shutter closed.

[12:50:51.830] Moving to: [-3.600 -0.430 -5.600]
[12:50:52.953] Arrived at: [-3.600 -0.430 -5.600]
[12:50:53.007] Open shutter for 0.610s
[12:50:53.653] Shutter closed.

[12:50:53.654] Moving to: [-3.600 -0.900 -5.600]
[12:50:54.776] Arrived at: [-3.600 -0.900 -5.600]
[12:50:55.336] Open shutter for 0.550s
[12:50:55.912] Shutter closed.

[12:50:55.912] Moving to: [-3.600 -1.360 -5.600]
[12:50:57.035] Arrived at: [-3.600 -1.360 -5.600]
[12:50:57.602] Open shutter for 0.610s
[12:50:58.231] Shutter closed.

[12:50:58.231] Moving to: [-3.130 -1.360 -5.600]
[12:50:59.340] Arrived at: [-3.130 -1.360 -5.600]
[12:50:59.898] Open shutter for 0.610s
[12:51:00.534] Shutter closed.

[12:51:00.534] Moving to: [-3.130 -0.900 -5.600]
[12:51:01.637] Arrived at: [-3.130 -0.900 -5.600]
[12:51:02.191] Open shutter for 0.610s
[12:51:02.833] Shutter closed.

[12:51:02.834] Moving to: [-3.130 -0.430 -5.600]
[12:51:03.957] Arrived at: [-3.130 -0.430 -5.600]
[12:51:04.514] Open shutter for 0.610s
[12:51:05.146] Shutter closed.

[12:51:05.147] Moving to: [-4.060 -4.060 -5.600]
[12:51:09.298] Arrived at: [-4.060 -4.060 -5.600]
[12:51:09.857] Open shutter for 1.820s
[12:51:11.720] Shutter closed.

[12:51:11.720] Moving to: [-4.060 -3.600 -5.600]
[12:51:13.074] Arrived at: [-4.060 -3.600 -5.600]
[12:51:13.631] Open shutter for 1.820s
[12:51:15.479] Shutter closed.

[12:51:15.480] Moving to: [-4.060 -3.130 -5.600]
[12:51:16.847] Arrived at: [-4.060 -3.130 -5.600]
[12:51:17.402] Open shutter for 1.820s
[12:51:19.260] Shutter closed.

[12:51:19.260] Moving to: [-3.600 -3.130 -5.600]
[12:51:20.362] Arrived at: [-3.600 -3.130 -5.600]
[12:51:20.930] Open shutter for 1.820s
[12:51:22.795] Shutter closed.

[12:51:22.795] Moving to: [-3.600 -3.600 -5.600]
[12:51:23.916] Arrived at: [-3.600 -3.600 -5.600]
[12:51:24.487] Open shutter for 1.640s
[12:51:26.170] Shutter closed.

[12:51:26.170] Moving to: [-3.600 -4.060 -5.600]
[12:51:27.279] Arrived at: [-3.600 -4.060 -5.600]
[12:51:27.339] Open shutter for 1.820s
[12:51:28.999] Shutter closed.

[12:51:28.999] Moving to: [-3.130 -4.060 -5.600]
[12:51:30.345] Arrived at: [-3.130 -4.060 -5.600]
[12:51:30.397] Open shutter for 1.820s
[12:51:32.082] Shutter closed.

[12:51:32.082] Moving to: [-3.130 -3.600 -5.600]
[12:51:33.199] Arrived at: [-3.130 -3.600 -5.600]
[12:51:33.755] Open shutter for 1.820s
[12:51:35.619] Shutter closed.

[12:51:35.620] Moving to: [-3.130 -3.130 -5.600]
[12:51:36.724] Arrived at: [-3.130 -3.130 -5.600]
[12:51:37.291] Open shutter for 1.820s
[12:51:39.140] Shutter closed.

[12:51:39.141] Moving to: [-4.060 -6.760 -5.600]
[12:51:43.288] Arrived at: [-4.060 -6.760 -5.600]
[12:51:43.842] Open shutter for 3.030s
[12:51:46.894] Shutter closed.

[12:51:46.894] Moving to: [-4.060 -6.290 -5.600]
[12:51:48.251] Arrived at: [-4.060 -6.290 -5.600]
[12:51:48.812] Open shutter for 3.030s
[12:51:51.872] Shutter closed.

[12:51:51.873] Moving to: [-4.060 -5.830 -5.600]
[12:51:53.228] Arrived at: [-4.060 -5.830 -5.600]
[12:51:53.788] Open shutter for 3.030s
[12:51:56.851] Shutter closed.

[12:51:56.852] Moving to: [-3.600 -5.830 -5.600]
[12:51:57.962] Arrived at: [-3.600 -5.830 -5.600]
[12:51:58.509] Open shutter for 3.030s
[12:52:01.585] Shutter closed.

[12:52:01.585] Moving to: [-3.600 -6.290 -5.600]
[12:52:02.704] Arrived at: [-3.600 -6.290 -5.600]
[12:52:03.254] Open shutter for 2.730s
[12:52:06.001] Shutter closed.

[12:52:06.002] Moving to: [-3.600 -6.760 -5.600]
[12:52:07.102] Arrived at: [-3.600 -6.760 -5.600]
[12:52:07.663] Open shutter for 3.030s
[12:52:10.727] Shutter closed.

[12:52:10.727] Moving to: [-3.130 -6.760 -5.600]
[12:52:11.850] Arrived at: [-3.130 -6.760 -5.600]
[12:52:12.405] Open shutter for 3.030s
[12:52:15.470] Shutter closed.

[12:52:15.470] Moving to: [-3.130 -6.290 -5.600]
[12:52:16.578] Arrived at: [-3.130 -6.290 -5.600]
[12:52:16.628] Open shutter for 3.030s
[12:52:19.702] Shutter closed.

[12:52:19.703] Moving to: [-3.130 -5.830 -5.600]
[12:52:20.829] Arrived at: [-3.130 -5.830 -5.600]
[12:52:21.387] Open shutter for 3.030s
[12:52:24.448] Shutter closed.

[12:52:24.448] Moving to: [-6.760 -1.360 -5.600]
[12:52:30.947] Arrived at: [-6.760 -1.360 -5.600]
[12:52:31.504] Open shutter for 0.910s
[12:52:32.446] Shutter closed.

[12:52:32.446] Moving to: [-6.760 -0.900 -5.600]
[12:52:33.543] Arrived at: [-6.760 -0.900 -5.600]
[12:52:34.092] Open shutter for 0.910s
[12:52:35.025] Shutter closed.

[12:52:35.025] Moving to: [-6.760 -0.430 -5.600]
[12:52:36.153] Arrived at: [-6.760 -0.430 -5.600]
[12:52:36.714] Open shutter for 0.910s
[12:52:37.652] Shutter closed.

[12:52:37.653] Moving to: [-6.290 -0.430 -5.600]
[12:52:38.759] Arrived at: [-6.290 -0.430 -5.600]
[12:52:39.310] Open shutter for 0.910s
[12:52:40.245] Shutter closed.

[12:52:40.245] Moving to: [-6.290 -0.900 -5.600]
[12:52:41.387] Arrived at: [-6.290 -0.900 -5.600]
[12:52:41.954] Open shutter for 0.820s
[12:52:42.812] Shutter closed.

[12:52:42.812] Moving to: [-6.290 -1.360 -5.600]
[12:52:43.910] Arrived at: [-6.290 -1.360 -5.600]
[12:52:44.484] Open shutter for 0.910s
[12:52:45.419] Shutter closed.

[12:52:45.419] Moving to: [-5.830 -1.360 -5.600]
[12:52:46.542] Arrived at: [-5.830 -1.360 -5.600]
[12:52:47.092] Open shutter for 0.910s
[12:52:48.021] Shutter closed.

[12:52:48.021] Moving to: [-5.830 -0.900 -5.600]
[12:52:49.109] Arrived at: [-5.830 -0.900 -5.600]
[12:52:49.670] Open shutter for 0.910s
[12:52:50.613] Shutter closed.

[12:52:50.613] Moving to: [-5.830 -0.430 -5.600]
[12:52:51.727] Arrived at: [-5.830 -0.430 -5.600]
[12:52:52.281] Open shutter for 0.910s
[12:52:53.218] Shutter closed.

[12:52:53.219] Moving to: [-6.760 -4.060 -5.600]
[12:52:57.405] Arrived at: [-6.760 -4.060 -5.600]
[12:52:57.967] Open shutter for 2.120s
[12:53:00.116] Shutter closed.

[12:53:00.116] Moving to: [-6.760 -3.600 -5.600]
[12:53:01.221] Arrived at: [-6.760 -3.600 -5.600]
[12:53:01.780] Open shutter for 2.120s
[12:53:03.928] Shutter closed.

[12:53:03.929] Moving to: [-6.760 -3.130 -5.600]
[12:53:05.052] Arrived at: [-6.760 -3.130 -5.600]
[12:53:05.618] Open shutter for 2.120s
[12:53:07.760] Shutter closed.

[12:53:07.760] Moving to: [-6.290 -3.130 -5.600]
[12:53:08.881] Arrived at: [-6.290 -3.130 -5.600]
[12:53:09.453] Open shutter for 2.120s
[12:53:11.612] Shutter closed.

[12:53:11.613] Moving to: [-6.290 -3.600 -5.600]
[12:53:12.742] Arrived at: [-6.290 -3.600 -5.600]
[12:53:13.313] Open shutter for 1.910s
[12:53:15.257] Shutter closed.

[12:53:15.257] Moving to: [-6.290 -4.060 -5.600]
[12:53:16.394] Arrived at: [-6.290 -4.060 -5.600]
[12:53:16.942] Open shutter for 2.120s
[12:53:19.099] Shutter closed.

[12:53:19.099] Moving to: [-5.830 -4.060 -5.600]
[12:53:20.430] Arrived at: [-5.830 -4.060 -5.600]
[12:53:20.986] Open shutter for 2.120s
[12:53:23.150] Shutter closed.

[12:53:23.151] Moving to: [-5.830 -3.600 -5.600]
[12:53:24.271] Arrived at: [-5.830 -3.600 -5.600]
[12:53:24.835] Open shutter for 2.120s
[12:53:26.982] Shutter closed.

[12:53:26.982] Moving to: [-5.830 -3.130 -5.600]
[12:53:28.097] Arrived at: [-5.830 -3.130 -5.600]
[12:53:28.667] Open shutter for 2.120s
[12:53:30.812] Shutter closed.

[12:53:30.813] Moving to: [-6.760 -6.760 -5.600]
[12:53:34.959] Arrived at: [-6.760 -6.760 -5.600]
[12:53:35.521] Open shutter for 3.330s
[12:53:38.896] Shutter closed.

[12:53:38.896] Moving to: [-6.760 -6.290 -5.600]
[12:53:40.015] Arrived at: [-6.760 -6.290 -5.600]
[12:53:40.568] Open shutter for 3.330s
[12:53:43.924] Shutter closed.

[12:53:43.924] Moving to: [-6.760 -5.830 -5.600]
[12:53:45.012] Arrived at: [-6.760 -5.830 -5.600]
[12:53:45.580] Open shutter for 3.330s
[12:53:48.940] Shutter closed.

[12:53:48.940] Moving to: [-6.290 -5.830 -5.600]
[12:53:50.054] Arrived at: [-6.290 -5.830 -5.600]
[12:53:50.612] Open shutter for 3.330s
[12:53:53.972] Shutter closed.

[12:53:53.973] Moving to: [-6.290 -6.290 -5.600]
[12:53:55.100] Arrived at: [-6.290 -6.290 -5.600]
[12:53:55.358] Open shutter for 3.000s
[12:53:58.391] Shutter closed.

[12:53:58.391] Moving to: [-6.290 -6.760 -5.600]
[12:53:59.525] Arrived at: [-6.290 -6.760 -5.600]
[12:54:00.090] Open shutter for 3.330s
[12:54:03.441] Shutter closed.

[12:54:03.441] Moving to: [-5.830 -6.760 -5.600]
[12:54:04.579] Arrived at: [-5.830 -6.760 -5.600]
[12:54:05.131] Open shutter for 3.330s
[12:54:08.488] Shutter closed.

[12:54:08.488] Moving to: [-5.830 -6.290 -5.600]
[12:54:09.641] Arrived at: [-5.830 -6.290 -5.600]
[12:54:10.200] Open shutter for 3.330s
[12:54:13.560] Shutter closed.

[12:54:13.560] Moving to: [-5.830 -5.830 -5.600]
[12:54:14.704] Arrived at: [-5.830 -5.830 -5.600]
[12:54:15.260] Open shutter for 3.330s
[12:54:18.623] Shutter closed.

[12:54:18.623] Moving to: [-9.460 -1.360 -5.600]
[12:54:25.160] Arrived at: [-9.460 -1.360 -5.600]
[12:54:25.713] Open shutter for 1.210s
[12:54:26.945] Shutter closed.

[12:54:26.946] Moving to: [-9.460 -0.900 -5.600]
[12:54:28.073] Arrived at: [-9.460 -0.900 -5.600]
[12:54:28.651] Open shutter for 1.210s
[12:54:29.880] Shutter closed.

[12:54:29.880] Moving to: [-9.460 -0.430 -5.600]
[12:54:31.042] Arrived at: [-9.460 -0.430 -5.600]
[12:54:31.613] Open shutter for 1.210s
[12:54:32.841] Shutter closed.

[12:54:32.842] Moving to: [-8.990 -0.430 -5.600]
[12:54:34.002] Arrived at: [-8.990 -0.430 -5.600]
[12:54:34.554] Open shutter for 1.210s
[12:54:35.793] Shutter closed.

[12:54:35.793] Moving to: [-8.990 -0.900 -5.600]
[12:54:36.996] Arrived at: [-8.990 -0.900 -5.600]
[12:54:37.555] Open shutter for 1.090s
[12:54:38.680] Shutter closed.

[12:54:38.681] Moving to: [-8.990 -1.360 -5.600]
[12:54:39.800] Arrived at: [-8.990 -1.360 -5.600]
[12:54:40.378] Open shutter for 1.210s
[12:54:41.613] Shutter closed.

[12:54:41.613] Moving to: [-8.520 -1.360 -5.600]
[12:54:42.766] Arrived at: [-8.520 -1.360 -5.600]
[12:54:43.324] Open shutter for 1.210s
[12:54:44.564] Shutter closed.

[12:54:44.565] Moving to: [-8.520 -0.900 -5.600]
[12:54:45.726] Arrived at: [-8.520 -0.900 -5.600]
[12:54:46.299] Open shutter for 1.210s
[12:54:47.543] Shutter closed.

[12:54:47.543] Moving to: [-8.520 -0.430 -5.600]
[12:54:48.703] Arrived at: [-8.520 -0.430 -5.600]
[12:54:49.260] Open shutter for 1.210s
[12:54:50.509] Shutter closed.

[12:54:50.510] Moving to: [-9.460 -4.060 -5.600]
[12:54:54.759] Arrived at: [-9.460 -4.060 -5.600]
[12:54:55.324] Open shutter for 2.430s
[12:54:57.793] Shutter closed.

[12:54:57.793] Moving to: [-9.460 -3.600 -5.600]
[12:54:58.927] Arrived at: [-9.460 -3.600 -5.600]
[12:54:59.503] Open shutter for 2.430s
[12:55:01.973] Shutter closed.

[12:55:01.973] Moving to: [-9.460 -3.130 -5.600]
[12:55:03.110] Arrived at: [-9.460 -3.130 -5.600]
[12:55:03.679] Open shutter for 2.430s
[12:55:06.150] Shutter closed.

[12:55:06.150] Moving to: [-8.990 -3.130 -5.600]
[12:55:07.319] Arrived at: [-8.990 -3.130 -5.600]
[12:55:07.890] Open shutter for 2.430s
[12:55:10.349] Shutter closed.

[12:55:10.350] Moving to: [-8.990 -3.600 -5.600]
[12:55:11.498] Arrived at: [-8.990 -3.600 -5.600]
[12:55:12.052] Open shutter for 2.180s
[12:55:14.249] Shutter closed.

[12:55:14.249] Moving to: [-8.990 -4.060 -5.600]
[12:55:15.402] Arrived at: [-8.990 -4.060 -5.600]
[12:55:15.962] Open shutter for 2.430s
[12:55:18.439] Shutter closed.

[12:55:18.440] Moving to: [-8.520 -4.060 -5.600]
[12:55:19.867] Arrived at: [-8.520 -4.060 -5.600]
[12:55:20.416] Open shutter for 2.430s
[12:55:22.871] Shutter closed.

[12:55:22.871] Moving to: [-8.520 -3.600 -5.600]
[12:55:24.029] Arrived at: [-8.520 -3.600 -5.600]
[12:55:24.591] Open shutter for 2.430s
[12:55:27.053] Shutter closed.

[12:55:27.054] Moving to: [-8.520 -3.130 -5.600]
[12:55:28.187] Arrived at: [-8.520 -3.130 -5.600]
[12:55:28.752] Open shutter for 2.430s
[12:55:31.204] Shutter closed.

[12:55:31.204] Moving to: [-9.460 -6.760 -5.600]
[12:55:35.410] Arrived at: [-9.460 -6.760 -5.600]
[12:55:35.982] Open shutter for 3.640s
[12:55:39.662] Shutter closed.

[12:55:39.663] Moving to: [-9.460 -6.290 -5.600]
[12:55:40.830] Arrived at: [-9.460 -6.290 -5.600]
[12:55:41.394] Open shutter for 3.640s
[12:55:45.068] Shutter closed.

[12:55:45.069] Moving to: [-9.460 -5.830 -5.600]
[12:55:46.197] Arrived at: [-9.460 -5.830 -5.600]
[12:55:46.758] Open shutter for 3.640s
[12:55:50.442] Shutter closed.

[12:55:50.443] Moving to: [-8.990 -5.830 -5.600]
[12:55:51.593] Arrived at: [-8.990 -5.830 -5.600]
[12:55:52.172] Open shutter for 3.640s
[12:55:55.848] Shutter closed.

[12:55:55.848] Moving to: [-8.990 -6.290 -5.600]
[12:55:57.009] Arrived at: [-8.990 -6.290 -5.600]
[12:55:57.566] Open shutter for 3.270s
[12:56:00.887] Shutter closed.

[12:56:00.888] Moving to: [-8.990 -6.760 -5.600]
[12:56:02.059] Arrived at: [-8.990 -6.760 -5.600]
[12:56:02.616] Open shutter for 3.640s
[12:56:06.293] Shutter closed.

[12:56:06.293] Moving to: [-8.520 -6.760 -5.600]
[12:56:07.443] Arrived at: [-8.520 -6.760 -5.600]
[12:56:08.005] Open shutter for 3.640s
[12:56:11.675] Shutter closed.

[12:56:11.676] Moving to: [-8.520 -6.290 -5.600]
[12:56:12.827] Arrived at: [-8.520 -6.290 -5.600]
[12:56:13.399] Open shutter for 3.640s
[12:56:17.082] Shutter closed.

[12:56:17.083] Moving to: [-8.520 -5.830 -5.600]
[12:56:18.243] Arrived at: [-8.520 -5.830 -5.600]
[12:56:18.817] Open shutter for 3.640s
[12:56:22.481] Shutter closed.

[12:56:22.481] Plan irradiation finished.
