[12:54:05.180] Starting plan irradiation...
	Plan name: FLASH Placa 3 duplicados
	Plan type: FLASH
	Expected slit time: 4.500000e-01
	Air depth at stage position Z=0: 4.60 cm
	Absolut shift from X to (0,0) well: [0.000 0.000 0.000]
	Current intensity: 0.000 nA (planned for 6.800 nA)

[12:54:07.969] Moving to: [-1.230 -2.370 -5.400]
[12:54:12.550] Moving to: [-1.230 -2.370 -5.400]
[12:54:12.808] Arrived at: [-1.230 -2.370 -5.400]
[12:54:12.810] Deliver: 1 FLASH shots
[12:54:13.133] Finished.

[12:54:13.135] Moving to: [-1.230 -3.030 -5.400]
[12:54:14.158] Arrived at: [-1.230 -3.030 -5.400]
[12:54:14.158] Deliver: 1 FLASH shots
[12:54:14.489] Finished.

[12:54:14.489] Moving to: [-0.570 -3.030 -5.400]
[12:54:15.754] Arrived at: [-0.570 -3.030 -5.400]
[12:54:15.755] Deliver: 1 FLASH shots
[12:54:16.092] Finished.

[12:54:16.092] Moving to: [-0.570 -2.370 -5.400]
[12:54:17.328] Arrived at: [-0.570 -2.370 -5.400]
[12:54:17.329] Deliver: 1 FLASH shots
[12:54:17.659] Finished.

[12:54:17.661] Moving to: [-3.030 -0.570 -5.400]
[12:54:21.379] Arrived at: [-3.030 -0.570 -5.400]
[12:54:21.380] Deliver: 2 FLASH shots
[12:54:22.037] Finished.

[12:54:22.039] Moving to: [-3.030 -1.230 -5.400]
[12:54:23.284] Arrived at: [-3.030 -1.230 -5.400]
[12:54:23.284] Deliver: 2 FLASH shots
[12:54:23.937] Finished.

[12:54:23.938] Moving to: [-2.370 -1.230 -5.400]
[12:54:24.924] Arrived at: [-2.370 -1.230 -5.400]
[12:54:24.924] Deliver: 2 FLASH shots
[12:54:25.576] Finished.

[12:54:25.577] Moving to: [-2.370 -0.570 -5.400]
[12:54:26.555] Arrived at: [-2.370 -0.570 -5.400]
[12:54:26.555] Deliver: 2 FLASH shots
[12:54:27.225] Finished.

[12:54:27.225] Moving to: [-3.030 -2.370 -5.400]
[12:54:29.728] Arrived at: [-3.030 -2.370 -5.400]
[12:54:29.728] Deliver: 4 FLASH shots
[12:54:31.039] Finished.

[12:54:31.039] Moving to: [-3.030 -3.030 -5.400]
[12:54:32.272] Arrived at: [-3.030 -3.030 -5.400]
[12:54:32.273] Deliver: 4 FLASH shots
[12:54:33.575] Finished.

[12:54:33.575] Moving to: [-2.370 -3.030 -5.400]
[12:54:34.785] Arrived at: [-2.370 -3.030 -5.400]
[12:54:34.785] Deliver: 4 FLASH shots
[12:54:36.102] Finished.

[12:54:36.102] Moving to: [-2.370 -2.370 -5.400]
[12:54:37.096] Arrived at: [-2.370 -2.370 -5.400]
[12:54:37.097] Deliver: 4 FLASH shots
[12:54:38.400] Finished.

[12:54:38.401] Moving to: [-4.830 -0.570 -5.400]
[12:54:42.093] Arrived at: [-4.830 -0.570 -5.400]
[12:54:42.094] Deliver: 8 FLASH shots
[12:54:44.740] Finished.

[12:54:44.740] Moving to: [-4.830 -1.230 -5.400]
[12:54:45.709] Arrived at: [-4.830 -1.230 -5.400]
[12:54:45.710] Deliver: 8 FLASH shots
[12:54:48.329] Finished.

[12:54:48.329] Moving to: [-4.160 -1.230 -5.400]
[12:54:49.282] Arrived at: [-4.160 -1.230 -5.400]
[12:54:49.282] Deliver: 8 FLASH shots
[12:54:51.899] Finished.

[12:54:51.899] Moving to: [-4.160 -0.570 -5.400]
[12:54:52.879] Arrived at: [-4.160 -0.570 -5.400]
[12:54:52.880] Deliver: 8 FLASH shots
[12:54:55.515] Finished.

[12:54:55.516] Moving to: [-4.830 -2.370 -5.400]
[12:54:57.986] Arrived at: [-4.830 -2.370 -5.400]
[12:54:57.986] Deliver: 12 FLASH shots
[12:55:01.920] Finished.

[12:55:01.920] Moving to: [-4.830 -3.030 -5.400]
[12:55:02.922] Arrived at: [-4.830 -3.030 -5.400]
[12:55:02.922] Deliver: 12 FLASH shots
[12:55:06.840] Finished.

[12:55:06.841] Moving to: [-4.160 -3.030 -5.400]
[12:55:08.125] Arrived at: [-4.160 -3.030 -5.400]
[12:55:08.125] Deliver: 12 FLASH shots
[12:55:12.051] Finished.

[12:55:12.051] Moving to: [-4.160 -2.370 -5.400]
[12:55:13.053] Arrived at: [-4.160 -2.370 -5.400]
[12:55:13.053] Deliver: 12 FLASH shots
[12:55:16.969] Finished.

[12:55:16.970] Moving to: [-6.620 -2.370 -5.400]
[12:55:19.183] Arrived at: [-6.620 -2.370 -5.400]
[12:55:19.183] Deliver: 1 FLASH shots
[12:55:19.508] Finished.

[12:55:19.509] Moving to: [-6.620 -3.030 -5.400]
[12:55:20.533] Arrived at: [-6.620 -3.030 -5.400]
[12:55:20.533] Deliver: 1 FLASH shots
[12:55:20.865] Finished.

[12:55:20.865] Moving to: [-5.960 -3.030 -5.400]
[12:55:22.116] Arrived at: [-5.960 -3.030 -5.400]
[12:55:22.117] Deliver: 1 FLASH shots
[12:55:22.456] Finished.

[12:55:22.457] Moving to: [-5.960 -2.370 -5.400]
[12:55:23.464] Arrived at: [-5.960 -2.370 -5.400]
[12:55:23.465] Deliver: 1 FLASH shots
[12:55:23.790] Finished.

[12:55:23.790] Moving to: [-8.420 -0.570 -5.400]
[12:55:27.516] Arrived at: [-8.420 -0.570 -5.400]
[12:55:27.516] Deliver: 2 FLASH shots
[12:55:28.173] Finished.

[12:55:28.173] Moving to: [-8.420 -1.230 -5.400]
[12:55:29.199] Arrived at: [-8.420 -1.230 -5.400]
[12:55:29.200] Deliver: 2 FLASH shots
[12:55:29.867] Finished.

[12:55:29.867] Moving to: [-7.760 -1.230 -5.400]
[12:55:30.881] Arrived at: [-7.760 -1.230 -5.400]
[12:55:30.882] Deliver: 2 FLASH shots
[12:55:31.536] Finished.

[12:55:31.537] Moving to: [-7.760 -0.570 -5.400]
[12:55:32.569] Arrived at: [-7.760 -0.570 -5.400]
[12:55:32.570] Deliver: 2 FLASH shots
[12:55:33.228] Finished.

[12:55:33.229] Moving to: [-8.420 -2.370 -5.400]
[12:55:35.777] Arrived at: [-8.420 -2.370 -5.400]
[12:55:35.777] Deliver: 4 FLASH shots
[12:55:37.078] Finished.

[12:55:37.078] Moving to: [-8.420 -3.030 -5.400]
[12:55:38.091] Arrived at: [-8.420 -3.030 -5.400]
[12:55:38.091] Deliver: 4 FLASH shots
[12:55:39.396] Finished.

[12:55:39.396] Moving to: [-7.760 -3.030 -5.400]
[12:55:40.669] Arrived at: [-7.760 -3.030 -5.400]
[12:55:40.669] Deliver: 4 FLASH shots
[12:55:41.972] Finished.

[12:55:41.973] Moving to: [-7.760 -2.370 -5.400]
[12:55:42.996] Arrived at: [-7.760 -2.370 -5.400]
[12:55:42.996] Deliver: 4 FLASH shots
[12:55:44.297] Finished.

[12:55:44.297] Moving to: [-10.220 -0.570 -5.400]
[12:55:48.057] Arrived at: [-10.220 -0.570 -5.400]
[12:55:48.058] Deliver: 8 FLASH shots
[12:55:50.677] Finished.

[12:55:50.677] Moving to: [-10.220 -1.230 -5.400]
[12:55:51.682] Arrived at: [-10.220 -1.230 -5.400]
[12:55:51.682] Deliver: 8 FLASH shots
[12:55:54.308] Finished.

[12:55:54.308] Moving to: [-9.560 -1.230 -5.400]
[12:55:55.336] Arrived at: [-9.560 -1.230 -5.400]
[12:55:55.336] Deliver: 8 FLASH shots
[12:55:57.946] Finished.

[12:55:57.946] Moving to: [-9.560 -0.570 -5.400]
[12:55:58.950] Arrived at: [-9.560 -0.570 -5.400]
[12:55:58.950] Deliver: 8 FLASH shots
[12:56:01.577] Finished.

[12:56:01.578] Moving to: [-10.220 -2.370 -5.400]
[12:56:04.112] Arrived at: [-10.220 -2.370 -5.400]
[12:56:04.112] Deliver: 12 FLASH shots
[12:56:08.056] Finished.

[12:56:08.057] Moving to: [-10.220 -3.030 -5.400]
[12:56:09.070] Arrived at: [-10.220 -3.030 -5.400]
[12:56:09.070] Deliver: 12 FLASH shots
[12:56:12.992] Finished.

[12:56:12.993] Moving to: [-9.560 -3.030 -5.400]
[12:56:14.250] Arrived at: [-9.560 -3.030 -5.400]
[12:56:14.251] Deliver: 12 FLASH shots
[12:56:18.178] Finished.

[12:56:18.178] Moving to: [-9.560 -2.370 -5.400]
[12:56:19.212] Arrived at: [-9.560 -2.370 -5.400]
[12:56:19.212] Deliver: 12 FLASH shots
[12:56:23.119] Finished.

[12:56:23.120] Plan irradiation finished.
